[35m[1mConsolidate compiler generated dependencies of target camera_display_node[0m
[ 50%] [32mBuilding CXX object CMakeFiles/camera_display_node.dir/src/camera.cpp.o[0m
[100%] [32m[1mLinking CXX executable camera_display_node[0m
[100%] Built target camera_display_node
-- Install configuration: ""
-- Installing: /home/fishros/ros2_ws/src/install/camera/lib/camera/camera_display_node
-- Set runtime path of "/home/fishros/ros2_ws/src/install/camera/lib/camera/camera_display_node" to ""
-- Up-to-date: /home/fishros/ros2_ws/src/install/camera/share/ament_index/resource_index/package_run_dependencies/camera
-- Up-to-date: /home/fishros/ros2_ws/src/install/camera/share/ament_index/resource_index/parent_prefix_path/camera
-- Up-to-date: /home/fishros/ros2_ws/src/install/camera/share/camera/environment/ament_prefix_path.sh
-- Up-to-date: /home/fishros/ros2_ws/src/install/camera/share/camera/environment/ament_prefix_path.dsv
-- Up-to-date: /home/fishros/ros2_ws/src/install/camera/share/camera/environment/path.sh
-- Up-to-date: /home/fishros/ros2_ws/src/install/camera/share/camera/environment/path.dsv
-- Up-to-date: /home/fishros/ros2_ws/src/install/camera/share/camera/local_setup.bash
-- Up-to-date: /home/fishros/ros2_ws/src/install/camera/share/camera/local_setup.sh
-- Up-to-date: /home/fishros/ros2_ws/src/install/camera/share/camera/local_setup.zsh
-- Up-to-date: /home/fishros/ros2_ws/src/install/camera/share/camera/local_setup.dsv
-- Installing: /home/fishros/ros2_ws/src/install/camera/share/camera/package.dsv
-- Up-to-date: /home/fishros/ros2_ws/src/install/camera/share/ament_index/resource_index/packages/camera
-- Up-to-date: /home/fishros/ros2_ws/src/install/camera/share/camera/cmake/cameraConfig.cmake
-- Up-to-date: /home/fishros/ros2_ws/src/install/camera/share/camera/cmake/cameraConfig-version.cmake
-- Up-to-date: /home/fishros/ros2_ws/src/install/camera/share/camera/package.xml
