[0.432s] DEBUG:colcon:Command line arguments: ['/usr/bin/colcon', 'build']
[0.432s] DEBUG:colcon:Parsed command line arguments: Namespace(log_base=None, log_level=None, verb_name='build', build_base='build', install_base='install', merge_install=False, symlink_install=False, test_result_base=None, continue_on_error=False, executor='parallel', parallel_workers=20, event_handlers=None, ignore_user_meta=False, metas=['./colcon.meta'], base_paths=['.'], packages_ignore=None, packages_ignore_regex=None, paths=None, packages_up_to=None, packages_up_to_regex=None, packages_above=None, packages_above_and_dependencies=None, packages_above_depth=None, packages_select_by_dep=None, packages_skip_by_dep=None, packages_skip_up_to=None, packages_select_build_failed=False, packages_skip_build_finished=False, packages_select_test_failures=False, packages_skip_test_passed=False, packages_select=None, packages_skip=None, packages_select_regex=None, packages_skip_regex=None, packages_start=None, packages_end=None, allow_overriding=[], cmake_args=None, cmake_target=None, cmake_target_skip_unavailable=False, cmake_clean_cache=False, cmake_clean_first=False, cmake_force_configure=False, ament_cmake_args=None, catkin_cmake_args=None, catkin_skip_building_tests=False, verb_parser=<colcon_defaults.argument_parser.defaults.DefaultArgumentsDecorator object at 0x7fbc4ceedf90>, verb_extension=<colcon_core.verb.build.BuildVerb object at 0x7fbc4ce974f0>, main=<bound method BuildVerb.main of <colcon_core.verb.build.BuildVerb object at 0x7fbc4ce974f0>>)
[0.470s] Level 1:colcon.colcon_core.package_discovery:discover_packages(colcon_meta) check parameters
[0.470s] Level 1:colcon.colcon_core.package_discovery:discover_packages(recursive) check parameters
[0.470s] Level 1:colcon.colcon_core.package_discovery:discover_packages(ignore) check parameters
[0.470s] Level 1:colcon.colcon_core.package_discovery:discover_packages(path) check parameters
[0.470s] Level 1:colcon.colcon_core.package_discovery:discover_packages(colcon_meta) discover
[0.470s] Level 1:colcon.colcon_core.package_discovery:discover_packages(recursive) discover
[0.470s] INFO:colcon.colcon_core.package_discovery:Crawling recursively for packages in '/home/fishros/ros2_ws/src'
[0.470s] Level 1:colcon.colcon_core.package_identification:_identify(.) by extensions ['ignore', 'ignore_ament_install']
[0.470s] Level 1:colcon.colcon_core.package_identification:_identify(.) by extension 'ignore'
[0.470s] Level 1:colcon.colcon_core.package_identification:_identify(.) by extension 'ignore_ament_install'
[0.470s] Level 1:colcon.colcon_core.package_identification:_identify(.) by extensions ['colcon_pkg']
[0.470s] Level 1:colcon.colcon_core.package_identification:_identify(.) by extension 'colcon_pkg'
[0.470s] Level 1:colcon.colcon_core.package_identification:_identify(.) by extensions ['colcon_meta']
[0.470s] Level 1:colcon.colcon_core.package_identification:_identify(.) by extension 'colcon_meta'
[0.470s] Level 1:colcon.colcon_core.package_identification:_identify(.) by extensions ['ros']
[0.471s] Level 1:colcon.colcon_core.package_identification:_identify(.) by extension 'ros'
[0.483s] Level 1:colcon.colcon_core.package_identification:_identify(.) by extensions ['cmake', 'python']
[0.483s] Level 1:colcon.colcon_core.package_identification:_identify(.) by extension 'cmake'
[0.483s] Level 1:colcon.colcon_core.package_identification:_identify(.) by extension 'python'
[0.483s] Level 1:colcon.colcon_core.package_identification:_identify(.) by extensions ['python_setup_py']
[0.483s] Level 1:colcon.colcon_core.package_identification:_identify(.) by extension 'python_setup_py'
[0.483s] Level 1:colcon.colcon_core.package_identification:_identify(build) by extensions ['ignore', 'ignore_ament_install']
[0.484s] Level 1:colcon.colcon_core.package_identification:_identify(build) by extension 'ignore'
[0.484s] Level 1:colcon.colcon_core.package_identification:_identify(build) ignored
[0.484s] Level 1:colcon.colcon_core.package_identification:_identify(camera) by extensions ['ignore', 'ignore_ament_install']
[0.484s] Level 1:colcon.colcon_core.package_identification:_identify(camera) by extension 'ignore'
[0.484s] Level 1:colcon.colcon_core.package_identification:_identify(camera) by extension 'ignore_ament_install'
[0.484s] Level 1:colcon.colcon_core.package_identification:_identify(camera) by extensions ['colcon_pkg']
[0.484s] Level 1:colcon.colcon_core.package_identification:_identify(camera) by extension 'colcon_pkg'
[0.484s] Level 1:colcon.colcon_core.package_identification:_identify(camera) by extensions ['colcon_meta']
[0.484s] Level 1:colcon.colcon_core.package_identification:_identify(camera) by extension 'colcon_meta'
[0.484s] Level 1:colcon.colcon_core.package_identification:_identify(camera) by extensions ['ros']
[0.484s] Level 1:colcon.colcon_core.package_identification:_identify(camera) by extension 'ros'
[0.488s] DEBUG:colcon.colcon_core.package_identification:Package 'camera' with type 'ros.ament_cmake' and name 'camera'
[0.488s] Level 1:colcon.colcon_core.package_identification:_identify(imodo) by extensions ['ignore', 'ignore_ament_install']
[0.488s] Level 1:colcon.colcon_core.package_identification:_identify(imodo) by extension 'ignore'
[0.488s] Level 1:colcon.colcon_core.package_identification:_identify(imodo) by extension 'ignore_ament_install'
[0.488s] Level 1:colcon.colcon_core.package_identification:_identify(imodo) by extensions ['colcon_pkg']
[0.488s] Level 1:colcon.colcon_core.package_identification:_identify(imodo) by extension 'colcon_pkg'
[0.488s] Level 1:colcon.colcon_core.package_identification:_identify(imodo) by extensions ['colcon_meta']
[0.488s] Level 1:colcon.colcon_core.package_identification:_identify(imodo) by extension 'colcon_meta'
[0.488s] Level 1:colcon.colcon_core.package_identification:_identify(imodo) by extensions ['ros']
[0.488s] Level 1:colcon.colcon_core.package_identification:_identify(imodo) by extension 'ros'
[0.488s] DEBUG:colcon.colcon_core.package_identification:Package 'imodo' with type 'ros.ament_cmake' and name 'imodo'
[0.488s] Level 1:colcon.colcon_core.package_identification:_identify(install) by extensions ['ignore', 'ignore_ament_install']
[0.488s] Level 1:colcon.colcon_core.package_identification:_identify(install) by extension 'ignore'
[0.488s] Level 1:colcon.colcon_core.package_identification:_identify(install) ignored
[0.488s] Level 1:colcon.colcon_core.package_identification:_identify(log) by extensions ['ignore', 'ignore_ament_install']
[0.489s] Level 1:colcon.colcon_core.package_identification:_identify(log) by extension 'ignore'
[0.489s] Level 1:colcon.colcon_core.package_identification:_identify(log) ignored
[0.489s] Level 1:colcon.colcon_core.package_identification:_identify(mapcloud) by extensions ['ignore', 'ignore_ament_install']
[0.489s] Level 1:colcon.colcon_core.package_identification:_identify(mapcloud) by extension 'ignore'
[0.489s] Level 1:colcon.colcon_core.package_identification:_identify(mapcloud) by extension 'ignore_ament_install'
[0.489s] Level 1:colcon.colcon_core.package_identification:_identify(mapcloud) by extensions ['colcon_pkg']
[0.489s] Level 1:colcon.colcon_core.package_identification:_identify(mapcloud) by extension 'colcon_pkg'
[0.489s] Level 1:colcon.colcon_core.package_identification:_identify(mapcloud) by extensions ['colcon_meta']
[0.489s] Level 1:colcon.colcon_core.package_identification:_identify(mapcloud) by extension 'colcon_meta'
[0.489s] Level 1:colcon.colcon_core.package_identification:_identify(mapcloud) by extensions ['ros']
[0.489s] Level 1:colcon.colcon_core.package_identification:_identify(mapcloud) by extension 'ros'
[0.489s] DEBUG:colcon.colcon_core.package_identification:Package 'mapcloud' with type 'ros.catkin' and name 'mapcloud'
[0.489s] Level 1:colcon.colcon_core.package_discovery:discover_packages(recursive) using defaults
[0.489s] Level 1:colcon.colcon_core.package_discovery:discover_packages(ignore) discover
[0.489s] Level 1:colcon.colcon_core.package_discovery:discover_packages(ignore) using defaults
[0.489s] Level 1:colcon.colcon_core.package_discovery:discover_packages(path) discover
[0.489s] Level 1:colcon.colcon_core.package_discovery:discover_packages(path) using defaults
[0.556s] Level 1:colcon.colcon_core.package_discovery:discover_packages(prefix_path) check parameters
[0.556s] Level 1:colcon.colcon_core.package_discovery:discover_packages(prefix_path) discover
[0.573s] DEBUG:colcon.colcon_installed_package_information.package_discovery:Found 284 installed packages in /opt/ros/rolling
[0.574s] Level 1:colcon.colcon_core.package_discovery:discover_packages(prefix_path) using defaults
[0.624s] Level 5:colcon.colcon_core.verb:set package 'camera' build argument 'cmake_args' from command line to 'None'
[0.624s] Level 5:colcon.colcon_core.verb:set package 'camera' build argument 'cmake_target' from command line to 'None'
[0.624s] Level 5:colcon.colcon_core.verb:set package 'camera' build argument 'cmake_target_skip_unavailable' from command line to 'False'
[0.624s] Level 5:colcon.colcon_core.verb:set package 'camera' build argument 'cmake_clean_cache' from command line to 'False'
[0.624s] Level 5:colcon.colcon_core.verb:set package 'camera' build argument 'cmake_clean_first' from command line to 'False'
[0.624s] Level 5:colcon.colcon_core.verb:set package 'camera' build argument 'cmake_force_configure' from command line to 'False'
[0.624s] Level 5:colcon.colcon_core.verb:set package 'camera' build argument 'ament_cmake_args' from command line to 'None'
[0.624s] Level 5:colcon.colcon_core.verb:set package 'camera' build argument 'catkin_cmake_args' from command line to 'None'
[0.624s] Level 5:colcon.colcon_core.verb:set package 'camera' build argument 'catkin_skip_building_tests' from command line to 'False'
[0.624s] DEBUG:colcon.colcon_core.verb:Building package 'camera' with the following arguments: {'ament_cmake_args': None, 'build_base': '/home/fishros/ros2_ws/src/build/camera', 'catkin_cmake_args': None, 'catkin_skip_building_tests': False, 'cmake_args': None, 'cmake_clean_cache': False, 'cmake_clean_first': False, 'cmake_force_configure': False, 'cmake_target': None, 'cmake_target_skip_unavailable': False, 'install_base': '/home/fishros/ros2_ws/src/install/camera', 'merge_install': False, 'path': '/home/fishros/ros2_ws/src/camera', 'symlink_install': False, 'test_result_base': None}
[0.630s] Level 5:colcon.colcon_core.verb:set package 'imodo' build argument 'cmake_args' from command line to 'None'
[0.630s] Level 5:colcon.colcon_core.verb:set package 'imodo' build argument 'cmake_target' from command line to 'None'
[0.630s] Level 5:colcon.colcon_core.verb:set package 'imodo' build argument 'cmake_target_skip_unavailable' from command line to 'False'
[0.630s] Level 5:colcon.colcon_core.verb:set package 'imodo' build argument 'cmake_clean_cache' from command line to 'False'
[0.630s] Level 5:colcon.colcon_core.verb:set package 'imodo' build argument 'cmake_clean_first' from command line to 'False'
[0.630s] Level 5:colcon.colcon_core.verb:set package 'imodo' build argument 'cmake_force_configure' from command line to 'False'
[0.630s] Level 5:colcon.colcon_core.verb:set package 'imodo' build argument 'ament_cmake_args' from command line to 'None'
[0.630s] Level 5:colcon.colcon_core.verb:set package 'imodo' build argument 'catkin_cmake_args' from command line to 'None'
[0.630s] Level 5:colcon.colcon_core.verb:set package 'imodo' build argument 'catkin_skip_building_tests' from command line to 'False'
[0.630s] DEBUG:colcon.colcon_core.verb:Building package 'imodo' with the following arguments: {'ament_cmake_args': None, 'build_base': '/home/fishros/ros2_ws/src/build/imodo', 'catkin_cmake_args': None, 'catkin_skip_building_tests': False, 'cmake_args': None, 'cmake_clean_cache': False, 'cmake_clean_first': False, 'cmake_force_configure': False, 'cmake_target': None, 'cmake_target_skip_unavailable': False, 'install_base': '/home/fishros/ros2_ws/src/install/imodo', 'merge_install': False, 'path': '/home/fishros/ros2_ws/src/imodo', 'symlink_install': False, 'test_result_base': None}
[0.636s] Level 5:colcon.colcon_core.verb:set package 'mapcloud' build argument 'cmake_args' from command line to 'None'
[0.636s] Level 5:colcon.colcon_core.verb:set package 'mapcloud' build argument 'cmake_target' from command line to 'None'
[0.637s] Level 5:colcon.colcon_core.verb:set package 'mapcloud' build argument 'cmake_target_skip_unavailable' from command line to 'False'
[0.637s] Level 5:colcon.colcon_core.verb:set package 'mapcloud' build argument 'cmake_clean_cache' from command line to 'False'
[0.637s] Level 5:colcon.colcon_core.verb:set package 'mapcloud' build argument 'cmake_clean_first' from command line to 'False'
[0.637s] Level 5:colcon.colcon_core.verb:set package 'mapcloud' build argument 'cmake_force_configure' from command line to 'False'
[0.637s] Level 5:colcon.colcon_core.verb:set package 'mapcloud' build argument 'ament_cmake_args' from command line to 'None'
[0.637s] Level 5:colcon.colcon_core.verb:set package 'mapcloud' build argument 'catkin_cmake_args' from command line to 'None'
[0.637s] Level 5:colcon.colcon_core.verb:set package 'mapcloud' build argument 'catkin_skip_building_tests' from command line to 'False'
[0.637s] DEBUG:colcon.colcon_core.verb:Building package 'mapcloud' with the following arguments: {'ament_cmake_args': None, 'build_base': '/home/fishros/ros2_ws/src/build/mapcloud', 'catkin_cmake_args': None, 'catkin_skip_building_tests': False, 'cmake_args': None, 'cmake_clean_cache': False, 'cmake_clean_first': False, 'cmake_force_configure': False, 'cmake_target': None, 'cmake_target_skip_unavailable': False, 'install_base': '/home/fishros/ros2_ws/src/install/mapcloud', 'merge_install': False, 'path': '/home/fishros/ros2_ws/src/mapcloud', 'symlink_install': False, 'test_result_base': None}
[0.643s] INFO:colcon.colcon_core.executor:Executing jobs using 'parallel' executor
[0.650s] DEBUG:colcon.colcon_parallel_executor.executor.parallel:run_until_complete
[0.651s] INFO:colcon.colcon_ros.task.ament_cmake.build:Building ROS package in '/home/fishros/ros2_ws/src/camera' with build type 'ament_cmake'
[0.651s] INFO:colcon.colcon_cmake.task.cmake.build:Building CMake package in '/home/fishros/ros2_ws/src/camera'
[0.662s] INFO:colcon.colcon_core.plugin_system:Skipping extension 'colcon_core.shell.bat': Not used on non-Windows systems
[0.662s] INFO:colcon.colcon_core.shell:Skip shell extension 'powershell' for command environment: Not usable outside of PowerShell
[0.662s] DEBUG:colcon.colcon_core.shell:Skip shell extension 'dsv' for command environment
[0.679s] INFO:colcon.colcon_ros.task.ament_cmake.build:Building ROS package in '/home/fishros/ros2_ws/src/imodo' with build type 'ament_cmake'
[0.679s] INFO:colcon.colcon_cmake.task.cmake.build:Building CMake package in '/home/fishros/ros2_ws/src/imodo'
[0.687s] INFO:colcon.colcon_core.shell:Skip shell extension 'powershell' for command environment: Not usable outside of PowerShell
[0.687s] DEBUG:colcon.colcon_core.shell:Skip shell extension 'dsv' for command environment
[0.701s] INFO:colcon.colcon_ros.task.catkin.build:Building ROS package in '/home/fishros/ros2_ws/src/mapcloud' with build type 'catkin'
[0.702s] INFO:colcon.colcon_cmake.task.cmake.build:Building CMake package in '/home/fishros/ros2_ws/src/mapcloud'
[0.710s] INFO:colcon.colcon_core.shell:Skip shell extension 'powershell' for command environment: Not usable outside of PowerShell
[0.710s] DEBUG:colcon.colcon_core.shell:Skip shell extension 'dsv' for command environment
[0.728s] DEBUG:colcon.colcon_core.event_handler.log_command:Invoking command in '/home/fishros/ros2_ws/src/build/camera': CMAKE_PREFIX_PATH=/opt/ros/rolling /usr/bin/cmake --build /home/fishros/ros2_ws/src/build/camera -- -j20 -l20
[0.731s] DEBUG:colcon.colcon_core.event_handler.log_command:Invoking command in '/home/fishros/ros2_ws/src/build/imodo': CMAKE_PREFIX_PATH=/opt/ros/rolling /usr/bin/cmake --build /home/fishros/ros2_ws/src/build/imodo -- -j20 -l20
[0.733s] DEBUG:colcon.colcon_core.event_handler.log_command:Invoking command in '/home/fishros/ros2_ws/src/build/mapcloud': /usr/bin/cmake --build /home/fishros/ros2_ws/src/build/mapcloud -- -j20 -l20
[0.772s] DEBUG:colcon.colcon_core.event_handler.log_command:Invoked command in '/home/fishros/ros2_ws/src/build/camera' returned '0': CMAKE_PREFIX_PATH=/opt/ros/rolling /usr/bin/cmake --build /home/fishros/ros2_ws/src/build/camera -- -j20 -l20
[0.774s] DEBUG:colcon.colcon_core.event_handler.log_command:Invoked command in '/home/fishros/ros2_ws/src/build/imodo' returned '0': CMAKE_PREFIX_PATH=/opt/ros/rolling /usr/bin/cmake --build /home/fishros/ros2_ws/src/build/imodo -- -j20 -l20
[0.791s] DEBUG:colcon.colcon_core.event_handler.log_command:Invoking command in '/home/fishros/ros2_ws/src/build/camera': CMAKE_PREFIX_PATH=/opt/ros/rolling /usr/bin/cmake --install /home/fishros/ros2_ws/src/build/camera
[0.793s] DEBUG:colcon.colcon_core.event_handler.log_command:Invoking command in '/home/fishros/ros2_ws/src/build/imodo': CMAKE_PREFIX_PATH=/opt/ros/rolling /usr/bin/cmake --install /home/fishros/ros2_ws/src/build/imodo
[0.800s] Level 1:colcon.colcon_core.environment:create_environment_scripts_only(camera)
[0.800s] DEBUG:colcon.colcon_core.event_handler.log_command:Invoked command in '/home/fishros/ros2_ws/src/build/camera' returned '0': CMAKE_PREFIX_PATH=/opt/ros/rolling /usr/bin/cmake --install /home/fishros/ros2_ws/src/build/camera
[0.807s] Level 1:colcon.colcon_core.environment:checking '/home/fishros/ros2_ws/src/install/camera' for CMake module files
[0.808s] Level 1:colcon.colcon_core.environment:checking '/home/fishros/ros2_ws/src/install/camera' for CMake config files
[0.808s] Level 1:colcon.colcon_core.shell:create_environment_hook('camera', 'cmake_prefix_path')
[0.814s] INFO:colcon.colcon_core.shell:Creating environment hook '/home/fishros/ros2_ws/src/install/camera/share/camera/hook/cmake_prefix_path.ps1'
[0.814s] INFO:colcon.colcon_core.shell:Creating environment descriptor '/home/fishros/ros2_ws/src/install/camera/share/camera/hook/cmake_prefix_path.dsv'
[0.815s] INFO:colcon.colcon_core.shell:Creating environment hook '/home/fishros/ros2_ws/src/install/camera/share/camera/hook/cmake_prefix_path.sh'
[0.815s] Level 1:colcon.colcon_core.environment:checking '/home/fishros/ros2_ws/src/install/camera/lib'
[0.815s] Level 1:colcon.colcon_core.environment:checking '/home/fishros/ros2_ws/src/install/camera/bin'
[0.815s] Level 1:colcon.colcon_core.environment:checking '/home/fishros/ros2_ws/src/install/camera/lib/pkgconfig/camera.pc'
[0.815s] Level 1:colcon.colcon_core.environment:checking '/home/fishros/ros2_ws/src/install/camera/lib/python3.10/site-packages'
[0.815s] Level 1:colcon.colcon_core.environment:checking '/home/fishros/ros2_ws/src/install/camera/bin'
[0.821s] INFO:colcon.colcon_core.shell:Creating package script '/home/fishros/ros2_ws/src/install/camera/share/camera/package.ps1'
[0.821s] INFO:colcon.colcon_core.shell:Creating package descriptor '/home/fishros/ros2_ws/src/install/camera/share/camera/package.dsv'
[0.822s] INFO:colcon.colcon_core.shell:Creating package script '/home/fishros/ros2_ws/src/install/camera/share/camera/package.sh'
[0.822s] INFO:colcon.colcon_core.shell:Creating package script '/home/fishros/ros2_ws/src/install/camera/share/camera/package.bash'
[0.823s] INFO:colcon.colcon_core.shell:Creating package script '/home/fishros/ros2_ws/src/install/camera/share/camera/package.zsh'
[0.823s] Level 1:colcon.colcon_core.environment:create_file_with_runtime_dependencies(/home/fishros/ros2_ws/src/install/camera/share/colcon-core/packages/camera)
[0.824s] Level 1:colcon.colcon_core.environment:create_environment_scripts_only(imodo)
[0.824s] DEBUG:colcon.colcon_core.event_handler.log_command:Invoked command in '/home/fishros/ros2_ws/src/build/imodo' returned '0': CMAKE_PREFIX_PATH=/opt/ros/rolling /usr/bin/cmake --install /home/fishros/ros2_ws/src/build/imodo
[0.830s] Level 1:colcon.colcon_core.environment:checking '/home/fishros/ros2_ws/src/install/imodo' for CMake module files
[0.831s] Level 1:colcon.colcon_core.environment:checking '/home/fishros/ros2_ws/src/install/imodo' for CMake config files
[0.831s] Level 1:colcon.colcon_core.shell:create_environment_hook('imodo', 'cmake_prefix_path')
[0.836s] INFO:colcon.colcon_core.shell:Creating environment hook '/home/fishros/ros2_ws/src/install/imodo/share/imodo/hook/cmake_prefix_path.ps1'
[0.836s] INFO:colcon.colcon_core.shell:Creating environment descriptor '/home/fishros/ros2_ws/src/install/imodo/share/imodo/hook/cmake_prefix_path.dsv'
[0.836s] INFO:colcon.colcon_core.shell:Creating environment hook '/home/fishros/ros2_ws/src/install/imodo/share/imodo/hook/cmake_prefix_path.sh'
[0.837s] Level 1:colcon.colcon_core.environment:checking '/home/fishros/ros2_ws/src/install/imodo/lib'
[0.837s] Level 1:colcon.colcon_core.environment:checking '/home/fishros/ros2_ws/src/install/imodo/bin'
[0.837s] Level 1:colcon.colcon_core.environment:checking '/home/fishros/ros2_ws/src/install/imodo/lib/pkgconfig/imodo.pc'
[0.837s] Level 1:colcon.colcon_core.environment:checking '/home/fishros/ros2_ws/src/install/imodo/lib/python3.10/site-packages'
[0.837s] Level 1:colcon.colcon_core.environment:checking '/home/fishros/ros2_ws/src/install/imodo/bin'
[0.843s] INFO:colcon.colcon_core.shell:Creating package script '/home/fishros/ros2_ws/src/install/imodo/share/imodo/package.ps1'
[0.843s] INFO:colcon.colcon_core.shell:Creating package descriptor '/home/fishros/ros2_ws/src/install/imodo/share/imodo/package.dsv'
[0.843s] INFO:colcon.colcon_core.shell:Creating package script '/home/fishros/ros2_ws/src/install/imodo/share/imodo/package.sh'
[0.844s] INFO:colcon.colcon_core.shell:Creating package script '/home/fishros/ros2_ws/src/install/imodo/share/imodo/package.bash'
[0.844s] INFO:colcon.colcon_core.shell:Creating package script '/home/fishros/ros2_ws/src/install/imodo/share/imodo/package.zsh'
[0.844s] Level 1:colcon.colcon_core.environment:create_file_with_runtime_dependencies(/home/fishros/ros2_ws/src/install/imodo/share/colcon-core/packages/imodo)
[0.853s] Level 1:colcon.colcon_core.environment:create_environment_scripts_only(camera)
[0.859s] Level 1:colcon.colcon_core.environment:checking '/home/fishros/ros2_ws/src/install/camera' for CMake module files
[0.859s] Level 1:colcon.colcon_core.environment:checking '/home/fishros/ros2_ws/src/install/camera' for CMake config files
[0.859s] Level 1:colcon.colcon_core.shell:create_environment_hook('camera', 'cmake_prefix_path')
[0.865s] INFO:colcon.colcon_core.shell:Creating environment hook '/home/fishros/ros2_ws/src/install/camera/share/camera/hook/cmake_prefix_path.ps1'
[0.865s] INFO:colcon.colcon_core.shell:Creating environment descriptor '/home/fishros/ros2_ws/src/install/camera/share/camera/hook/cmake_prefix_path.dsv'
[0.865s] INFO:colcon.colcon_core.shell:Creating environment hook '/home/fishros/ros2_ws/src/install/camera/share/camera/hook/cmake_prefix_path.sh'
[0.865s] Level 1:colcon.colcon_core.environment:checking '/home/fishros/ros2_ws/src/install/camera/lib'
[0.866s] Level 1:colcon.colcon_core.environment:checking '/home/fishros/ros2_ws/src/install/camera/bin'
[0.866s] Level 1:colcon.colcon_core.environment:checking '/home/fishros/ros2_ws/src/install/camera/lib/pkgconfig/camera.pc'
[0.866s] Level 1:colcon.colcon_core.environment:checking '/home/fishros/ros2_ws/src/install/camera/lib/python3.10/site-packages'
[0.866s] Level 1:colcon.colcon_core.environment:checking '/home/fishros/ros2_ws/src/install/camera/bin'
[0.872s] INFO:colcon.colcon_core.shell:Creating package script '/home/fishros/ros2_ws/src/install/camera/share/camera/package.ps1'
[0.872s] INFO:colcon.colcon_core.shell:Creating package descriptor '/home/fishros/ros2_ws/src/install/camera/share/camera/package.dsv'
[0.872s] INFO:colcon.colcon_core.shell:Creating package script '/home/fishros/ros2_ws/src/install/camera/share/camera/package.sh'
[0.872s] INFO:colcon.colcon_core.shell:Creating package script '/home/fishros/ros2_ws/src/install/camera/share/camera/package.bash'
[0.873s] INFO:colcon.colcon_core.shell:Creating package script '/home/fishros/ros2_ws/src/install/camera/share/camera/package.zsh'
[0.873s] Level 1:colcon.colcon_core.environment:create_file_with_runtime_dependencies(/home/fishros/ros2_ws/src/install/camera/share/colcon-core/packages/camera)
[0.880s] Level 1:colcon.colcon_core.environment:create_environment_scripts_only(imodo)
[0.886s] Level 1:colcon.colcon_core.environment:checking '/home/fishros/ros2_ws/src/install/imodo' for CMake module files
[0.887s] Level 1:colcon.colcon_core.environment:checking '/home/fishros/ros2_ws/src/install/imodo' for CMake config files
[0.887s] Level 1:colcon.colcon_core.shell:create_environment_hook('imodo', 'cmake_prefix_path')
[0.893s] INFO:colcon.colcon_core.shell:Creating environment hook '/home/fishros/ros2_ws/src/install/imodo/share/imodo/hook/cmake_prefix_path.ps1'
[1.324s] INFO:colcon.colcon_core.shell:Creating environment descriptor '/home/fishros/ros2_ws/src/install/imodo/share/imodo/hook/cmake_prefix_path.dsv'
[1.325s] INFO:colcon.colcon_core.shell:Creating environment hook '/home/fishros/ros2_ws/src/install/imodo/share/imodo/hook/cmake_prefix_path.sh'
[1.326s] Level 1:colcon.colcon_core.environment:checking '/home/fishros/ros2_ws/src/install/imodo/lib'
[1.326s] Level 1:colcon.colcon_core.environment:checking '/home/fishros/ros2_ws/src/install/imodo/bin'
[1.326s] Level 1:colcon.colcon_core.environment:checking '/home/fishros/ros2_ws/src/install/imodo/lib/pkgconfig/imodo.pc'
[1.326s] Level 1:colcon.colcon_core.environment:checking '/home/fishros/ros2_ws/src/install/imodo/lib/python3.10/site-packages'
[1.326s] Level 1:colcon.colcon_core.environment:checking '/home/fishros/ros2_ws/src/install/imodo/bin'
[1.336s] INFO:colcon.colcon_core.shell:Creating package script '/home/fishros/ros2_ws/src/install/imodo/share/imodo/package.ps1'
[1.336s] INFO:colcon.colcon_core.shell:Creating package descriptor '/home/fishros/ros2_ws/src/install/imodo/share/imodo/package.dsv'
[1.337s] INFO:colcon.colcon_core.shell:Creating package script '/home/fishros/ros2_ws/src/install/imodo/share/imodo/package.sh'
[1.337s] INFO:colcon.colcon_core.shell:Creating package script '/home/fishros/ros2_ws/src/install/imodo/share/imodo/package.bash'
[1.337s] INFO:colcon.colcon_core.shell:Creating package script '/home/fishros/ros2_ws/src/install/imodo/share/imodo/package.zsh'
[1.337s] Level 1:colcon.colcon_core.environment:create_file_with_runtime_dependencies(/home/fishros/ros2_ws/src/install/imodo/share/colcon-core/packages/imodo)
[1.834s] DEBUG:colcon.colcon_core.event_handler.log_command:Invoked command in '/home/fishros/ros2_ws/src/build/mapcloud' returned '2': /usr/bin/cmake --build /home/fishros/ros2_ws/src/build/mapcloud -- -j20 -l20
[1.849s] Level 1:colcon.colcon_core.shell:create_environment_hook('mapcloud', 'ros_package_path')
[1.858s] INFO:colcon.colcon_core.shell:Creating environment hook '/home/fishros/ros2_ws/src/install/mapcloud/share/mapcloud/hook/ros_package_path.ps1'
[1.859s] INFO:colcon.colcon_core.shell:Creating environment descriptor '/home/fishros/ros2_ws/src/install/mapcloud/share/mapcloud/hook/ros_package_path.dsv'
[1.859s] INFO:colcon.colcon_core.shell:Creating environment hook '/home/fishros/ros2_ws/src/install/mapcloud/share/mapcloud/hook/ros_package_path.sh'
[1.859s] Level 1:colcon.colcon_core.shell:create_environment_hook('mapcloud', 'pkg_config_path')
[1.867s] INFO:colcon.colcon_core.shell:Creating environment hook '/home/fishros/ros2_ws/src/install/mapcloud/share/mapcloud/hook/pkg_config_path.ps1'
[1.868s] INFO:colcon.colcon_core.shell:Creating environment descriptor '/home/fishros/ros2_ws/src/install/mapcloud/share/mapcloud/hook/pkg_config_path.dsv'
[1.869s] INFO:colcon.colcon_core.shell:Creating environment hook '/home/fishros/ros2_ws/src/install/mapcloud/share/mapcloud/hook/pkg_config_path.sh'
[1.873s] Level 1:colcon.colcon_core.shell:create_environment_hook('mapcloud', 'pkg_config_path_multiarch')
[1.879s] INFO:colcon.colcon_core.shell:Creating environment hook '/home/fishros/ros2_ws/src/install/mapcloud/share/mapcloud/hook/pkg_config_path_multiarch.ps1'
[1.880s] INFO:colcon.colcon_core.shell:Creating environment descriptor '/home/fishros/ros2_ws/src/install/mapcloud/share/mapcloud/hook/pkg_config_path_multiarch.dsv'
[1.880s] INFO:colcon.colcon_core.shell:Creating environment hook '/home/fishros/ros2_ws/src/install/mapcloud/share/mapcloud/hook/pkg_config_path_multiarch.sh'
[1.887s] Level 1:colcon.colcon_core.environment:create_environment_scripts_only(mapcloud)
[1.894s] Level 1:colcon.colcon_core.environment:checking '/home/fishros/ros2_ws/src/install/mapcloud' for CMake module files
[1.894s] Level 1:colcon.colcon_core.environment:checking '/home/fishros/ros2_ws/src/install/mapcloud' for CMake config files
[1.894s] Level 1:colcon.colcon_core.environment:checking '/home/fishros/ros2_ws/src/install/mapcloud/bin'
[1.894s] Level 1:colcon.colcon_core.environment:checking '/home/fishros/ros2_ws/src/install/mapcloud/lib/pkgconfig/mapcloud.pc'
[1.894s] Level 1:colcon.colcon_core.environment:checking '/home/fishros/ros2_ws/src/install/mapcloud/lib/python3.10/site-packages'
[1.894s] Level 1:colcon.colcon_core.environment:checking '/home/fishros/ros2_ws/src/install/mapcloud/bin'
[1.901s] INFO:colcon.colcon_core.shell:Creating package script '/home/fishros/ros2_ws/src/install/mapcloud/share/mapcloud/package.ps1'
[1.902s] INFO:colcon.colcon_core.shell:Creating package descriptor '/home/fishros/ros2_ws/src/install/mapcloud/share/mapcloud/package.dsv'
[1.902s] INFO:colcon.colcon_core.shell:Creating package script '/home/fishros/ros2_ws/src/install/mapcloud/share/mapcloud/package.sh'
[1.903s] INFO:colcon.colcon_core.shell:Creating package script '/home/fishros/ros2_ws/src/install/mapcloud/share/mapcloud/package.bash'
[1.903s] INFO:colcon.colcon_core.shell:Creating package script '/home/fishros/ros2_ws/src/install/mapcloud/share/mapcloud/package.zsh'
[1.903s] Level 1:colcon.colcon_core.environment:create_file_with_runtime_dependencies(/home/fishros/ros2_ws/src/install/mapcloud/share/colcon-core/packages/mapcloud)
[1.913s] DEBUG:colcon.colcon_parallel_executor.executor.parallel:closing loop
[1.914s] DEBUG:colcon.colcon_parallel_executor.executor.parallel:loop closed
[1.914s] DEBUG:colcon.colcon_parallel_executor.executor.parallel:run_until_complete finished with '2'
[1.914s] DEBUG:colcon.colcon_core.event_reactor:joining thread
[1.926s] INFO:colcon.colcon_core.plugin_system:Skipping extension 'colcon_notification.desktop_notification.terminal_notifier': Not used on non-Darwin systems
[1.926s] INFO:colcon.colcon_core.plugin_system:Skipping extension 'colcon_notification.desktop_notification.win32': Not used on non-Windows systems
[1.926s] INFO:colcon.colcon_notification.desktop_notification:Sending desktop notification using 'notify2'
[1.934s] DEBUG:colcon.colcon_core.event_reactor:joined thread
[1.941s] INFO:colcon.colcon_core.shell:Creating prefix script '/home/fishros/ros2_ws/src/install/local_setup.ps1'
[1.942s] INFO:colcon.colcon_core.shell:Creating prefix util module '/home/fishros/ros2_ws/src/install/_local_setup_util_ps1.py'
[1.943s] INFO:colcon.colcon_core.shell:Creating prefix chain script '/home/fishros/ros2_ws/src/install/setup.ps1'
[1.948s] INFO:colcon.colcon_core.shell:Creating prefix script '/home/fishros/ros2_ws/src/install/local_setup.sh'
[1.949s] INFO:colcon.colcon_core.shell:Creating prefix util module '/home/fishros/ros2_ws/src/install/_local_setup_util_sh.py'
[1.949s] INFO:colcon.colcon_core.shell:Creating prefix chain script '/home/fishros/ros2_ws/src/install/setup.sh'
[1.955s] INFO:colcon.colcon_core.shell:Creating prefix script '/home/fishros/ros2_ws/src/install/local_setup.bash'
[1.955s] INFO:colcon.colcon_core.shell:Creating prefix chain script '/home/fishros/ros2_ws/src/install/setup.bash'
[1.962s] INFO:colcon.colcon_core.shell:Creating prefix script '/home/fishros/ros2_ws/src/install/local_setup.zsh'
[1.962s] INFO:colcon.colcon_core.shell:Creating prefix chain script '/home/fishros/ros2_ws/src/install/setup.zsh'
