[0.041s] Invoking command in '/home/fishros/ros2_ws/src/build/camera': CMAKE_PREFIX_PATH=${CMAKE_PREFIX_PATH}:/opt/ros/humble /usr/bin/cmake --build /home/fishros/ros2_ws/src/build/camera -- -j20 -l20
[0.054s] -- Found ament_cmake: 1.3.6 (/opt/ros/humble/share/ament_cmake/cmake)
[0.129s] -- Found rclcpp: 16.0.7 (/opt/ros/humble/share/rclcpp/cmake)
[0.143s] -- Found rosidl_generator_c: 3.1.5 (/opt/ros/humble/share/rosidl_generator_c/cmake)
[0.144s] -- Found rosidl_adapter: 3.1.5 (/opt/ros/humble/share/rosidl_adapter/cmake)
[0.147s] -- Found rosidl_generator_cpp: 3.1.5 (/opt/ros/humble/share/rosidl_generator_cpp/cmake)
[0.153s] -- Using all available rosidl_typesupport_c: rosidl_typesupport_fastrtps_c;rosidl_typesupport_introspection_c
[0.160s] -- Using all available rosidl_typesupport_cpp: rosidl_typesupport_fastrtps_cpp;rosidl_typesupport_introspection_cpp
[0.189s] -- Found rmw_implementation_cmake: 6.1.1 (/opt/ros/humble/share/rmw_implementation_cmake/cmake)
[0.189s] -- Found rmw_fastrtps_cpp: 6.2.5 (/opt/ros/humble/share/rmw_fastrtps_cpp/cmake)
[0.248s] -- Using RMW implementation 'rmw_fastrtps_cpp' as default
[0.335s] -- Found sensor_msgs: 4.2.3 (/opt/ros/humble/share/sensor_msgs/cmake)
[0.401s] -- Found image_transport: 3.1.7 (/opt/ros/humble/share/image_transport/cmake)
[0.418s] -- Found cv_bridge: 3.2.1 (/opt/ros/humble/share/cv_bridge/cmake)
[0.423s] -- Found ament_lint_auto: 0.12.9 (/opt/ros/humble/share/ament_lint_auto/cmake)
[0.463s] -- Added test 'copyright' to check source files copyright and LICENSE
[0.463s] -- Added test 'cppcheck' to perform static code analysis on C / C++ code
[0.463s] -- Configured cppcheck include dirs: 
[0.463s] -- Configured cppcheck exclude dirs and/or files: 
[0.463s] -- Added test 'lint_cmake' to check CMake code style
[0.464s] -- Added test 'uncrustify' to check C / C++ code style
[0.464s] -- Configured uncrustify additional arguments: 
[0.464s] -- Added test 'xmllint' to check XML markup files
[0.464s] -- Configuring done
[0.471s] -- Generating done
[0.472s] -- Build files have been written to: /home/fishros/ros2_ws/src/build/camera
[0.490s] [ 50%] [32mBuilding CXX object CMakeFiles/camera_display_node.dir/src/camera.cpp.o[0m
[2.310s] [100%] [32m[1mLinking CXX executable camera_display_node[0m
[2.921s] [100%] Built target camera_display_node
[2.926s] Invoked command in '/home/fishros/ros2_ws/src/build/camera' returned '0': CMAKE_PREFIX_PATH=${CMAKE_PREFIX_PATH}:/opt/ros/humble /usr/bin/cmake --build /home/fishros/ros2_ws/src/build/camera -- -j20 -l20
[2.942s] Invoking command in '/home/fishros/ros2_ws/src/build/camera': CMAKE_PREFIX_PATH=${CMAKE_PREFIX_PATH}:/opt/ros/humble /usr/bin/cmake --install /home/fishros/ros2_ws/src/build/camera
[2.946s] -- Install configuration: ""
[2.946s] -- Installing: /home/fishros/ros2_ws/src/install/camera/lib/camera/camera_display_node
[2.946s] -- Set runtime path of "/home/fishros/ros2_ws/src/install/camera/lib/camera/camera_display_node" to ""
[2.946s] -- Up-to-date: /home/fishros/ros2_ws/src/install/camera/share/ament_index/resource_index/package_run_dependencies/camera
[2.946s] -- Installing: /home/fishros/ros2_ws/src/install/camera/share/ament_index/resource_index/parent_prefix_path/camera
[2.946s] -- Up-to-date: /home/fishros/ros2_ws/src/install/camera/share/camera/environment/ament_prefix_path.sh
[2.946s] -- Installing: /home/fishros/ros2_ws/src/install/camera/share/camera/environment/ament_prefix_path.dsv
[2.946s] -- Up-to-date: /home/fishros/ros2_ws/src/install/camera/share/camera/environment/path.sh
[2.946s] -- Installing: /home/fishros/ros2_ws/src/install/camera/share/camera/environment/path.dsv
[2.946s] -- Up-to-date: /home/fishros/ros2_ws/src/install/camera/share/camera/local_setup.bash
[2.946s] -- Up-to-date: /home/fishros/ros2_ws/src/install/camera/share/camera/local_setup.sh
[2.946s] -- Up-to-date: /home/fishros/ros2_ws/src/install/camera/share/camera/local_setup.zsh
[2.946s] -- Installing: /home/fishros/ros2_ws/src/install/camera/share/camera/local_setup.dsv
[2.947s] -- Installing: /home/fishros/ros2_ws/src/install/camera/share/camera/package.dsv
[2.947s] -- Up-to-date: /home/fishros/ros2_ws/src/install/camera/share/ament_index/resource_index/packages/camera
[2.947s] -- Up-to-date: /home/fishros/ros2_ws/src/install/camera/share/camera/cmake/cameraConfig.cmake
[2.947s] -- Up-to-date: /home/fishros/ros2_ws/src/install/camera/share/camera/cmake/cameraConfig-version.cmake
[2.947s] -- Up-to-date: /home/fishros/ros2_ws/src/install/camera/share/camera/package.xml
[2.948s] Invoked command in '/home/fishros/ros2_ws/src/build/camera' returned '0': CMAKE_PREFIX_PATH=${CMAKE_PREFIX_PATH}:/opt/ros/humble /usr/bin/cmake --install /home/fishros/ros2_ws/src/build/camera
