[0.029s] Invoking command in '/home/fishros/ros2_ws/src/build/imodo': CMAKE_PREFIX_PATH=${CMAKE_PREFIX_PATH}:/opt/ros/humble /usr/bin/cmake --build /home/fishros/ros2_ws/src/build/imodo -- -j20 -l20
[0.039s] -- Found rclcpp: 16.0.7 (/opt/ros/humble/share/rclcpp/cmake)
[0.122s] -- Found rosidl_generator_c: 3.1.5 (/opt/ros/humble/share/rosidl_generator_c/cmake)
[0.123s] -- Found rosidl_adapter: 3.1.5 (/opt/ros/humble/share/rosidl_adapter/cmake)
[0.126s] -- Found rosidl_generator_cpp: 3.1.5 (/opt/ros/humble/share/rosidl_generator_cpp/cmake)
[0.131s] -- Using all available rosidl_typesupport_c: rosidl_typesupport_fastrtps_c;rosidl_typesupport_introspection_c
[0.138s] -- Using all available rosidl_typesupport_cpp: rosidl_typesupport_fastrtps_cpp;rosidl_typesupport_introspection_cpp
[0.166s] -- Found rmw_implementation_cmake: 6.1.1 (/opt/ros/humble/share/rmw_implementation_cmake/cmake)
[0.167s] -- Found rmw_fastrtps_cpp: 6.2.5 (/opt/ros/humble/share/rmw_fastrtps_cpp/cmake)
[0.221s] -- Using RMW implementation 'rmw_fastrtps_cpp' as default
[0.298s] -- Found sensor_msgs: 4.2.3 (/opt/ros/humble/share/sensor_msgs/cmake)
[0.360s] -- Found nav_msgs: 4.2.3 (/opt/ros/humble/share/nav_msgs/cmake)
[0.401s] -- Configuring incomplete, errors occurred!
[0.401s] See also "/home/fishros/ros2_ws/src/build/imodo/CMakeFiles/CMakeOutput.log".
[0.401s] [31mCMake Error at /opt/ros/humble/share/ament_cmake_target_dependencies/cmake/ament_target_dependencies.cmake:42 (message):
[0.401s]   ament_target_dependencies() the first argument must be a valid target name
[0.401s] Call Stack (most recent call first):
[0.402s]   CMakeLists.txt:16 (ament_target_dependencies)
[0.402s] 
[0.402s] [0m
[0.405s] gmake: *** [Makefile:226：cmake_check_build_system] 错误 1
[0.407s] Invoked command in '/home/fishros/ros2_ws/src/build/imodo' returned '2': CMAKE_PREFIX_PATH=${CMAKE_PREFIX_PATH}:/opt/ros/humble /usr/bin/cmake --build /home/fishros/ros2_ws/src/build/imodo -- -j20 -l20
