[0.055s] Invoking command in '/home/fishros/ros2_ws/src/build/camera': CMAKE_PREFIX_PATH=${CMAKE_PREFIX_PATH}:/opt/ros/humble /usr/bin/cmake --build /home/fishros/ros2_ws/src/build/camera -- -j20 -l20
[0.075s] [35m[1mConsolidate compiler generated dependencies of target camera_display_node[0m
[0.083s] [100%] Built target camera_display_node
[0.089s] Invoked command in '/home/fishros/ros2_ws/src/build/camera' returned '0': CMAKE_PREFIX_PATH=${CMAKE_PREFIX_PATH}:/opt/ros/humble /usr/bin/cmake --build /home/fishros/ros2_ws/src/build/camera -- -j20 -l20
[0.104s] Invoking command in '/home/fishros/ros2_ws/src/build/camera': CMAKE_PREFIX_PATH=${CMAKE_PREFIX_PATH}:/opt/ros/humble /usr/bin/cmake --install /home/fishros/ros2_ws/src/build/camera
[0.107s] -- Install configuration: ""
[0.108s] -- Installing: /home/fishros/ros2_ws/src/install/camera/lib/camera/camera_display_node
[0.108s] -- Set runtime path of "/home/fishros/ros2_ws/src/install/camera/lib/camera/camera_display_node" to ""
[0.108s] -- Installing: /home/fishros/ros2_ws/src/install/camera/share/ament_index/resource_index/package_run_dependencies/camera
[0.108s] -- Installing: /home/fishros/ros2_ws/src/install/camera/share/ament_index/resource_index/parent_prefix_path/camera
[0.109s] -- Installing: /home/fishros/ros2_ws/src/install/camera/share/camera/environment/ament_prefix_path.sh
[0.109s] -- Installing: /home/fishros/ros2_ws/src/install/camera/share/camera/environment/ament_prefix_path.dsv
[0.109s] -- Installing: /home/fishros/ros2_ws/src/install/camera/share/camera/environment/path.sh
[0.109s] -- Installing: /home/fishros/ros2_ws/src/install/camera/share/camera/environment/path.dsv
[0.110s] -- Installing: /home/fishros/ros2_ws/src/install/camera/share/camera/local_setup.bash
[0.110s] -- Installing: /home/fishros/ros2_ws/src/install/camera/share/camera/local_setup.sh
[0.111s] -- Installing: /home/fishros/ros2_ws/src/install/camera/share/camera/local_setup.zsh
[0.111s] -- Installing: /home/fishros/ros2_ws/src/install/camera/share/camera/local_setup.dsv
[0.111s] -- Installing: /home/fishros/ros2_ws/src/install/camera/share/camera/package.dsv
[0.112s] -- Installing: /home/fishros/ros2_ws/src/install/camera/share/ament_index/resource_index/packages/camera
[0.112s] -- Installing: /home/fishros/ros2_ws/src/install/camera/share/camera/cmake/cameraConfig.cmake
[0.112s] -- Installing: /home/fishros/ros2_ws/src/install/camera/share/camera/cmake/cameraConfig-version.cmake
[0.113s] -- Installing: /home/fishros/ros2_ws/src/install/camera/share/camera/package.xml
[0.114s] Invoked command in '/home/fishros/ros2_ws/src/build/camera' returned '0': CMAKE_PREFIX_PATH=${CMAKE_PREFIX_PATH}:/opt/ros/humble /usr/bin/cmake --install /home/fishros/ros2_ws/src/build/camera
