[0.029s] Invoking command in '/home/fishros/ros2_ws/src/build/mapcloud': /usr/bin/cmake --build /home/fishros/ros2_ws/src/build/mapcloud -- -j20 -l20
[0.046s] -- Found ament_cmake: 2.3.0 (/opt/ros/rolling/share/ament_cmake/cmake)
[0.133s] -- Found rclcpp: 23.2.0 (/opt/ros/rolling/share/rclcpp/cmake)
[0.148s] -- Found rosidl_generator_c: 4.4.1 (/opt/ros/rolling/share/rosidl_generator_c/cmake)
[0.152s] -- Found rosidl_generator_cpp: 4.4.1 (/opt/ros/rolling/share/rosidl_generator_cpp/cmake)
[0.158s] -- Using all available rosidl_typesupport_c: rosidl_typesupport_fastrtps_c;rosidl_typesupport_introspection_c
[0.167s] -- Using all available rosidl_typesupport_cpp: rosidl_typesupport_fastrtps_cpp;rosidl_typesupport_introspection_cpp
[0.248s] -- Found rmw_implementation_cmake: 7.2.1 (/opt/ros/rolling/share/rmw_implementation_cmake/cmake)
[0.249s] -- Found rmw_fastrtps_cpp: 7.6.0 (/opt/ros/rolling/share/rmw_fastrtps_cpp/cmake)
[0.306s] -- Using RMW implementation 'rmw_fastrtps_cpp' as default
[0.395s] -- Found nav_msgs: 5.2.0 (/opt/ros/rolling/share/nav_msgs/cmake)
[0.537s] -- Found sensor_msgs: 5.2.0 (/opt/ros/rolling/share/sensor_msgs/cmake)
[0.599s] -- Found cv_bridge: 3.4.0 (/opt/ros/rolling/share/cv_bridge/cmake)
[0.617s] [31mCMake Error at CMakeLists.txt:10 (find_package):
[0.617s]   By not providing "Findpcl.cmake" in CMAKE_MODULE_PATH this project has
[0.617s]   asked CMake to find a package configuration file provided by "pcl", but
[0.617s]   CMake did not find one.
[0.617s] 
[0.617s]   Could not find a package configuration file provided by "pcl" with any of
[0.617s]   the following names:
[0.617s] 
[0.617s]     pclConfig.cmake
[0.617s]     pcl-config.cmake
[0.617s] 
[0.617s]   Add the installation prefix of "pcl" to CMAKE_PREFIX_PATH or set "pcl_DIR"
[0.617s]   to a directory containing one of the above files.  If "pcl" provides a
[0.617s]   separate development package or SDK, be sure it has been installed.
[0.617s] 
[0.617s] [0m
[0.617s] -- Configuring incomplete, errors occurred!
[0.617s] See also "/home/fishros/ros2_ws/src/build/mapcloud/CMakeFiles/CMakeOutput.log".
[0.623s] gmake: *** [Makefile:267: cmake_check_build_system] Error 1
[0.624s] Invoked command in '/home/fishros/ros2_ws/src/build/mapcloud' returned '2': /usr/bin/cmake --build /home/fishros/ros2_ws/src/build/mapcloud -- -j20 -l20
