[0.028s] Invoking command in '/home/fishros/ros2_ws/build/imodo': CMAKE_PREFIX_PATH=${CMAKE_PREFIX_PATH}:/opt/ros/humble /usr/bin/cmake --build /home/fishros/ros2_ws/build/imodo -- -j20 -l20
[0.039s] -- Found rclcpp: 16.0.7 (/opt/ros/humble/share/rclcpp/cmake)
[0.129s] -- Found rosidl_generator_c: 3.1.5 (/opt/ros/humble/share/rosidl_generator_c/cmake)
[0.132s] -- Found rosidl_adapter: 3.1.5 (/opt/ros/humble/share/rosidl_adapter/cmake)
[0.135s] -- Found rosidl_generator_cpp: 3.1.5 (/opt/ros/humble/share/rosidl_generator_cpp/cmake)
[0.141s] -- Using all available rosidl_typesupport_c: rosidl_typesupport_fastrtps_c;rosidl_typesupport_introspection_c
[0.151s] -- Using all available rosidl_typesupport_cpp: rosidl_typesupport_fastrtps_cpp;rosidl_typesupport_introspection_cpp
[0.184s] -- Found rmw_implementation_cmake: 6.1.1 (/opt/ros/humble/share/rmw_implementation_cmake/cmake)
[0.185s] -- Found rmw_fastrtps_cpp: 6.2.5 (/opt/ros/humble/share/rmw_fastrtps_cpp/cmake)
[0.229s] -- Found OpenSSL: /usr/lib/x86_64-linux-gnu/libcrypto.so (found version "3.0.2")  
[0.241s] -- Found FastRTPS: /opt/ros/humble/include  
[0.262s] -- Using RMW implementation 'rmw_fastrtps_cpp' as default
[0.266s] -- Looking for pthread.h
[0.298s] -- Looking for pthread.h - found
[0.299s] -- Performing Test CMAKE_HAVE_LIBC_PTHREAD
[0.333s] -- Performing Test CMAKE_HAVE_LIBC_PTHREAD - Success
[0.333s] -- Found Threads: TRUE  
[0.410s] -- Found sensor_msgs: 4.2.3 (/opt/ros/humble/share/sensor_msgs/cmake)
[0.475s] -- Found nav_msgs: 4.2.3 (/opt/ros/humble/share/nav_msgs/cmake)
[0.518s] -- Found ament_lint_auto: 0.12.9 (/opt/ros/humble/share/ament_lint_auto/cmake)
[0.550s] -- Added test 'cppcheck' to perform static code analysis on C / C++ code
[0.550s] -- Configured cppcheck include dirs: 
[0.550s] -- Configured cppcheck exclude dirs and/or files: 
[0.550s] -- Added test 'lint_cmake' to check CMake code style
[0.550s] -- Added test 'uncrustify' to check C / C++ code style
[0.550s] -- Configured uncrustify additional arguments: 
[0.551s] -- Added test 'xmllint' to check XML markup files
[0.551s] -- Configuring done
[0.552s] [31mCMake Error at CMakeLists.txt:13 (add_executable):
[0.552s]   Cannot find source file:
[0.552s] 
[0.552s]     src/your_node_source.cpp
[0.552s] 
[0.552s]   Tried extensions .c .C .c++ .cc .cpp .cxx .cu .mpp .m .M .mm .ixx .cppm .h
[0.552s]   .hh .h++ .hm .hpp .hxx .in .txx .f .F .for .f77 .f90 .f95 .f03 .hip .ispc
[0.553s] 
[0.553s] [0m
[0.553s] [31mCMake Error at CMakeLists.txt:13 (add_executable):
[0.553s]   No SOURCES given to target: your_node_name
[0.553s] 
[0.553s] [0m
[0.553s] [0mCMake Generate step failed.  Build files cannot be regenerated correctly.[0m
[0.556s] gmake: *** [Makefile:226：cmake_check_build_system] 错误 1
[0.558s] Invoked command in '/home/fishros/ros2_ws/build/imodo' returned '2': CMAKE_PREFIX_PATH=${CMAKE_PREFIX_PATH}:/opt/ros/humble /usr/bin/cmake --build /home/fishros/ros2_ws/build/imodo -- -j20 -l20
