[0.981s] Invoking command in '/home/fishros/ros2_ws/src/build/camera': CMAKE_PREFIX_PATH=${CMAKE_PREFIX_PATH}:/opt/ros/rolling /usr/bin/cmake --build /home/fishros/ros2_ws/src/build/camera -- -j20 -l20
[1.008s] [100%] Built target camera_display_node
[1.013s] Invoked command in '/home/fishros/ros2_ws/src/build/camera' returned '0': CMAKE_PREFIX_PATH=${CMAKE_PREFIX_PATH}:/opt/ros/rolling /usr/bin/cmake --build /home/fishros/ros2_ws/src/build/camera -- -j20 -l20
[1.027s] Invoking command in '/home/fishros/ros2_ws/src/build/camera': CMAKE_PREFIX_PATH=${CMAKE_PREFIX_PATH}:/opt/ros/rolling /usr/bin/cmake --install /home/fishros/ros2_ws/src/build/camera
[1.030s] -- Install configuration: ""
[1.030s] -- Installing: /home/fishros/ros2_ws/src/install/camera/lib/camera/camera_display_node
[1.031s] -- Set runtime path of "/home/fishros/ros2_ws/src/install/camera/lib/camera/camera_display_node" to ""
[1.031s] -- Installing: /home/fishros/ros2_ws/src/install/camera/share/ament_index/resource_index/package_run_dependencies/camera
[1.031s] -- Installing: /home/fishros/ros2_ws/src/install/camera/share/ament_index/resource_index/parent_prefix_path/camera
[1.031s] -- Installing: /home/fishros/ros2_ws/src/install/camera/share/camera/environment/ament_prefix_path.sh
[1.031s] -- Installing: /home/fishros/ros2_ws/src/install/camera/share/camera/environment/ament_prefix_path.dsv
[1.031s] -- Installing: /home/fishros/ros2_ws/src/install/camera/share/camera/environment/path.sh
[1.031s] -- Installing: /home/fishros/ros2_ws/src/install/camera/share/camera/environment/path.dsv
[1.031s] -- Installing: /home/fishros/ros2_ws/src/install/camera/share/camera/local_setup.bash
[1.031s] -- Installing: /home/fishros/ros2_ws/src/install/camera/share/camera/local_setup.sh
[1.031s] -- Installing: /home/fishros/ros2_ws/src/install/camera/share/camera/local_setup.zsh
[1.031s] -- Installing: /home/fishros/ros2_ws/src/install/camera/share/camera/local_setup.dsv
[1.031s] -- Installing: /home/fishros/ros2_ws/src/install/camera/share/camera/package.dsv
[1.031s] -- Installing: /home/fishros/ros2_ws/src/install/camera/share/ament_index/resource_index/packages/camera
[1.031s] -- Installing: /home/fishros/ros2_ws/src/install/camera/share/camera/cmake/cameraConfig.cmake
[1.031s] -- Installing: /home/fishros/ros2_ws/src/install/camera/share/camera/cmake/cameraConfig-version.cmake
[1.031s] -- Installing: /home/fishros/ros2_ws/src/install/camera/share/camera/package.xml
[1.032s] Invoked command in '/home/fishros/ros2_ws/src/build/camera' returned '0': CMAKE_PREFIX_PATH=${CMAKE_PREFIX_PATH}:/opt/ros/rolling /usr/bin/cmake --install /home/fishros/ros2_ws/src/build/camera
