[0.042s] Invoking command in '/home/fishros/ros2_ws/src/build/imodo': CMAKE_PREFIX_PATH=/opt/ros/rolling /usr/bin/cmake --build /home/fishros/ros2_ws/src/build/imodo -- -j20 -l20
[0.069s] [100%] Built target imodo
[0.077s] Invoked command in '/home/fishros/ros2_ws/src/build/imodo' returned '0': CMAKE_PREFIX_PATH=/opt/ros/rolling /usr/bin/cmake --build /home/fishros/ros2_ws/src/build/imodo -- -j20 -l20
[0.094s] Invoking command in '/home/fishros/ros2_ws/src/build/imodo': CMAKE_PREFIX_PATH=/opt/ros/rolling /usr/bin/cmake --install /home/fishros/ros2_ws/src/build/imodo
[0.098s] -- Install configuration: ""
[0.098s] -- Up-to-date: /home/fishros/ros2_ws/src/install/imodo/lib/imodo/imodo
[0.099s] -- Up-to-date: /home/fishros/ros2_ws/src/install/imodo/share/imodo/launch
[0.099s] -- Up-to-date: /home/fishros/ros2_ws/src/install/imodo/share/imodo/package.xml
[0.099s] -- Up-to-date: /home/fishros/ros2_ws/src/install/imodo/share/ament_index/resource_index/package_run_dependencies/imodo
[0.099s] -- Up-to-date: /home/fishros/ros2_ws/src/install/imodo/share/ament_index/resource_index/parent_prefix_path/imodo
[0.099s] -- Up-to-date: /home/fishros/ros2_ws/src/install/imodo/share/imodo/environment/ament_prefix_path.sh
[0.099s] -- Up-to-date: /home/fishros/ros2_ws/src/install/imodo/share/imodo/environment/ament_prefix_path.dsv
[0.099s] -- Up-to-date: /home/fishros/ros2_ws/src/install/imodo/share/imodo/environment/path.sh
[0.099s] -- Up-to-date: /home/fishros/ros2_ws/src/install/imodo/share/imodo/environment/path.dsv
[0.099s] -- Up-to-date: /home/fishros/ros2_ws/src/install/imodo/share/imodo/local_setup.bash
[0.099s] -- Up-to-date: /home/fishros/ros2_ws/src/install/imodo/share/imodo/local_setup.sh
[0.099s] -- Up-to-date: /home/fishros/ros2_ws/src/install/imodo/share/imodo/local_setup.zsh
[0.099s] -- Up-to-date: /home/fishros/ros2_ws/src/install/imodo/share/imodo/local_setup.dsv
[0.100s] -- Installing: /home/fishros/ros2_ws/src/install/imodo/share/imodo/package.dsv
[0.101s] -- Up-to-date: /home/fishros/ros2_ws/src/install/imodo/share/ament_index/resource_index/packages/imodo
[0.101s] -- Up-to-date: /home/fishros/ros2_ws/src/install/imodo/share/imodo/cmake/imodoConfig.cmake
[0.101s] -- Up-to-date: /home/fishros/ros2_ws/src/install/imodo/share/imodo/cmake/imodoConfig-version.cmake
[0.101s] -- Up-to-date: /home/fishros/ros2_ws/src/install/imodo/share/imodo/package.xml
[0.105s] Invoked command in '/home/fishros/ros2_ws/src/build/imodo' returned '0': CMAKE_PREFIX_PATH=/opt/ros/rolling /usr/bin/cmake --install /home/fishros/ros2_ws/src/build/imodo
