[0.056s] Invoking command in '/home/fishros/ros2_ws/src/build/camera': CMAKE_PREFIX_PATH=/opt/ros/rolling /usr/bin/cmake --build /home/fishros/ros2_ws/src/build/camera -- -j20 -l20
[0.084s] [100%] Built target camera_display_node
[0.090s] Invoked command in '/home/fishros/ros2_ws/src/build/camera' returned '0': CMAKE_PREFIX_PATH=/opt/ros/rolling /usr/bin/cmake --build /home/fishros/ros2_ws/src/build/camera -- -j20 -l20
[0.104s] Invoking command in '/home/fishros/ros2_ws/src/build/camera': CMAKE_PREFIX_PATH=/opt/ros/rolling /usr/bin/cmake --install /home/fishros/ros2_ws/src/build/camera
[0.108s] -- Install configuration: ""
[0.108s] -- Up-to-date: /home/fishros/ros2_ws/src/install/camera/lib/camera/camera_display_node
[0.108s] -- Up-to-date: /home/fishros/ros2_ws/src/install/camera/share/ament_index/resource_index/package_run_dependencies/camera
[0.108s] -- Up-to-date: /home/fishros/ros2_ws/src/install/camera/share/ament_index/resource_index/parent_prefix_path/camera
[0.108s] -- Up-to-date: /home/fishros/ros2_ws/src/install/camera/share/camera/environment/ament_prefix_path.sh
[0.108s] -- Up-to-date: /home/fishros/ros2_ws/src/install/camera/share/camera/environment/ament_prefix_path.dsv
[0.109s] -- Up-to-date: /home/fishros/ros2_ws/src/install/camera/share/camera/environment/path.sh
[0.109s] -- Up-to-date: /home/fishros/ros2_ws/src/install/camera/share/camera/environment/path.dsv
[0.109s] -- Up-to-date: /home/fishros/ros2_ws/src/install/camera/share/camera/local_setup.bash
[0.109s] -- Up-to-date: /home/fishros/ros2_ws/src/install/camera/share/camera/local_setup.sh
[0.109s] -- Up-to-date: /home/fishros/ros2_ws/src/install/camera/share/camera/local_setup.zsh
[0.109s] -- Up-to-date: /home/fishros/ros2_ws/src/install/camera/share/camera/local_setup.dsv
[0.110s] -- Installing: /home/fishros/ros2_ws/src/install/camera/share/camera/package.dsv
[0.110s] -- Up-to-date: /home/fishros/ros2_ws/src/install/camera/share/ament_index/resource_index/packages/camera
[0.110s] -- Up-to-date: /home/fishros/ros2_ws/src/install/camera/share/camera/cmake/cameraConfig.cmake
[0.110s] -- Up-to-date: /home/fishros/ros2_ws/src/install/camera/share/camera/cmake/cameraConfig-version.cmake
[0.111s] -- Up-to-date: /home/fishros/ros2_ws/src/install/camera/share/camera/package.xml
[0.114s] Invoked command in '/home/fishros/ros2_ws/src/build/camera' returned '0': CMAKE_PREFIX_PATH=/opt/ros/rolling /usr/bin/cmake --install /home/fishros/ros2_ws/src/build/camera
