[0.053s] Invoking command in '/home/fishros/ros2_ws/build/camera': CMAKE_PREFIX_PATH=${CMAKE_PREFIX_PATH}:/opt/ros/humble /usr/bin/cmake --build /home/fishros/ros2_ws/build/camera -- -j20 -l20
[0.074s] [35m[1mConsolidate compiler generated dependencies of target camera_display_node[0m
[0.082s] [100%] Built target camera_display_node
[0.088s] Invoked command in '/home/fishros/ros2_ws/build/camera' returned '0': CMAKE_PREFIX_PATH=${CMAKE_PREFIX_PATH}:/opt/ros/humble /usr/bin/cmake --build /home/fishros/ros2_ws/build/camera -- -j20 -l20
[0.102s] Invoking command in '/home/fishros/ros2_ws/build/camera': CMAKE_PREFIX_PATH=${CMAKE_PREFIX_PATH}:/opt/ros/humble /usr/bin/cmake --install /home/fishros/ros2_ws/build/camera
[0.105s] -- Install configuration: ""
[0.105s] -- Up-to-date: /home/fishros/ros2_ws/install/camera/lib/camera/camera_display_node
[0.105s] -- Up-to-date: /home/fishros/ros2_ws/install/camera/share/ament_index/resource_index/package_run_dependencies/camera
[0.105s] -- Up-to-date: /home/fishros/ros2_ws/install/camera/share/ament_index/resource_index/parent_prefix_path/camera
[0.105s] -- Up-to-date: /home/fishros/ros2_ws/install/camera/share/camera/environment/ament_prefix_path.sh
[0.105s] -- Up-to-date: /home/fishros/ros2_ws/install/camera/share/camera/environment/ament_prefix_path.dsv
[0.105s] -- Up-to-date: /home/fishros/ros2_ws/install/camera/share/camera/environment/path.sh
[0.105s] -- Up-to-date: /home/fishros/ros2_ws/install/camera/share/camera/environment/path.dsv
[0.105s] -- Up-to-date: /home/fishros/ros2_ws/install/camera/share/camera/local_setup.bash
[0.105s] -- Up-to-date: /home/fishros/ros2_ws/install/camera/share/camera/local_setup.sh
[0.105s] -- Up-to-date: /home/fishros/ros2_ws/install/camera/share/camera/local_setup.zsh
[0.105s] -- Up-to-date: /home/fishros/ros2_ws/install/camera/share/camera/local_setup.dsv
[0.105s] -- Installing: /home/fishros/ros2_ws/install/camera/share/camera/package.dsv
[0.105s] -- Up-to-date: /home/fishros/ros2_ws/install/camera/share/ament_index/resource_index/packages/camera
[0.105s] -- Up-to-date: /home/fishros/ros2_ws/install/camera/share/camera/cmake/cameraConfig.cmake
[0.105s] -- Up-to-date: /home/fishros/ros2_ws/install/camera/share/camera/cmake/cameraConfig-version.cmake
[0.105s] -- Up-to-date: /home/fishros/ros2_ws/install/camera/share/camera/package.xml
[0.106s] Invoked command in '/home/fishros/ros2_ws/build/camera' returned '0': CMAKE_PREFIX_PATH=${CMAKE_PREFIX_PATH}:/opt/ros/humble /usr/bin/cmake --install /home/fishros/ros2_ws/build/camera
