[100%] Built target imodo
-- Install configuration: ""
-- Up-to-date: /home/fishros/ros2_ws/src/install/imodo/lib/imodo/imodo
-- Up-to-date: /home/fishros/ros2_ws/src/install/imodo/share/imodo/launch
-- Up-to-date: /home/fishros/ros2_ws/src/install/imodo/share/imodo/package.xml
-- Up-to-date: /home/fishros/ros2_ws/src/install/imodo/share/ament_index/resource_index/package_run_dependencies/imodo
-- Up-to-date: /home/fishros/ros2_ws/src/install/imodo/share/ament_index/resource_index/parent_prefix_path/imodo
-- Up-to-date: /home/fishros/ros2_ws/src/install/imodo/share/imodo/environment/ament_prefix_path.sh
-- Up-to-date: /home/fishros/ros2_ws/src/install/imodo/share/imodo/environment/ament_prefix_path.dsv
-- Up-to-date: /home/fishros/ros2_ws/src/install/imodo/share/imodo/environment/path.sh
-- Up-to-date: /home/fishros/ros2_ws/src/install/imodo/share/imodo/environment/path.dsv
-- Up-to-date: /home/fishros/ros2_ws/src/install/imodo/share/imodo/local_setup.bash
-- Up-to-date: /home/fishros/ros2_ws/src/install/imodo/share/imodo/local_setup.sh
-- Up-to-date: /home/fishros/ros2_ws/src/install/imodo/share/imodo/local_setup.zsh
-- Up-to-date: /home/fishros/ros2_ws/src/install/imodo/share/imodo/local_setup.dsv
-- Installing: /home/fishros/ros2_ws/src/install/imodo/share/imodo/package.dsv
-- Up-to-date: /home/fishros/ros2_ws/src/install/imodo/share/ament_index/resource_index/packages/imodo
-- Up-to-date: /home/fishros/ros2_ws/src/install/imodo/share/imodo/cmake/imodoConfig.cmake
-- Up-to-date: /home/fishros/ros2_ws/src/install/imodo/share/imodo/cmake/imodoConfig-version.cmake
-- Up-to-date: /home/fishros/ros2_ws/src/install/imodo/share/imodo/package.xml
