[0.417s] DEBUG:colcon:Command line arguments: ['/usr/bin/colcon', 'build']
[0.417s] DEBUG:colcon:Parsed command line arguments: Namespace(log_base=None, log_level=None, verb_name='build', build_base='build', install_base='install', merge_install=False, symlink_install=False, test_result_base=None, continue_on_error=False, executor='parallel', parallel_workers=20, event_handlers=None, ignore_user_meta=False, metas=['./colcon.meta'], base_paths=['.'], packages_ignore=None, packages_ignore_regex=None, paths=None, packages_up_to=None, packages_up_to_regex=None, packages_above=None, packages_above_and_dependencies=None, packages_above_depth=None, packages_select_by_dep=None, packages_skip_by_dep=None, packages_skip_up_to=None, packages_select_build_failed=False, packages_skip_build_finished=False, packages_select_test_failures=False, packages_skip_test_passed=False, packages_select=None, packages_skip=None, packages_select_regex=None, packages_skip_regex=None, packages_start=None, packages_end=None, allow_overriding=[], cmake_args=None, cmake_target=None, cmake_target_skip_unavailable=False, cmake_clean_cache=False, cmake_clean_first=False, cmake_force_configure=False, ament_cmake_args=None, catkin_cmake_args=None, catkin_skip_building_tests=False, verb_parser=<colcon_defaults.argument_parser.defaults.DefaultArgumentsDecorator object at 0x7f82b7ee8ac0>, verb_extension=<colcon_core.verb.build.BuildVerb object at 0x7f82b7e6f940>, main=<bound method BuildVerb.main of <colcon_core.verb.build.BuildVerb object at 0x7f82b7e6f940>>)
[0.437s] Level 1:colcon.colcon_core.package_discovery:discover_packages(colcon_meta) check parameters
[0.437s] Level 1:colcon.colcon_core.package_discovery:discover_packages(recursive) check parameters
[0.437s] Level 1:colcon.colcon_core.package_discovery:discover_packages(ignore) check parameters
[0.437s] Level 1:colcon.colcon_core.package_discovery:discover_packages(path) check parameters
[0.437s] Level 1:colcon.colcon_core.package_discovery:discover_packages(colcon_meta) discover
[0.437s] Level 1:colcon.colcon_core.package_discovery:discover_packages(recursive) discover
[0.438s] INFO:colcon.colcon_core.package_discovery:Crawling recursively for packages in '/home/fishros/ros2_ws/src'
[0.438s] Level 1:colcon.colcon_core.package_identification:_identify(.) by extensions ['ignore', 'ignore_ament_install']
[0.438s] Level 1:colcon.colcon_core.package_identification:_identify(.) by extension 'ignore'
[0.438s] Level 1:colcon.colcon_core.package_identification:_identify(.) by extension 'ignore_ament_install'
[0.438s] Level 1:colcon.colcon_core.package_identification:_identify(.) by extensions ['colcon_pkg']
[0.438s] Level 1:colcon.colcon_core.package_identification:_identify(.) by extension 'colcon_pkg'
[0.438s] Level 1:colcon.colcon_core.package_identification:_identify(.) by extensions ['colcon_meta']
[0.438s] Level 1:colcon.colcon_core.package_identification:_identify(.) by extension 'colcon_meta'
[0.438s] Level 1:colcon.colcon_core.package_identification:_identify(.) by extensions ['ros']
[0.438s] Level 1:colcon.colcon_core.package_identification:_identify(.) by extension 'ros'
[0.444s] Level 1:colcon.colcon_core.package_identification:_identify(.) by extensions ['cmake', 'python']
[0.444s] Level 1:colcon.colcon_core.package_identification:_identify(.) by extension 'cmake'
[0.444s] Level 1:colcon.colcon_core.package_identification:_identify(.) by extension 'python'
[0.444s] Level 1:colcon.colcon_core.package_identification:_identify(.) by extensions ['python_setup_py']
[0.444s] Level 1:colcon.colcon_core.package_identification:_identify(.) by extension 'python_setup_py'
[0.444s] Level 1:colcon.colcon_core.package_identification:_identify(build) by extensions ['ignore', 'ignore_ament_install']
[0.444s] Level 1:colcon.colcon_core.package_identification:_identify(build) by extension 'ignore'
[0.444s] Level 1:colcon.colcon_core.package_identification:_identify(build) ignored
[0.444s] Level 1:colcon.colcon_core.package_identification:_identify(camera) by extensions ['ignore', 'ignore_ament_install']
[0.444s] Level 1:colcon.colcon_core.package_identification:_identify(camera) by extension 'ignore'
[0.444s] Level 1:colcon.colcon_core.package_identification:_identify(camera) by extension 'ignore_ament_install'
[0.444s] Level 1:colcon.colcon_core.package_identification:_identify(camera) by extensions ['colcon_pkg']
[0.444s] Level 1:colcon.colcon_core.package_identification:_identify(camera) by extension 'colcon_pkg'
[0.444s] Level 1:colcon.colcon_core.package_identification:_identify(camera) by extensions ['colcon_meta']
[0.444s] Level 1:colcon.colcon_core.package_identification:_identify(camera) by extension 'colcon_meta'
[0.444s] Level 1:colcon.colcon_core.package_identification:_identify(camera) by extensions ['ros']
[0.444s] Level 1:colcon.colcon_core.package_identification:_identify(camera) by extension 'ros'
[0.446s] DEBUG:colcon.colcon_core.package_identification:Package 'camera' with type 'ros.ament_cmake' and name 'camera'
[0.446s] Level 1:colcon.colcon_core.package_identification:_identify(imodo) by extensions ['ignore', 'ignore_ament_install']
[0.446s] Level 1:colcon.colcon_core.package_identification:_identify(imodo) by extension 'ignore'
[0.446s] Level 1:colcon.colcon_core.package_identification:_identify(imodo) by extension 'ignore_ament_install'
[0.446s] Level 1:colcon.colcon_core.package_identification:_identify(imodo) by extensions ['colcon_pkg']
[0.446s] Level 1:colcon.colcon_core.package_identification:_identify(imodo) by extension 'colcon_pkg'
[0.446s] Level 1:colcon.colcon_core.package_identification:_identify(imodo) by extensions ['colcon_meta']
[0.446s] Level 1:colcon.colcon_core.package_identification:_identify(imodo) by extension 'colcon_meta'
[0.446s] Level 1:colcon.colcon_core.package_identification:_identify(imodo) by extensions ['ros']
[0.446s] Level 1:colcon.colcon_core.package_identification:_identify(imodo) by extension 'ros'
[0.446s] DEBUG:colcon.colcon_core.package_identification:Package 'imodo' with type 'ros.ament_cmake' and name 'imodo'
[0.446s] Level 1:colcon.colcon_core.package_identification:_identify(install) by extensions ['ignore', 'ignore_ament_install']
[0.446s] Level 1:colcon.colcon_core.package_identification:_identify(install) by extension 'ignore'
[0.446s] Level 1:colcon.colcon_core.package_identification:_identify(install) ignored
[0.446s] Level 1:colcon.colcon_core.package_identification:_identify(log) by extensions ['ignore', 'ignore_ament_install']
[0.446s] Level 1:colcon.colcon_core.package_identification:_identify(log) by extension 'ignore'
[0.446s] Level 1:colcon.colcon_core.package_identification:_identify(log) ignored
[0.446s] Level 1:colcon.colcon_core.package_discovery:discover_packages(recursive) using defaults
[0.446s] Level 1:colcon.colcon_core.package_discovery:discover_packages(ignore) discover
[0.446s] Level 1:colcon.colcon_core.package_discovery:discover_packages(ignore) using defaults
[0.446s] Level 1:colcon.colcon_core.package_discovery:discover_packages(path) discover
[0.446s] Level 1:colcon.colcon_core.package_discovery:discover_packages(path) using defaults
[0.485s] Level 1:colcon.colcon_core.package_discovery:discover_packages(prefix_path) check parameters
[0.485s] Level 1:colcon.colcon_core.package_discovery:discover_packages(prefix_path) discover
[0.497s] DEBUG:colcon.colcon_installed_package_information.package_discovery:Found 2 installed packages in /home/fishros/ros2_ws/install
[0.504s] DEBUG:colcon.colcon_installed_package_information.package_discovery:Found 328 installed packages in /opt/ros/humble
[0.504s] Level 1:colcon.colcon_core.package_discovery:discover_packages(prefix_path) using defaults
[0.560s] Level 5:colcon.colcon_core.verb:set package 'camera' build argument 'cmake_args' from command line to 'None'
[0.560s] Level 5:colcon.colcon_core.verb:set package 'camera' build argument 'cmake_target' from command line to 'None'
[0.560s] Level 5:colcon.colcon_core.verb:set package 'camera' build argument 'cmake_target_skip_unavailable' from command line to 'False'
[0.560s] Level 5:colcon.colcon_core.verb:set package 'camera' build argument 'cmake_clean_cache' from command line to 'False'
[0.560s] Level 5:colcon.colcon_core.verb:set package 'camera' build argument 'cmake_clean_first' from command line to 'False'
[0.560s] Level 5:colcon.colcon_core.verb:set package 'camera' build argument 'cmake_force_configure' from command line to 'False'
[0.560s] Level 5:colcon.colcon_core.verb:set package 'camera' build argument 'ament_cmake_args' from command line to 'None'
[0.560s] Level 5:colcon.colcon_core.verb:set package 'camera' build argument 'catkin_cmake_args' from command line to 'None'
[0.560s] Level 5:colcon.colcon_core.verb:set package 'camera' build argument 'catkin_skip_building_tests' from command line to 'False'
[0.560s] DEBUG:colcon.colcon_core.verb:Building package 'camera' with the following arguments: {'ament_cmake_args': None, 'build_base': '/home/fishros/ros2_ws/src/build/camera', 'catkin_cmake_args': None, 'catkin_skip_building_tests': False, 'cmake_args': None, 'cmake_clean_cache': False, 'cmake_clean_first': False, 'cmake_force_configure': False, 'cmake_target': None, 'cmake_target_skip_unavailable': False, 'install_base': '/home/fishros/ros2_ws/src/install/camera', 'merge_install': False, 'path': '/home/fishros/ros2_ws/src/camera', 'symlink_install': False, 'test_result_base': None}
[0.566s] Level 5:colcon.colcon_core.verb:set package 'imodo' build argument 'cmake_args' from command line to 'None'
[0.566s] Level 5:colcon.colcon_core.verb:set package 'imodo' build argument 'cmake_target' from command line to 'None'
[0.566s] Level 5:colcon.colcon_core.verb:set package 'imodo' build argument 'cmake_target_skip_unavailable' from command line to 'False'
[0.566s] Level 5:colcon.colcon_core.verb:set package 'imodo' build argument 'cmake_clean_cache' from command line to 'False'
[0.566s] Level 5:colcon.colcon_core.verb:set package 'imodo' build argument 'cmake_clean_first' from command line to 'False'
[0.566s] Level 5:colcon.colcon_core.verb:set package 'imodo' build argument 'cmake_force_configure' from command line to 'False'
[0.566s] Level 5:colcon.colcon_core.verb:set package 'imodo' build argument 'ament_cmake_args' from command line to 'None'
[0.566s] Level 5:colcon.colcon_core.verb:set package 'imodo' build argument 'catkin_cmake_args' from command line to 'None'
[0.566s] Level 5:colcon.colcon_core.verb:set package 'imodo' build argument 'catkin_skip_building_tests' from command line to 'False'
[0.566s] DEBUG:colcon.colcon_core.verb:Building package 'imodo' with the following arguments: {'ament_cmake_args': None, 'build_base': '/home/fishros/ros2_ws/src/build/imodo', 'catkin_cmake_args': None, 'catkin_skip_building_tests': False, 'cmake_args': None, 'cmake_clean_cache': False, 'cmake_clean_first': False, 'cmake_force_configure': False, 'cmake_target': None, 'cmake_target_skip_unavailable': False, 'install_base': '/home/fishros/ros2_ws/src/install/imodo', 'merge_install': False, 'path': '/home/fishros/ros2_ws/src/imodo', 'symlink_install': False, 'test_result_base': None}
[0.572s] INFO:colcon.colcon_core.executor:Executing jobs using 'parallel' executor
[0.579s] DEBUG:colcon.colcon_parallel_executor.executor.parallel:run_until_complete
[0.579s] INFO:colcon.colcon_ros.task.ament_cmake.build:Building ROS package in '/home/fishros/ros2_ws/src/camera' with build type 'ament_cmake'
[0.579s] INFO:colcon.colcon_cmake.task.cmake.build:Building CMake package in '/home/fishros/ros2_ws/src/camera'
[0.586s] INFO:colcon.colcon_core.plugin_system:Skipping extension 'colcon_core.shell.bat': Not used on non-Windows systems
[0.586s] INFO:colcon.colcon_core.shell:Skip shell extension 'powershell' for command environment: Not usable outside of PowerShell
[0.586s] DEBUG:colcon.colcon_core.shell:Skip shell extension 'dsv' for command environment
[0.605s] INFO:colcon.colcon_ros.task.ament_cmake.build:Building ROS package in '/home/fishros/ros2_ws/src/imodo' with build type 'ament_cmake'
[0.605s] INFO:colcon.colcon_cmake.task.cmake.build:Building CMake package in '/home/fishros/ros2_ws/src/imodo'
[0.612s] INFO:colcon.colcon_core.shell:Skip shell extension 'powershell' for command environment: Not usable outside of PowerShell
[0.612s] DEBUG:colcon.colcon_core.shell:Skip shell extension 'dsv' for command environment
[0.634s] DEBUG:colcon.colcon_core.event_handler.log_command:Invoking command in '/home/fishros/ros2_ws/src/build/camera': CMAKE_PREFIX_PATH=${CMAKE_PREFIX_PATH}:/opt/ros/humble /usr/bin/cmake --build /home/fishros/ros2_ws/src/build/camera -- -j20 -l20
[0.637s] DEBUG:colcon.colcon_core.event_handler.log_command:Invoking command in '/home/fishros/ros2_ws/src/build/imodo': CMAKE_PREFIX_PATH=${CMAKE_PREFIX_PATH}:/opt/ros/humble /usr/bin/cmake --build /home/fishros/ros2_ws/src/build/imodo -- -j20 -l20
[0.669s] DEBUG:colcon.colcon_core.event_handler.log_command:Invoked command in '/home/fishros/ros2_ws/src/build/camera' returned '0': CMAKE_PREFIX_PATH=${CMAKE_PREFIX_PATH}:/opt/ros/humble /usr/bin/cmake --build /home/fishros/ros2_ws/src/build/camera -- -j20 -l20
[0.683s] DEBUG:colcon.colcon_core.event_handler.log_command:Invoking command in '/home/fishros/ros2_ws/src/build/camera': CMAKE_PREFIX_PATH=${CMAKE_PREFIX_PATH}:/opt/ros/humble /usr/bin/cmake --install /home/fishros/ros2_ws/src/build/camera
[0.693s] Level 1:colcon.colcon_core.environment:create_environment_scripts_only(camera)
[0.693s] DEBUG:colcon.colcon_core.event_handler.log_command:Invoked command in '/home/fishros/ros2_ws/src/build/camera' returned '0': CMAKE_PREFIX_PATH=${CMAKE_PREFIX_PATH}:/opt/ros/humble /usr/bin/cmake --install /home/fishros/ros2_ws/src/build/camera
[0.701s] Level 1:colcon.colcon_core.environment:checking '/home/fishros/ros2_ws/src/install/camera' for CMake module files
[0.702s] Level 1:colcon.colcon_core.environment:checking '/home/fishros/ros2_ws/src/install/camera' for CMake config files
[0.702s] Level 1:colcon.colcon_core.shell:create_environment_hook('camera', 'cmake_prefix_path')
[0.715s] INFO:colcon.colcon_core.shell:Creating environment hook '/home/fishros/ros2_ws/src/install/camera/share/camera/hook/cmake_prefix_path.ps1'
[0.715s] INFO:colcon.colcon_core.shell:Creating environment descriptor '/home/fishros/ros2_ws/src/install/camera/share/camera/hook/cmake_prefix_path.dsv'
[0.715s] INFO:colcon.colcon_core.shell:Creating environment hook '/home/fishros/ros2_ws/src/install/camera/share/camera/hook/cmake_prefix_path.sh'
[0.716s] Level 1:colcon.colcon_core.environment:checking '/home/fishros/ros2_ws/src/install/camera/lib'
[0.716s] Level 1:colcon.colcon_core.environment:checking '/home/fishros/ros2_ws/src/install/camera/bin'
[0.716s] Level 1:colcon.colcon_core.environment:checking '/home/fishros/ros2_ws/src/install/camera/lib/pkgconfig/camera.pc'
[0.716s] Level 1:colcon.colcon_core.environment:checking '/home/fishros/ros2_ws/src/install/camera/lib/python3.10/site-packages'
[0.716s] Level 1:colcon.colcon_core.environment:checking '/home/fishros/ros2_ws/src/install/camera/bin'
[0.722s] INFO:colcon.colcon_core.shell:Creating package script '/home/fishros/ros2_ws/src/install/camera/share/camera/package.ps1'
[0.722s] INFO:colcon.colcon_core.shell:Creating package descriptor '/home/fishros/ros2_ws/src/install/camera/share/camera/package.dsv'
[0.722s] INFO:colcon.colcon_core.shell:Creating package script '/home/fishros/ros2_ws/src/install/camera/share/camera/package.sh'
[0.723s] INFO:colcon.colcon_core.shell:Creating package script '/home/fishros/ros2_ws/src/install/camera/share/camera/package.bash'
[0.723s] INFO:colcon.colcon_core.shell:Creating package script '/home/fishros/ros2_ws/src/install/camera/share/camera/package.zsh'
[0.723s] Level 1:colcon.colcon_core.environment:create_file_with_runtime_dependencies(/home/fishros/ros2_ws/src/install/camera/share/colcon-core/packages/camera)
[0.740s] Level 1:colcon.colcon_core.environment:create_environment_scripts_only(camera)
[0.746s] Level 1:colcon.colcon_core.environment:checking '/home/fishros/ros2_ws/src/install/camera' for CMake module files
[0.746s] Level 1:colcon.colcon_core.environment:checking '/home/fishros/ros2_ws/src/install/camera' for CMake config files
[0.746s] Level 1:colcon.colcon_core.shell:create_environment_hook('camera', 'cmake_prefix_path')
[0.752s] INFO:colcon.colcon_core.shell:Creating environment hook '/home/fishros/ros2_ws/src/install/camera/share/camera/hook/cmake_prefix_path.ps1'
[0.752s] INFO:colcon.colcon_core.shell:Creating environment descriptor '/home/fishros/ros2_ws/src/install/camera/share/camera/hook/cmake_prefix_path.dsv'
[0.752s] INFO:colcon.colcon_core.shell:Creating environment hook '/home/fishros/ros2_ws/src/install/camera/share/camera/hook/cmake_prefix_path.sh'
[0.752s] Level 1:colcon.colcon_core.environment:checking '/home/fishros/ros2_ws/src/install/camera/lib'
[0.752s] Level 1:colcon.colcon_core.environment:checking '/home/fishros/ros2_ws/src/install/camera/bin'
[0.752s] Level 1:colcon.colcon_core.environment:checking '/home/fishros/ros2_ws/src/install/camera/lib/pkgconfig/camera.pc'
[0.752s] Level 1:colcon.colcon_core.environment:checking '/home/fishros/ros2_ws/src/install/camera/lib/python3.10/site-packages'
[0.752s] Level 1:colcon.colcon_core.environment:checking '/home/fishros/ros2_ws/src/install/camera/bin'
[0.758s] INFO:colcon.colcon_core.shell:Creating package script '/home/fishros/ros2_ws/src/install/camera/share/camera/package.ps1'
[0.758s] INFO:colcon.colcon_core.shell:Creating package descriptor '/home/fishros/ros2_ws/src/install/camera/share/camera/package.dsv'
[0.759s] INFO:colcon.colcon_core.shell:Creating package script '/home/fishros/ros2_ws/src/install/camera/share/camera/package.sh'
[0.761s] INFO:colcon.colcon_core.shell:Creating package script '/home/fishros/ros2_ws/src/install/camera/share/camera/package.bash'
[0.761s] INFO:colcon.colcon_core.shell:Creating package script '/home/fishros/ros2_ws/src/install/camera/share/camera/package.zsh'
[0.761s] Level 1:colcon.colcon_core.environment:create_file_with_runtime_dependencies(/home/fishros/ros2_ws/src/install/camera/share/colcon-core/packages/camera)
[6.959s] DEBUG:colcon.colcon_core.event_handler.log_command:Invoked command in '/home/fishros/ros2_ws/src/build/imodo' returned '0': CMAKE_PREFIX_PATH=${CMAKE_PREFIX_PATH}:/opt/ros/humble /usr/bin/cmake --build /home/fishros/ros2_ws/src/build/imodo -- -j20 -l20
[6.970s] DEBUG:colcon.colcon_core.event_handler.log_command:Invoking command in '/home/fishros/ros2_ws/src/build/imodo': CMAKE_PREFIX_PATH=${CMAKE_PREFIX_PATH}:/opt/ros/humble /usr/bin/cmake --install /home/fishros/ros2_ws/src/build/imodo
[6.975s] Level 1:colcon.colcon_core.environment:create_environment_scripts_only(imodo)
[6.975s] DEBUG:colcon.colcon_core.event_handler.log_command:Invoked command in '/home/fishros/ros2_ws/src/build/imodo' returned '0': CMAKE_PREFIX_PATH=${CMAKE_PREFIX_PATH}:/opt/ros/humble /usr/bin/cmake --install /home/fishros/ros2_ws/src/build/imodo
[6.981s] Level 1:colcon.colcon_core.environment:checking '/home/fishros/ros2_ws/src/install/imodo' for CMake module files
[6.981s] Level 1:colcon.colcon_core.environment:checking '/home/fishros/ros2_ws/src/install/imodo' for CMake config files
[6.981s] Level 1:colcon.colcon_core.shell:create_environment_hook('imodo', 'cmake_prefix_path')
[6.986s] INFO:colcon.colcon_core.shell:Creating environment hook '/home/fishros/ros2_ws/src/install/imodo/share/imodo/hook/cmake_prefix_path.ps1'
[6.987s] INFO:colcon.colcon_core.shell:Creating environment descriptor '/home/fishros/ros2_ws/src/install/imodo/share/imodo/hook/cmake_prefix_path.dsv'
[6.987s] INFO:colcon.colcon_core.shell:Creating environment hook '/home/fishros/ros2_ws/src/install/imodo/share/imodo/hook/cmake_prefix_path.sh'
[6.987s] Level 1:colcon.colcon_core.environment:checking '/home/fishros/ros2_ws/src/install/imodo/bin'
[6.987s] Level 1:colcon.colcon_core.environment:checking '/home/fishros/ros2_ws/src/install/imodo/lib/pkgconfig/imodo.pc'
[6.987s] Level 1:colcon.colcon_core.environment:checking '/home/fishros/ros2_ws/src/install/imodo/lib/python3.10/site-packages'
[6.987s] Level 1:colcon.colcon_core.environment:checking '/home/fishros/ros2_ws/src/install/imodo/bin'
[6.993s] INFO:colcon.colcon_core.shell:Creating package script '/home/fishros/ros2_ws/src/install/imodo/share/imodo/package.ps1'
[6.993s] INFO:colcon.colcon_core.shell:Creating package descriptor '/home/fishros/ros2_ws/src/install/imodo/share/imodo/package.dsv'
[6.993s] INFO:colcon.colcon_core.shell:Creating package script '/home/fishros/ros2_ws/src/install/imodo/share/imodo/package.sh'
[6.994s] INFO:colcon.colcon_core.shell:Creating package script '/home/fishros/ros2_ws/src/install/imodo/share/imodo/package.bash'
[6.994s] INFO:colcon.colcon_core.shell:Creating package script '/home/fishros/ros2_ws/src/install/imodo/share/imodo/package.zsh'
[6.994s] Level 1:colcon.colcon_core.environment:create_file_with_runtime_dependencies(/home/fishros/ros2_ws/src/install/imodo/share/colcon-core/packages/imodo)
[7.012s] Level 1:colcon.colcon_core.environment:create_environment_scripts_only(imodo)
[7.017s] Level 1:colcon.colcon_core.environment:checking '/home/fishros/ros2_ws/src/install/imodo' for CMake module files
[7.017s] Level 1:colcon.colcon_core.environment:checking '/home/fishros/ros2_ws/src/install/imodo' for CMake config files
[7.017s] Level 1:colcon.colcon_core.shell:create_environment_hook('imodo', 'cmake_prefix_path')
[7.023s] INFO:colcon.colcon_core.shell:Creating environment hook '/home/fishros/ros2_ws/src/install/imodo/share/imodo/hook/cmake_prefix_path.ps1'
[7.023s] INFO:colcon.colcon_core.shell:Creating environment descriptor '/home/fishros/ros2_ws/src/install/imodo/share/imodo/hook/cmake_prefix_path.dsv'
[7.024s] INFO:colcon.colcon_core.shell:Creating environment hook '/home/fishros/ros2_ws/src/install/imodo/share/imodo/hook/cmake_prefix_path.sh'
[7.024s] Level 1:colcon.colcon_core.environment:checking '/home/fishros/ros2_ws/src/install/imodo/bin'
[7.024s] Level 1:colcon.colcon_core.environment:checking '/home/fishros/ros2_ws/src/install/imodo/lib/pkgconfig/imodo.pc'
[7.024s] Level 1:colcon.colcon_core.environment:checking '/home/fishros/ros2_ws/src/install/imodo/lib/python3.10/site-packages'
[7.024s] Level 1:colcon.colcon_core.environment:checking '/home/fishros/ros2_ws/src/install/imodo/bin'
[7.031s] INFO:colcon.colcon_core.shell:Creating package script '/home/fishros/ros2_ws/src/install/imodo/share/imodo/package.ps1'
[7.031s] INFO:colcon.colcon_core.shell:Creating package descriptor '/home/fishros/ros2_ws/src/install/imodo/share/imodo/package.dsv'
[7.032s] INFO:colcon.colcon_core.shell:Creating package script '/home/fishros/ros2_ws/src/install/imodo/share/imodo/package.sh'
[7.032s] INFO:colcon.colcon_core.shell:Creating package script '/home/fishros/ros2_ws/src/install/imodo/share/imodo/package.bash'
[7.032s] INFO:colcon.colcon_core.shell:Creating package script '/home/fishros/ros2_ws/src/install/imodo/share/imodo/package.zsh'
[7.033s] Level 1:colcon.colcon_core.environment:create_file_with_runtime_dependencies(/home/fishros/ros2_ws/src/install/imodo/share/colcon-core/packages/imodo)
[7.706s] DEBUG:colcon.colcon_parallel_executor.executor.parallel:closing loop
[7.707s] DEBUG:colcon.colcon_parallel_executor.executor.parallel:loop closed
[7.707s] DEBUG:colcon.colcon_parallel_executor.executor.parallel:run_until_complete finished with '0'
[7.707s] DEBUG:colcon.colcon_core.event_reactor:joining thread
[7.715s] INFO:colcon.colcon_core.plugin_system:Skipping extension 'colcon_notification.desktop_notification.terminal_notifier': Not used on non-Darwin systems
[7.715s] INFO:colcon.colcon_core.plugin_system:Skipping extension 'colcon_notification.desktop_notification.win32': Not used on non-Windows systems
[7.715s] INFO:colcon.colcon_notification.desktop_notification:Sending desktop notification using 'notify2'
[7.722s] DEBUG:colcon.colcon_core.event_reactor:joined thread
[7.730s] INFO:colcon.colcon_core.shell:Creating prefix script '/home/fishros/ros2_ws/src/install/local_setup.ps1'
[7.731s] INFO:colcon.colcon_core.shell:Creating prefix util module '/home/fishros/ros2_ws/src/install/_local_setup_util_ps1.py'
[7.731s] INFO:colcon.colcon_core.shell:Creating prefix chain script '/home/fishros/ros2_ws/src/install/setup.ps1'
[7.737s] INFO:colcon.colcon_core.shell:Creating prefix script '/home/fishros/ros2_ws/src/install/local_setup.sh'
[7.737s] INFO:colcon.colcon_core.shell:Creating prefix util module '/home/fishros/ros2_ws/src/install/_local_setup_util_sh.py'
[7.738s] INFO:colcon.colcon_core.shell:Creating prefix chain script '/home/fishros/ros2_ws/src/install/setup.sh'
[8.302s] INFO:colcon.colcon_core.shell:Creating prefix script '/home/fishros/ros2_ws/src/install/local_setup.bash'
[8.302s] INFO:colcon.colcon_core.shell:Creating prefix chain script '/home/fishros/ros2_ws/src/install/setup.bash'
[8.308s] INFO:colcon.colcon_core.shell:Creating prefix script '/home/fishros/ros2_ws/src/install/local_setup.zsh'
[8.309s] INFO:colcon.colcon_core.shell:Creating prefix chain script '/home/fishros/ros2_ws/src/install/setup.zsh'
