-- Found ament_cmake: 1.3.6 (/opt/ros/humble/share/ament_cmake/cmake)
-- Found rclcpp: 16.0.7 (/opt/ros/humble/share/rclcpp/cmake)
-- Found rosidl_generator_c: 3.1.5 (/opt/ros/humble/share/rosidl_generator_c/cmake)
-- Found rosidl_adapter: 3.1.5 (/opt/ros/humble/share/rosidl_adapter/cmake)
-- Found rosidl_generator_cpp: 3.1.5 (/opt/ros/humble/share/rosidl_generator_cpp/cmake)
-- Using all available rosidl_typesupport_c: rosidl_typesupport_fastrtps_c;rosidl_typesupport_introspection_c
-- Using all available rosidl_typesupport_cpp: rosidl_typesupport_fastrtps_cpp;rosidl_typesupport_introspection_cpp
-- Found rmw_implementation_cmake: 6.1.1 (/opt/ros/humble/share/rmw_implementation_cmake/cmake)
-- Found rmw_fastrtps_cpp: 6.2.5 (/opt/ros/humble/share/rmw_fastrtps_cpp/cmake)
-- Using RMW implementation 'rmw_fastrtps_cpp' as default
-- Found sensor_msgs: 4.2.3 (/opt/ros/humble/share/sensor_msgs/cmake)
-- Found image_transport: 3.1.7 (/opt/ros/humble/share/image_transport/cmake)
-- Found cv_bridge: 3.2.1 (/opt/ros/humble/share/cv_bridge/cmake)
-- Found ament_lint_auto: 0.12.9 (/opt/ros/humble/share/ament_lint_auto/cmake)
-- Added test 'copyright' to check source files copyright and LICENSE
-- Added test 'cppcheck' to perform static code analysis on C / C++ code
-- Configured cppcheck include dirs: 
-- Configured cppcheck exclude dirs and/or files: 
-- Added test 'lint_cmake' to check CMake code style
-- Added test 'uncrustify' to check C / C++ code style
-- Configured uncrustify additional arguments: 
-- Added test 'xmllint' to check XML markup files
-- Configuring done
-- Generating done
-- Build files have been written to: /home/fishros/ros2_ws/build/camera
[ 50%] [32mBuilding CXX object CMakeFiles/camera_display_node.dir/src/camera.cpp.o[0m
[100%] [32m[1mLinking CXX executable camera_display_node[0m
[100%] Built target camera_display_node
-- Install configuration: ""
-- Installing: /home/fishros/ros2_ws/install/camera/lib/camera/camera_display_node
-- Set runtime path of "/home/fishros/ros2_ws/install/camera/lib/camera/camera_display_node" to ""
-- Up-to-date: /home/fishros/ros2_ws/install/camera/share/ament_index/resource_index/package_run_dependencies/camera
-- Installing: /home/fishros/ros2_ws/install/camera/share/ament_index/resource_index/parent_prefix_path/camera
-- Up-to-date: /home/fishros/ros2_ws/install/camera/share/camera/environment/ament_prefix_path.sh
-- Installing: /home/fishros/ros2_ws/install/camera/share/camera/environment/ament_prefix_path.dsv
-- Up-to-date: /home/fishros/ros2_ws/install/camera/share/camera/environment/path.sh
-- Installing: /home/fishros/ros2_ws/install/camera/share/camera/environment/path.dsv
-- Up-to-date: /home/fishros/ros2_ws/install/camera/share/camera/local_setup.bash
-- Up-to-date: /home/fishros/ros2_ws/install/camera/share/camera/local_setup.sh
-- Up-to-date: /home/fishros/ros2_ws/install/camera/share/camera/local_setup.zsh
-- Installing: /home/fishros/ros2_ws/install/camera/share/camera/local_setup.dsv
-- Installing: /home/fishros/ros2_ws/install/camera/share/camera/package.dsv
-- Up-to-date: /home/fishros/ros2_ws/install/camera/share/ament_index/resource_index/packages/camera
-- Up-to-date: /home/fishros/ros2_ws/install/camera/share/camera/cmake/cameraConfig.cmake
-- Up-to-date: /home/fishros/ros2_ws/install/camera/share/camera/cmake/cameraConfig-version.cmake
-- Up-to-date: /home/fishros/ros2_ws/install/camera/share/camera/package.xml
