[0.029s] Invoking command in '/home/fishros/ros2_ws/build/show_imu': /usr/bin/cmake /home/fishros/ros2_ws/src/odo -DCMAKE_INSTALL_PREFIX=/home/fishros/ros2_ws/install/show_imu
[0.124s] -- The C compiler identification is GNU 11.4.0
[0.157s] -- The CXX compiler identification is GNU 11.4.0
[0.165s] -- Detecting C compiler ABI info
[0.204s] -- Detecting C compiler ABI info - done
[0.208s] -- Check for working C compiler: /usr/bin/cc - skipped
[0.208s] -- Detecting C compile features
[0.209s] -- Detecting C compile features - done
[0.212s] -- Detecting CXX compiler ABI info
[0.250s] -- Detecting CXX compiler ABI info - done
[0.255s] -- Check for working CXX compiler: /usr/bin/c++ - skipped
[0.255s] -- Detecting CXX compile features
[0.255s] -- Detecting CXX compile features - done
[0.259s] [31mCMake Error at CMakeLists.txt:4 (find_package):
[0.259s]   By not providing "Findcatkin.cmake" in CMAKE_MODULE_PATH this project has
[0.259s]   asked CMake to find a package configuration file provided by "catkin", but
[0.259s]   CMake did not find one.
[0.259s] 
[0.260s]   Could not find a package configuration file provided by "catkin" with any
[0.260s]   of the following names:
[0.260s] 
[0.260s]     catkinConfig.cmake
[0.260s]     catkin-config.cmake
[0.260s] 
[0.260s]   Add the installation prefix of "catkin" to CMAKE_PREFIX_PATH or set
[0.260s]   "catkin_DIR" to a directory containing one of the above files.  If "catkin"
[0.260s]   provides a separate development package or SDK, be sure it has been
[0.260s]   installed.
[0.260s] 
[0.260s] [0m
[0.260s] -- Configuring incomplete, errors occurred!
[0.260s] See also "/home/fishros/ros2_ws/build/show_imu/CMakeFiles/CMakeOutput.log".
[0.261s] Invoked command in '/home/fishros/ros2_ws/build/show_imu' returned '1': /usr/bin/cmake /home/fishros/ros2_ws/src/odo -DCMAKE_INSTALL_PREFIX=/home/fishros/ros2_ws/install/show_imu
