[0.041s] Invoking command in '/home/fishros/ros2_ws/src/build/camera': CMAKE_PREFIX_PATH=${CMAKE_PREFIX_PATH}:/opt/ros/humble /usr/bin/cmake --build /home/fishros/ros2_ws/src/build/camera -- -j20 -l20
[0.061s] [35m[1mConsolidate compiler generated dependencies of target camera_display_node[0m
[0.070s] [ 50%] [32mBuilding CXX object CMakeFiles/camera_display_node.dir/src/camera.cpp.o[0m
[1.671s] [100%] [32m[1mLinking CXX executable camera_display_node[0m
[1.881s] [100%] Built target camera_display_node
[1.887s] Invoked command in '/home/fishros/ros2_ws/src/build/camera' returned '0': CMAKE_PREFIX_PATH=${CMAKE_PREFIX_PATH}:/opt/ros/humble /usr/bin/cmake --build /home/fishros/ros2_ws/src/build/camera -- -j20 -l20
[1.901s] Invoking command in '/home/fishros/ros2_ws/src/build/camera': CMAKE_PREFIX_PATH=${CMAKE_PREFIX_PATH}:/opt/ros/humble /usr/bin/cmake --install /home/fishros/ros2_ws/src/build/camera
[1.904s] -- Install configuration: ""
[1.904s] -- Installing: /home/fishros/ros2_ws/src/install/camera/lib/camera/camera_display_node
[1.904s] -- Set runtime path of "/home/fishros/ros2_ws/src/install/camera/lib/camera/camera_display_node" to ""
[1.904s] -- Up-to-date: /home/fishros/ros2_ws/src/install/camera/share/ament_index/resource_index/package_run_dependencies/camera
[1.904s] -- Up-to-date: /home/fishros/ros2_ws/src/install/camera/share/ament_index/resource_index/parent_prefix_path/camera
[1.904s] -- Up-to-date: /home/fishros/ros2_ws/src/install/camera/share/camera/environment/ament_prefix_path.sh
[1.904s] -- Up-to-date: /home/fishros/ros2_ws/src/install/camera/share/camera/environment/ament_prefix_path.dsv
[1.904s] -- Up-to-date: /home/fishros/ros2_ws/src/install/camera/share/camera/environment/path.sh
[1.904s] -- Up-to-date: /home/fishros/ros2_ws/src/install/camera/share/camera/environment/path.dsv
[1.904s] -- Up-to-date: /home/fishros/ros2_ws/src/install/camera/share/camera/local_setup.bash
[1.904s] -- Up-to-date: /home/fishros/ros2_ws/src/install/camera/share/camera/local_setup.sh
[1.904s] -- Up-to-date: /home/fishros/ros2_ws/src/install/camera/share/camera/local_setup.zsh
[1.904s] -- Up-to-date: /home/fishros/ros2_ws/src/install/camera/share/camera/local_setup.dsv
[1.904s] -- Installing: /home/fishros/ros2_ws/src/install/camera/share/camera/package.dsv
[1.905s] -- Up-to-date: /home/fishros/ros2_ws/src/install/camera/share/ament_index/resource_index/packages/camera
[1.905s] -- Up-to-date: /home/fishros/ros2_ws/src/install/camera/share/camera/cmake/cameraConfig.cmake
[1.905s] -- Up-to-date: /home/fishros/ros2_ws/src/install/camera/share/camera/cmake/cameraConfig-version.cmake
[1.905s] -- Up-to-date: /home/fishros/ros2_ws/src/install/camera/share/camera/package.xml
[1.905s] Invoked command in '/home/fishros/ros2_ws/src/build/camera' returned '0': CMAKE_PREFIX_PATH=${CMAKE_PREFIX_PATH}:/opt/ros/humble /usr/bin/cmake --install /home/fishros/ros2_ws/src/build/camera
