[0.022s] Invoking command in '/home/fishros/ros2_ws/src/build/imodo': CMAKE_PREFIX_PATH=/opt/ros/humble /usr/bin/cmake /home/fishros/ros2_ws/src/imodo -DCMAKE_INSTALL_PREFIX=/home/fishros/ros2_ws/src/install/imodo
[0.048s] -- The C compiler identification is GNU 11.4.0
[0.074s] -- The CXX compiler identification is GNU 11.4.0
[0.078s] -- Detecting C compiler ABI info
[0.110s] -- Detecting C compiler ABI info - done
[0.114s] -- Check for working C compiler: /usr/bin/cc - skipped
[0.114s] -- Detecting C compile features
[0.114s] -- Detecting C compile features - done
[0.116s] -- Detecting CXX compiler ABI info
[0.155s] -- Detecting CXX compiler ABI info - done
[0.159s] -- Check for working CXX compiler: /usr/bin/c++ - skipped
[0.159s] -- Detecting CXX compile features
[0.159s] -- Detecting CXX compile features - done
[0.160s] -- Found ament_cmake: 1.3.6 (/opt/ros/humble/share/ament_cmake/cmake)
[0.240s] -- Found Python3: /usr/bin/python3.10 (found version "3.10.12") found components: Interpreter 
[0.278s] -- Found ament_lint_auto: 0.12.9 (/opt/ros/humble/share/ament_lint_auto/cmake)
[0.314s] -- Added test 'cppcheck' to perform static code analysis on C / C++ code
[0.315s] -- Configured cppcheck include dirs: 
[0.315s] -- Configured cppcheck exclude dirs and/or files: 
[0.315s] -- Added test 'flake8' to check Python code syntax and style conventions
[0.316s] -- Added test 'lint_cmake' to check CMake code style
[0.316s] -- Added test 'pep257' to check Python code against some of the docstring style conventions in PEP 257
[0.319s] -- Added test 'uncrustify' to check C / C++ code style
[0.319s] -- Configured uncrustify additional arguments: 
[0.319s] -- Added test 'xmllint' to check XML markup files
[0.320s] -- Configuring done
[0.321s] -- Generating done
[0.321s] -- Build files have been written to: /home/fishros/ros2_ws/src/build/imodo
[0.324s] Invoked command in '/home/fishros/ros2_ws/src/build/imodo' returned '0': CMAKE_PREFIX_PATH=/opt/ros/humble /usr/bin/cmake /home/fishros/ros2_ws/src/imodo -DCMAKE_INSTALL_PREFIX=/home/fishros/ros2_ws/src/install/imodo
[0.324s] Invoking command in '/home/fishros/ros2_ws/src/build/imodo': CMAKE_PREFIX_PATH=/opt/ros/humble /usr/bin/cmake --build /home/fishros/ros2_ws/src/build/imodo -- -j20 -l20
[0.343s] Invoked command in '/home/fishros/ros2_ws/src/build/imodo' returned '0': CMAKE_PREFIX_PATH=/opt/ros/humble /usr/bin/cmake --build /home/fishros/ros2_ws/src/build/imodo -- -j20 -l20
[0.356s] Invoking command in '/home/fishros/ros2_ws/src/build/imodo': CMAKE_PREFIX_PATH=/opt/ros/humble /usr/bin/cmake --install /home/fishros/ros2_ws/src/build/imodo
[0.359s] -- Install configuration: ""
[0.359s] -- Installing: /home/fishros/ros2_ws/src/install/imodo/share/ament_index/resource_index/package_run_dependencies/imodo
[0.359s] -- Installing: /home/fishros/ros2_ws/src/install/imodo/share/ament_index/resource_index/parent_prefix_path/imodo
[0.359s] -- Installing: /home/fishros/ros2_ws/src/install/imodo/share/imodo/environment/ament_prefix_path.sh
[0.359s] -- Installing: /home/fishros/ros2_ws/src/install/imodo/share/imodo/environment/ament_prefix_path.dsv
[0.359s] -- Installing: /home/fishros/ros2_ws/src/install/imodo/share/imodo/environment/path.sh
[0.359s] -- Installing: /home/fishros/ros2_ws/src/install/imodo/share/imodo/environment/path.dsv
[0.359s] -- Installing: /home/fishros/ros2_ws/src/install/imodo/share/imodo/local_setup.bash
[0.359s] -- Installing: /home/fishros/ros2_ws/src/install/imodo/share/imodo/local_setup.sh
[0.359s] -- Installing: /home/fishros/ros2_ws/src/install/imodo/share/imodo/local_setup.zsh
[0.359s] -- Installing: /home/fishros/ros2_ws/src/install/imodo/share/imodo/local_setup.dsv
[0.359s] -- Installing: /home/fishros/ros2_ws/src/install/imodo/share/imodo/package.dsv
[0.359s] -- Installing: /home/fishros/ros2_ws/src/install/imodo/share/ament_index/resource_index/packages/imodo
[0.359s] -- Installing: /home/fishros/ros2_ws/src/install/imodo/share/imodo/cmake/imodoConfig.cmake
[0.359s] -- Installing: /home/fishros/ros2_ws/src/install/imodo/share/imodo/cmake/imodoConfig-version.cmake
[0.360s] -- Installing: /home/fishros/ros2_ws/src/install/imodo/share/imodo/package.xml
[0.360s] Invoked command in '/home/fishros/ros2_ws/src/build/imodo' returned '0': CMAKE_PREFIX_PATH=/opt/ros/humble /usr/bin/cmake --install /home/fishros/ros2_ws/src/build/imodo
