[0.030s] Invoking command in '/home/fishros/ros2_ws/build/camera': CMAKE_PREFIX_PATH=/opt/ros/humble /usr/bin/cmake /home/fishros/ros2_ws/src/camera -DCMAKE_INSTALL_PREFIX=/home/fishros/ros2_ws/install/camera
[0.056s] -- The C compiler identification is GNU 11.4.0
[0.082s] -- The CXX compiler identification is GNU 11.4.0
[0.085s] -- Detecting C compiler ABI info
[0.118s] -- Detecting C compiler ABI info - done
[0.121s] -- Check for working C compiler: /usr/bin/cc - skipped
[0.121s] -- Detecting C compile features
[0.121s] -- Detecting C compile features - done
[0.123s] -- Detecting CXX compiler ABI info
[0.161s] -- Detecting CXX compiler ABI info - done
[0.164s] -- Check for working CXX compiler: /usr/bin/c++ - skipped
[0.164s] -- Detecting CXX compile features
[0.164s] -- Detecting CXX compile features - done
[0.166s] -- Found ament_cmake: 1.3.6 (/opt/ros/humble/share/ament_cmake/cmake)
[0.246s] -- Found Python3: /usr/bin/python3.10 (found version "3.10.12") found components: Interpreter 
[0.286s] -- Found ament_lint_auto: 0.12.9 (/opt/ros/humble/share/ament_lint_auto/cmake)
[0.321s] -- Added test 'lint_cmake' to check CMake code style
[0.321s] -- Added test 'xmllint' to check XML markup files
[0.322s] -- Configuring done
[0.323s] -- Generating done
[0.323s] -- Build files have been written to: /home/fishros/ros2_ws/build/camera
[0.326s] Invoked command in '/home/fishros/ros2_ws/build/camera' returned '0': CMAKE_PREFIX_PATH=/opt/ros/humble /usr/bin/cmake /home/fishros/ros2_ws/src/camera -DCMAKE_INSTALL_PREFIX=/home/fishros/ros2_ws/install/camera
[0.326s] Invoking command in '/home/fishros/ros2_ws/build/camera': CMAKE_PREFIX_PATH=/opt/ros/humble /usr/bin/cmake --build /home/fishros/ros2_ws/build/camera -- -j20 -l20
[0.345s] Invoked command in '/home/fishros/ros2_ws/build/camera' returned '0': CMAKE_PREFIX_PATH=/opt/ros/humble /usr/bin/cmake --build /home/fishros/ros2_ws/build/camera -- -j20 -l20
[0.358s] Invoking command in '/home/fishros/ros2_ws/build/camera': CMAKE_PREFIX_PATH=/opt/ros/humble /usr/bin/cmake --install /home/fishros/ros2_ws/build/camera
[0.361s] -- Install configuration: ""
[0.361s] -- Installing: /home/fishros/ros2_ws/install/camera/share/ament_index/resource_index/package_run_dependencies/camera
[0.361s] -- Installing: /home/fishros/ros2_ws/install/camera/share/ament_index/resource_index/parent_prefix_path/camera
[0.361s] -- Installing: /home/fishros/ros2_ws/install/camera/share/camera/environment/ament_prefix_path.sh
[0.361s] -- Installing: /home/fishros/ros2_ws/install/camera/share/camera/environment/ament_prefix_path.dsv
[0.361s] -- Installing: /home/fishros/ros2_ws/install/camera/share/camera/environment/path.sh
[0.361s] -- Installing: /home/fishros/ros2_ws/install/camera/share/camera/environment/path.dsv
[0.361s] -- Installing: /home/fishros/ros2_ws/install/camera/share/camera/local_setup.bash
[0.362s] -- Installing: /home/fishros/ros2_ws/install/camera/share/camera/local_setup.sh
[0.362s] -- Installing: /home/fishros/ros2_ws/install/camera/share/camera/local_setup.zsh
[0.362s] -- Installing: /home/fishros/ros2_ws/install/camera/share/camera/local_setup.dsv
[0.362s] -- Installing: /home/fishros/ros2_ws/install/camera/share/camera/package.dsv
[0.362s] -- Installing: /home/fishros/ros2_ws/install/camera/share/ament_index/resource_index/packages/camera
[0.362s] -- Installing: /home/fishros/ros2_ws/install/camera/share/camera/cmake/cameraConfig.cmake
[0.362s] -- Installing: /home/fishros/ros2_ws/install/camera/share/camera/cmake/cameraConfig-version.cmake
[0.362s] -- Installing: /home/fishros/ros2_ws/install/camera/share/camera/package.xml
[0.362s] Invoked command in '/home/fishros/ros2_ws/build/camera' returned '0': CMAKE_PREFIX_PATH=/opt/ros/humble /usr/bin/cmake --install /home/fishros/ros2_ws/build/camera
