[0.039s] Invoking command in '/home/fishros/ros2_ws/build/camera': CMAKE_PREFIX_PATH=${CMAKE_PREFIX_PATH}:/opt/ros/humble /usr/bin/cmake --build /home/fishros/ros2_ws/build/camera -- -j20 -l20
[0.051s] -- Found ament_cmake: 1.3.6 (/opt/ros/humble/share/ament_cmake/cmake)
[0.117s] -- Found rclcpp: 16.0.7 (/opt/ros/humble/share/rclcpp/cmake)
[0.137s] -- Found rosidl_generator_c: 3.1.5 (/opt/ros/humble/share/rosidl_generator_c/cmake)
[0.139s] -- Found rosidl_adapter: 3.1.5 (/opt/ros/humble/share/rosidl_adapter/cmake)
[0.143s] -- Found rosidl_generator_cpp: 3.1.5 (/opt/ros/humble/share/rosidl_generator_cpp/cmake)
[0.149s] -- Using all available rosidl_typesupport_c: rosidl_typesupport_fastrtps_c;rosidl_typesupport_introspection_c
[0.158s] -- Using all available rosidl_typesupport_cpp: rosidl_typesupport_fastrtps_cpp;rosidl_typesupport_introspection_cpp
[0.190s] -- Found rmw_implementation_cmake: 6.1.1 (/opt/ros/humble/share/rmw_implementation_cmake/cmake)
[0.191s] -- Found rmw_fastrtps_cpp: 6.2.5 (/opt/ros/humble/share/rmw_fastrtps_cpp/cmake)
[0.234s] -- Found OpenSSL: /usr/lib/x86_64-linux-gnu/libcrypto.so (found version "3.0.2")  
[0.246s] -- Found FastRTPS: /opt/ros/humble/include  
[0.266s] -- Using RMW implementation 'rmw_fastrtps_cpp' as default
[0.270s] -- Looking for pthread.h
[0.303s] -- Looking for pthread.h - found
[0.303s] -- Performing Test CMAKE_HAVE_LIBC_PTHREAD
[0.337s] -- Performing Test CMAKE_HAVE_LIBC_PTHREAD - Success
[0.337s] -- Found Threads: TRUE  
[0.417s] -- Found OpenCV: /usr (found version "4.5.4") 
[0.418s] -- Found sensor_msgs: 4.2.3 (/opt/ros/humble/share/sensor_msgs/cmake)
[0.483s] -- Found image_transport: 3.1.7 (/opt/ros/humble/share/image_transport/cmake)
[0.506s] -- Found cv_bridge: 3.2.1 (/opt/ros/humble/share/cv_bridge/cmake)
[0.510s] -- Found ament_lint_auto: 0.12.9 (/opt/ros/humble/share/ament_lint_auto/cmake)
[0.545s] -- Added test 'cppcheck' to perform static code analysis on C / C++ code
[0.545s] -- Configured cppcheck include dirs: 
[0.545s] -- Configured cppcheck exclude dirs and/or files: 
[0.545s] -- Added test 'lint_cmake' to check CMake code style
[0.546s] -- Added test 'uncrustify' to check C / C++ code style
[0.546s] -- Configured uncrustify additional arguments: 
[0.546s] -- Added test 'xmllint' to check XML markup files
[0.546s] -- Configuring done
[0.550s] -- Generating done
[0.551s] -- Build files have been written to: /home/fishros/ros2_ws/build/camera
[0.563s] Invoked command in '/home/fishros/ros2_ws/build/camera' returned '0': CMAKE_PREFIX_PATH=${CMAKE_PREFIX_PATH}:/opt/ros/humble /usr/bin/cmake --build /home/fishros/ros2_ws/build/camera -- -j20 -l20
[0.577s] Invoking command in '/home/fishros/ros2_ws/build/camera': CMAKE_PREFIX_PATH=${CMAKE_PREFIX_PATH}:/opt/ros/humble /usr/bin/cmake --install /home/fishros/ros2_ws/build/camera
[0.581s] -- Install configuration: ""
[0.581s] -- Installing: /home/fishros/ros2_ws/install/camera/share/ament_index/resource_index/package_run_dependencies/camera
[0.581s] -- Installing: /home/fishros/ros2_ws/install/camera/share/ament_index/resource_index/parent_prefix_path/camera
[0.581s] -- Up-to-date: /home/fishros/ros2_ws/install/camera/share/camera/environment/ament_prefix_path.sh
[0.581s] -- Installing: /home/fishros/ros2_ws/install/camera/share/camera/environment/ament_prefix_path.dsv
[0.581s] -- Up-to-date: /home/fishros/ros2_ws/install/camera/share/camera/environment/path.sh
[0.581s] -- Installing: /home/fishros/ros2_ws/install/camera/share/camera/environment/path.dsv
[0.581s] -- Up-to-date: /home/fishros/ros2_ws/install/camera/share/camera/local_setup.bash
[0.581s] -- Up-to-date: /home/fishros/ros2_ws/install/camera/share/camera/local_setup.sh
[0.581s] -- Up-to-date: /home/fishros/ros2_ws/install/camera/share/camera/local_setup.zsh
[0.581s] -- Installing: /home/fishros/ros2_ws/install/camera/share/camera/local_setup.dsv
[0.581s] -- Installing: /home/fishros/ros2_ws/install/camera/share/camera/package.dsv
[0.581s] -- Up-to-date: /home/fishros/ros2_ws/install/camera/share/ament_index/resource_index/packages/camera
[0.581s] -- Up-to-date: /home/fishros/ros2_ws/install/camera/share/camera/cmake/cameraConfig.cmake
[0.581s] -- Up-to-date: /home/fishros/ros2_ws/install/camera/share/camera/cmake/cameraConfig-version.cmake
[0.581s] -- Installing: /home/fishros/ros2_ws/install/camera/share/camera/package.xml
[0.582s] Invoked command in '/home/fishros/ros2_ws/build/camera' returned '0': CMAKE_PREFIX_PATH=${CMAKE_PREFIX_PATH}:/opt/ros/humble /usr/bin/cmake --install /home/fishros/ros2_ws/build/camera
