[0.395s] DEBUG:colcon:Command line arguments: ['/usr/bin/colcon', 'build']
[0.395s] DEBUG:colcon:Parsed command line arguments: Namespace(log_base=None, log_level=None, verb_name='build', build_base='build', install_base='install', merge_install=False, symlink_install=False, test_result_base=None, continue_on_error=False, executor='parallel', parallel_workers=20, event_handlers=None, ignore_user_meta=False, metas=['./colcon.meta'], base_paths=['.'], packages_ignore=None, packages_ignore_regex=None, paths=None, packages_up_to=None, packages_up_to_regex=None, packages_above=None, packages_above_and_dependencies=None, packages_above_depth=None, packages_select_by_dep=None, packages_skip_by_dep=None, packages_skip_up_to=None, packages_select_build_failed=False, packages_skip_build_finished=False, packages_select_test_failures=False, packages_skip_test_passed=False, packages_select=None, packages_skip=None, packages_select_regex=None, packages_skip_regex=None, packages_start=None, packages_end=None, allow_overriding=[], cmake_args=None, cmake_target=None, cmake_target_skip_unavailable=False, cmake_clean_cache=False, cmake_clean_first=False, cmake_force_configure=False, ament_cmake_args=None, catkin_cmake_args=None, catkin_skip_building_tests=False, verb_parser=<colcon_defaults.argument_parser.defaults.DefaultArgumentsDecorator object at 0x7fb2aecdcc40>, verb_extension=<colcon_core.verb.build.BuildVerb object at 0x7fb2aec63a30>, main=<bound method BuildVerb.main of <colcon_core.verb.build.BuildVerb object at 0x7fb2aec63a30>>)
[0.415s] Level 1:colcon.colcon_core.package_discovery:discover_packages(colcon_meta) check parameters
[0.415s] Level 1:colcon.colcon_core.package_discovery:discover_packages(recursive) check parameters
[0.415s] Level 1:colcon.colcon_core.package_discovery:discover_packages(ignore) check parameters
[0.415s] Level 1:colcon.colcon_core.package_discovery:discover_packages(path) check parameters
[0.415s] Level 1:colcon.colcon_core.package_discovery:discover_packages(colcon_meta) discover
[0.415s] Level 1:colcon.colcon_core.package_discovery:discover_packages(recursive) discover
[0.415s] INFO:colcon.colcon_core.package_discovery:Crawling recursively for packages in '/home/fishros/ros2_ws'
[0.415s] Level 1:colcon.colcon_core.package_identification:_identify(.) by extensions ['ignore', 'ignore_ament_install']
[0.415s] Level 1:colcon.colcon_core.package_identification:_identify(.) by extension 'ignore'
[0.415s] Level 1:colcon.colcon_core.package_identification:_identify(.) by extension 'ignore_ament_install'
[0.415s] Level 1:colcon.colcon_core.package_identification:_identify(.) by extensions ['colcon_pkg']
[0.415s] Level 1:colcon.colcon_core.package_identification:_identify(.) by extension 'colcon_pkg'
[0.415s] Level 1:colcon.colcon_core.package_identification:_identify(.) by extensions ['colcon_meta']
[0.415s] Level 1:colcon.colcon_core.package_identification:_identify(.) by extension 'colcon_meta'
[0.415s] Level 1:colcon.colcon_core.package_identification:_identify(.) by extensions ['ros']
[0.415s] Level 1:colcon.colcon_core.package_identification:_identify(.) by extension 'ros'
[0.421s] Level 1:colcon.colcon_core.package_identification:_identify(.) by extensions ['cmake', 'python']
[0.421s] Level 1:colcon.colcon_core.package_identification:_identify(.) by extension 'cmake'
[0.421s] Level 1:colcon.colcon_core.package_identification:_identify(.) by extension 'python'
[0.421s] Level 1:colcon.colcon_core.package_identification:_identify(.) by extensions ['python_setup_py']
[0.421s] Level 1:colcon.colcon_core.package_identification:_identify(.) by extension 'python_setup_py'
[0.421s] Level 1:colcon.colcon_core.package_identification:_identify(build) by extensions ['ignore', 'ignore_ament_install']
[0.421s] Level 1:colcon.colcon_core.package_identification:_identify(build) by extension 'ignore'
[0.421s] Level 1:colcon.colcon_core.package_identification:_identify(build) ignored
[0.421s] Level 1:colcon.colcon_core.package_identification:_identify(install) by extensions ['ignore', 'ignore_ament_install']
[0.421s] Level 1:colcon.colcon_core.package_identification:_identify(install) by extension 'ignore'
[0.421s] Level 1:colcon.colcon_core.package_identification:_identify(install) ignored
[0.421s] Level 1:colcon.colcon_core.package_identification:_identify(log) by extensions ['ignore', 'ignore_ament_install']
[0.421s] Level 1:colcon.colcon_core.package_identification:_identify(log) by extension 'ignore'
[0.421s] Level 1:colcon.colcon_core.package_identification:_identify(log) ignored
[0.421s] Level 1:colcon.colcon_core.package_identification:_identify(src) by extensions ['ignore', 'ignore_ament_install']
[0.421s] Level 1:colcon.colcon_core.package_identification:_identify(src) by extension 'ignore'
[0.421s] Level 1:colcon.colcon_core.package_identification:_identify(src) by extension 'ignore_ament_install'
[0.421s] Level 1:colcon.colcon_core.package_identification:_identify(src) by extensions ['colcon_pkg']
[0.421s] Level 1:colcon.colcon_core.package_identification:_identify(src) by extension 'colcon_pkg'
[0.421s] Level 1:colcon.colcon_core.package_identification:_identify(src) by extensions ['colcon_meta']
[0.421s] Level 1:colcon.colcon_core.package_identification:_identify(src) by extension 'colcon_meta'
[0.421s] Level 1:colcon.colcon_core.package_identification:_identify(src) by extensions ['ros']
[0.421s] Level 1:colcon.colcon_core.package_identification:_identify(src) by extension 'ros'
[0.421s] Level 1:colcon.colcon_core.package_identification:_identify(src) by extensions ['cmake', 'python']
[0.421s] Level 1:colcon.colcon_core.package_identification:_identify(src) by extension 'cmake'
[0.421s] Level 1:colcon.colcon_core.package_identification:_identify(src) by extension 'python'
[0.421s] Level 1:colcon.colcon_core.package_identification:_identify(src) by extensions ['python_setup_py']
[0.421s] Level 1:colcon.colcon_core.package_identification:_identify(src) by extension 'python_setup_py'
[0.421s] Level 1:colcon.colcon_core.package_identification:_identify(src/build) by extensions ['ignore', 'ignore_ament_install']
[0.421s] Level 1:colcon.colcon_core.package_identification:_identify(src/build) by extension 'ignore'
[0.421s] Level 1:colcon.colcon_core.package_identification:_identify(src/build) ignored
[0.421s] Level 1:colcon.colcon_core.package_identification:_identify(src/camera) by extensions ['ignore', 'ignore_ament_install']
[0.421s] Level 1:colcon.colcon_core.package_identification:_identify(src/camera) by extension 'ignore'
[0.421s] Level 1:colcon.colcon_core.package_identification:_identify(src/camera) by extension 'ignore_ament_install'
[0.421s] Level 1:colcon.colcon_core.package_identification:_identify(src/camera) by extensions ['colcon_pkg']
[0.421s] Level 1:colcon.colcon_core.package_identification:_identify(src/camera) by extension 'colcon_pkg'
[0.421s] Level 1:colcon.colcon_core.package_identification:_identify(src/camera) by extensions ['colcon_meta']
[0.421s] Level 1:colcon.colcon_core.package_identification:_identify(src/camera) by extension 'colcon_meta'
[0.421s] Level 1:colcon.colcon_core.package_identification:_identify(src/camera) by extensions ['ros']
[0.422s] Level 1:colcon.colcon_core.package_identification:_identify(src/camera) by extension 'ros'
[0.423s] DEBUG:colcon.colcon_core.package_identification:Package 'src/camera' with type 'ros.ament_cmake' and name 'camera'
[0.423s] Level 1:colcon.colcon_core.package_identification:_identify(src/install) by extensions ['ignore', 'ignore_ament_install']
[0.423s] Level 1:colcon.colcon_core.package_identification:_identify(src/install) by extension 'ignore'
[0.423s] Level 1:colcon.colcon_core.package_identification:_identify(src/install) ignored
[0.423s] Level 1:colcon.colcon_core.package_identification:_identify(src/log) by extensions ['ignore', 'ignore_ament_install']
[0.423s] Level 1:colcon.colcon_core.package_identification:_identify(src/log) by extension 'ignore'
[0.423s] Level 1:colcon.colcon_core.package_identification:_identify(src/log) ignored
[0.423s] Level 1:colcon.colcon_core.package_identification:_identify(src/odo) by extensions ['ignore', 'ignore_ament_install']
[0.423s] Level 1:colcon.colcon_core.package_identification:_identify(src/odo) by extension 'ignore'
[0.423s] Level 1:colcon.colcon_core.package_identification:_identify(src/odo) by extension 'ignore_ament_install'
[0.423s] Level 1:colcon.colcon_core.package_identification:_identify(src/odo) by extensions ['colcon_pkg']
[0.423s] Level 1:colcon.colcon_core.package_identification:_identify(src/odo) by extension 'colcon_pkg'
[0.423s] Level 1:colcon.colcon_core.package_identification:_identify(src/odo) by extensions ['colcon_meta']
[0.423s] Level 1:colcon.colcon_core.package_identification:_identify(src/odo) by extension 'colcon_meta'
[0.423s] Level 1:colcon.colcon_core.package_identification:_identify(src/odo) by extensions ['ros']
[0.423s] Level 1:colcon.colcon_core.package_identification:_identify(src/odo) by extension 'ros'
[0.423s] Level 1:colcon.colcon_core.package_identification:_identify(src/odo) by extensions ['cmake', 'python']
[0.423s] Level 1:colcon.colcon_core.package_identification:_identify(src/odo) by extension 'cmake'
[0.424s] Level 1:colcon.colcon_core.package_identification:_identify(src/odo) by extension 'python'
[0.424s] DEBUG:colcon.colcon_core.package_identification:Package 'src/odo' with type 'cmake' and name 'show_imu'
[0.424s] Level 1:colcon.colcon_core.package_discovery:discover_packages(recursive) using defaults
[0.424s] Level 1:colcon.colcon_core.package_discovery:discover_packages(ignore) discover
[0.424s] Level 1:colcon.colcon_core.package_discovery:discover_packages(ignore) using defaults
[0.424s] Level 1:colcon.colcon_core.package_discovery:discover_packages(path) discover
[0.424s] Level 1:colcon.colcon_core.package_discovery:discover_packages(path) using defaults
[0.461s] Level 1:colcon.colcon_core.package_discovery:discover_packages(prefix_path) check parameters
[0.461s] Level 1:colcon.colcon_core.package_discovery:discover_packages(prefix_path) discover
[0.472s] DEBUG:colcon.colcon_installed_package_information.package_discovery:Found 1 installed packages in /home/fishros/ros2_ws/install
[0.479s] DEBUG:colcon.colcon_installed_package_information.package_discovery:Found 328 installed packages in /opt/ros/humble
[0.480s] Level 1:colcon.colcon_core.package_discovery:discover_packages(prefix_path) using defaults
[0.525s] Level 5:colcon.colcon_core.verb:set package 'camera' build argument 'cmake_args' from command line to 'None'
[0.525s] Level 5:colcon.colcon_core.verb:set package 'camera' build argument 'cmake_target' from command line to 'None'
[0.525s] Level 5:colcon.colcon_core.verb:set package 'camera' build argument 'cmake_target_skip_unavailable' from command line to 'False'
[0.525s] Level 5:colcon.colcon_core.verb:set package 'camera' build argument 'cmake_clean_cache' from command line to 'False'
[0.525s] Level 5:colcon.colcon_core.verb:set package 'camera' build argument 'cmake_clean_first' from command line to 'False'
[0.525s] Level 5:colcon.colcon_core.verb:set package 'camera' build argument 'cmake_force_configure' from command line to 'False'
[0.525s] Level 5:colcon.colcon_core.verb:set package 'camera' build argument 'ament_cmake_args' from command line to 'None'
[0.525s] Level 5:colcon.colcon_core.verb:set package 'camera' build argument 'catkin_cmake_args' from command line to 'None'
[0.525s] Level 5:colcon.colcon_core.verb:set package 'camera' build argument 'catkin_skip_building_tests' from command line to 'False'
[0.525s] DEBUG:colcon.colcon_core.verb:Building package 'camera' with the following arguments: {'ament_cmake_args': None, 'build_base': '/home/fishros/ros2_ws/build/camera', 'catkin_cmake_args': None, 'catkin_skip_building_tests': False, 'cmake_args': None, 'cmake_clean_cache': False, 'cmake_clean_first': False, 'cmake_force_configure': False, 'cmake_target': None, 'cmake_target_skip_unavailable': False, 'install_base': '/home/fishros/ros2_ws/install/camera', 'merge_install': False, 'path': '/home/fishros/ros2_ws/src/camera', 'symlink_install': False, 'test_result_base': None}
[0.531s] Level 5:colcon.colcon_core.verb:set package 'show_imu' build argument 'cmake_args' from command line to 'None'
[0.531s] Level 5:colcon.colcon_core.verb:set package 'show_imu' build argument 'cmake_target' from command line to 'None'
[0.531s] Level 5:colcon.colcon_core.verb:set package 'show_imu' build argument 'cmake_target_skip_unavailable' from command line to 'False'
[0.531s] Level 5:colcon.colcon_core.verb:set package 'show_imu' build argument 'cmake_clean_cache' from command line to 'False'
[0.531s] Level 5:colcon.colcon_core.verb:set package 'show_imu' build argument 'cmake_clean_first' from command line to 'False'
[0.531s] Level 5:colcon.colcon_core.verb:set package 'show_imu' build argument 'cmake_force_configure' from command line to 'False'
[0.531s] Level 5:colcon.colcon_core.verb:set package 'show_imu' build argument 'ament_cmake_args' from command line to 'None'
[0.531s] Level 5:colcon.colcon_core.verb:set package 'show_imu' build argument 'catkin_cmake_args' from command line to 'None'
[0.531s] Level 5:colcon.colcon_core.verb:set package 'show_imu' build argument 'catkin_skip_building_tests' from command line to 'False'
[0.531s] DEBUG:colcon.colcon_core.verb:Building package 'show_imu' with the following arguments: {'ament_cmake_args': None, 'build_base': '/home/fishros/ros2_ws/build/show_imu', 'catkin_cmake_args': None, 'catkin_skip_building_tests': False, 'cmake_args': None, 'cmake_clean_cache': False, 'cmake_clean_first': False, 'cmake_force_configure': False, 'cmake_target': None, 'cmake_target_skip_unavailable': False, 'install_base': '/home/fishros/ros2_ws/install/show_imu', 'merge_install': False, 'path': '/home/fishros/ros2_ws/src/odo', 'symlink_install': False, 'test_result_base': None}
[0.536s] INFO:colcon.colcon_core.executor:Executing jobs using 'parallel' executor
[0.543s] DEBUG:colcon.colcon_parallel_executor.executor.parallel:run_until_complete
[0.543s] INFO:colcon.colcon_ros.task.ament_cmake.build:Building ROS package in '/home/fishros/ros2_ws/src/camera' with build type 'ament_cmake'
[0.543s] INFO:colcon.colcon_cmake.task.cmake.build:Building CMake package in '/home/fishros/ros2_ws/src/camera'
[0.549s] INFO:colcon.colcon_core.plugin_system:Skipping extension 'colcon_core.shell.bat': Not used on non-Windows systems
[0.550s] INFO:colcon.colcon_core.shell:Skip shell extension 'powershell' for command environment: Not usable outside of PowerShell
[0.550s] DEBUG:colcon.colcon_core.shell:Skip shell extension 'dsv' for command environment
[0.568s] INFO:colcon.colcon_cmake.task.cmake.build:Building CMake package in '/home/fishros/ros2_ws/src/odo'
[0.574s] INFO:colcon.colcon_core.shell:Skip shell extension 'powershell' for command environment: Not usable outside of PowerShell
[0.574s] DEBUG:colcon.colcon_core.shell:Skip shell extension 'dsv' for command environment
[0.596s] DEBUG:colcon.colcon_core.event_handler.log_command:Invoking command in '/home/fishros/ros2_ws/build/camera': CMAKE_PREFIX_PATH=${CMAKE_PREFIX_PATH}:/opt/ros/humble /usr/bin/cmake --build /home/fishros/ros2_ws/build/camera -- -j20 -l20
[0.598s] DEBUG:colcon.colcon_core.event_handler.log_command:Invoking command in '/home/fishros/ros2_ws/build/show_imu': /usr/bin/cmake /home/fishros/ros2_ws/src/odo -DCMAKE_INSTALL_PREFIX=/home/fishros/ros2_ws/install/show_imu
[0.631s] DEBUG:colcon.colcon_core.event_handler.log_command:Invoked command in '/home/fishros/ros2_ws/build/camera' returned '0': CMAKE_PREFIX_PATH=${CMAKE_PREFIX_PATH}:/opt/ros/humble /usr/bin/cmake --build /home/fishros/ros2_ws/build/camera -- -j20 -l20
[0.645s] DEBUG:colcon.colcon_core.event_handler.log_command:Invoking command in '/home/fishros/ros2_ws/build/camera': CMAKE_PREFIX_PATH=${CMAKE_PREFIX_PATH}:/opt/ros/humble /usr/bin/cmake --install /home/fishros/ros2_ws/build/camera
[0.649s] Level 1:colcon.colcon_core.environment:create_environment_scripts_only(camera)
[0.649s] DEBUG:colcon.colcon_core.event_handler.log_command:Invoked command in '/home/fishros/ros2_ws/build/camera' returned '0': CMAKE_PREFIX_PATH=${CMAKE_PREFIX_PATH}:/opt/ros/humble /usr/bin/cmake --install /home/fishros/ros2_ws/build/camera
[0.656s] Level 1:colcon.colcon_core.environment:checking '/home/fishros/ros2_ws/install/camera' for CMake module files
[0.656s] Level 1:colcon.colcon_core.environment:checking '/home/fishros/ros2_ws/install/camera' for CMake config files
[0.656s] Level 1:colcon.colcon_core.shell:create_environment_hook('camera', 'cmake_prefix_path')
[0.668s] INFO:colcon.colcon_core.shell:Creating environment hook '/home/fishros/ros2_ws/install/camera/share/camera/hook/cmake_prefix_path.ps1'
[0.669s] INFO:colcon.colcon_core.shell:Creating environment descriptor '/home/fishros/ros2_ws/install/camera/share/camera/hook/cmake_prefix_path.dsv'
[0.669s] INFO:colcon.colcon_core.shell:Creating environment hook '/home/fishros/ros2_ws/install/camera/share/camera/hook/cmake_prefix_path.sh'
[0.669s] Level 1:colcon.colcon_core.environment:checking '/home/fishros/ros2_ws/install/camera/lib'
[0.670s] Level 1:colcon.colcon_core.environment:checking '/home/fishros/ros2_ws/install/camera/bin'
[0.670s] Level 1:colcon.colcon_core.environment:checking '/home/fishros/ros2_ws/install/camera/lib/pkgconfig/camera.pc'
[0.670s] Level 1:colcon.colcon_core.environment:checking '/home/fishros/ros2_ws/install/camera/lib/python3.10/site-packages'
[0.670s] Level 1:colcon.colcon_core.environment:checking '/home/fishros/ros2_ws/install/camera/bin'
[0.677s] INFO:colcon.colcon_core.shell:Creating package script '/home/fishros/ros2_ws/install/camera/share/camera/package.ps1'
[0.677s] INFO:colcon.colcon_core.shell:Creating package descriptor '/home/fishros/ros2_ws/install/camera/share/camera/package.dsv'
[0.678s] INFO:colcon.colcon_core.shell:Creating package script '/home/fishros/ros2_ws/install/camera/share/camera/package.sh'
[0.678s] INFO:colcon.colcon_core.shell:Creating package script '/home/fishros/ros2_ws/install/camera/share/camera/package.bash'
[0.680s] INFO:colcon.colcon_core.shell:Creating package script '/home/fishros/ros2_ws/install/camera/share/camera/package.zsh'
[0.680s] Level 1:colcon.colcon_core.environment:create_file_with_runtime_dependencies(/home/fishros/ros2_ws/install/camera/share/colcon-core/packages/camera)
[0.697s] Level 1:colcon.colcon_core.environment:create_environment_scripts_only(camera)
[0.703s] Level 1:colcon.colcon_core.environment:checking '/home/fishros/ros2_ws/install/camera' for CMake module files
[0.703s] Level 1:colcon.colcon_core.environment:checking '/home/fishros/ros2_ws/install/camera' for CMake config files
[0.703s] Level 1:colcon.colcon_core.shell:create_environment_hook('camera', 'cmake_prefix_path')
[0.708s] INFO:colcon.colcon_core.shell:Creating environment hook '/home/fishros/ros2_ws/install/camera/share/camera/hook/cmake_prefix_path.ps1'
[0.709s] INFO:colcon.colcon_core.shell:Creating environment descriptor '/home/fishros/ros2_ws/install/camera/share/camera/hook/cmake_prefix_path.dsv'
[0.709s] INFO:colcon.colcon_core.shell:Creating environment hook '/home/fishros/ros2_ws/install/camera/share/camera/hook/cmake_prefix_path.sh'
[0.709s] Level 1:colcon.colcon_core.environment:checking '/home/fishros/ros2_ws/install/camera/lib'
[0.709s] Level 1:colcon.colcon_core.environment:checking '/home/fishros/ros2_ws/install/camera/bin'
[0.709s] Level 1:colcon.colcon_core.environment:checking '/home/fishros/ros2_ws/install/camera/lib/pkgconfig/camera.pc'
[0.709s] Level 1:colcon.colcon_core.environment:checking '/home/fishros/ros2_ws/install/camera/lib/python3.10/site-packages'
[0.709s] Level 1:colcon.colcon_core.environment:checking '/home/fishros/ros2_ws/install/camera/bin'
[0.715s] INFO:colcon.colcon_core.shell:Creating package script '/home/fishros/ros2_ws/install/camera/share/camera/package.ps1'
[0.715s] INFO:colcon.colcon_core.shell:Creating package descriptor '/home/fishros/ros2_ws/install/camera/share/camera/package.dsv'
[0.715s] INFO:colcon.colcon_core.shell:Creating package script '/home/fishros/ros2_ws/install/camera/share/camera/package.sh'
[0.716s] INFO:colcon.colcon_core.shell:Creating package script '/home/fishros/ros2_ws/install/camera/share/camera/package.bash'
[0.716s] INFO:colcon.colcon_core.shell:Creating package script '/home/fishros/ros2_ws/install/camera/share/camera/package.zsh'
[0.716s] Level 1:colcon.colcon_core.environment:create_file_with_runtime_dependencies(/home/fishros/ros2_ws/install/camera/share/colcon-core/packages/camera)
[0.830s] DEBUG:colcon.colcon_core.event_handler.log_command:Invoked command in '/home/fishros/ros2_ws/build/show_imu' returned '1': /usr/bin/cmake /home/fishros/ros2_ws/src/odo -DCMAKE_INSTALL_PREFIX=/home/fishros/ros2_ws/install/show_imu
[0.840s] DEBUG:colcon.colcon_parallel_executor.executor.parallel:closing loop
[0.840s] DEBUG:colcon.colcon_parallel_executor.executor.parallel:loop closed
[0.840s] DEBUG:colcon.colcon_parallel_executor.executor.parallel:run_until_complete finished with '1'
[0.840s] DEBUG:colcon.colcon_core.event_reactor:joining thread
[0.850s] INFO:colcon.colcon_core.plugin_system:Skipping extension 'colcon_notification.desktop_notification.terminal_notifier': Not used on non-Darwin systems
[0.850s] INFO:colcon.colcon_core.plugin_system:Skipping extension 'colcon_notification.desktop_notification.win32': Not used on non-Windows systems
[0.851s] INFO:colcon.colcon_notification.desktop_notification:Sending desktop notification using 'notify2'
[0.858s] DEBUG:colcon.colcon_core.event_reactor:joined thread
[0.865s] INFO:colcon.colcon_core.shell:Creating prefix script '/home/fishros/ros2_ws/install/local_setup.ps1'
[0.865s] INFO:colcon.colcon_core.shell:Creating prefix util module '/home/fishros/ros2_ws/install/_local_setup_util_ps1.py'
[0.866s] INFO:colcon.colcon_core.shell:Creating prefix chain script '/home/fishros/ros2_ws/install/setup.ps1'
[0.872s] INFO:colcon.colcon_core.shell:Creating prefix script '/home/fishros/ros2_ws/install/local_setup.sh'
[0.872s] INFO:colcon.colcon_core.shell:Creating prefix util module '/home/fishros/ros2_ws/install/_local_setup_util_sh.py'
[0.872s] INFO:colcon.colcon_core.shell:Creating prefix chain script '/home/fishros/ros2_ws/install/setup.sh'
[0.878s] INFO:colcon.colcon_core.shell:Creating prefix script '/home/fishros/ros2_ws/install/local_setup.bash'
[0.879s] INFO:colcon.colcon_core.shell:Creating prefix chain script '/home/fishros/ros2_ws/install/setup.bash'
[0.885s] INFO:colcon.colcon_core.shell:Creating prefix script '/home/fishros/ros2_ws/install/local_setup.zsh'
[0.885s] INFO:colcon.colcon_core.shell:Creating prefix chain script '/home/fishros/ros2_ws/install/setup.zsh'
