[0.029s] Invoking command in '/home/fishros/ros2_ws/src/build/camera': CMAKE_PREFIX_PATH=/opt/ros/humble /usr/bin/cmake /home/fishros/ros2_ws/src/camera -DCMAKE_INSTALL_PREFIX=/home/fishros/ros2_ws/src/install/camera
[0.056s] -- The C compiler identification is GNU 11.4.0
[0.082s] -- The CXX compiler identification is GNU 11.4.0
[0.085s] -- Detecting C compiler ABI info
[0.116s] -- Detecting C compiler ABI info - done
[0.119s] -- Check for working C compiler: /usr/bin/cc - skipped
[0.120s] -- Detecting C compile features
[0.120s] -- Detecting C compile features - done
[0.121s] -- Detecting CXX compiler ABI info
[0.160s] -- Detecting CXX compiler ABI info - done
[0.163s] -- Check for working CXX compiler: /usr/bin/c++ - skipped
[0.163s] -- Detecting CXX compile features
[0.163s] -- Detecting CXX compile features - done
[0.164s] -- Found ament_cmake: 1.3.6 (/opt/ros/humble/share/ament_cmake/cmake)
[0.244s] -- Found Python3: /usr/bin/python3.10 (found version "3.10.12") found components: Interpreter 
[0.281s] -- Found rclcpp: 16.0.7 (/opt/ros/humble/share/rclcpp/cmake)
[0.299s] -- Found rosidl_generator_c: 3.1.5 (/opt/ros/humble/share/rosidl_generator_c/cmake)
[0.301s] -- Found rosidl_adapter: 3.1.5 (/opt/ros/humble/share/rosidl_adapter/cmake)
[0.305s] -- Found rosidl_generator_cpp: 3.1.5 (/opt/ros/humble/share/rosidl_generator_cpp/cmake)
[0.311s] -- Using all available rosidl_typesupport_c: rosidl_typesupport_fastrtps_c;rosidl_typesupport_introspection_c
[0.320s] -- Using all available rosidl_typesupport_cpp: rosidl_typesupport_fastrtps_cpp;rosidl_typesupport_introspection_cpp
[0.353s] -- Found rmw_implementation_cmake: 6.1.1 (/opt/ros/humble/share/rmw_implementation_cmake/cmake)
[0.354s] -- Found rmw_fastrtps_cpp: 6.2.5 (/opt/ros/humble/share/rmw_fastrtps_cpp/cmake)
[0.397s] -- Found OpenSSL: /usr/lib/x86_64-linux-gnu/libcrypto.so (found version "3.0.2")  
[0.408s] -- Found FastRTPS: /opt/ros/humble/include  
[0.431s] -- Using RMW implementation 'rmw_fastrtps_cpp' as default
[0.435s] -- Looking for pthread.h
[0.469s] -- Looking for pthread.h - found
[0.470s] -- Performing Test CMAKE_HAVE_LIBC_PTHREAD
[0.506s] -- Performing Test CMAKE_HAVE_LIBC_PTHREAD - Success
[0.506s] -- Found Threads: TRUE  
[0.590s] -- Found OpenCV: /usr (found version "4.5.4") 
[0.590s] -- Found sensor_msgs: 4.2.3 (/opt/ros/humble/share/sensor_msgs/cmake)
[0.656s] -- Found image_transport: 3.1.7 (/opt/ros/humble/share/image_transport/cmake)
[0.678s] -- Found cv_bridge: 3.2.1 (/opt/ros/humble/share/cv_bridge/cmake)
[0.683s] -- Found ament_lint_auto: 0.12.9 (/opt/ros/humble/share/ament_lint_auto/cmake)
[0.721s] -- Added test 'cppcheck' to perform static code analysis on C / C++ code
[0.721s] -- Configured cppcheck include dirs: 
[0.721s] -- Configured cppcheck exclude dirs and/or files: 
[0.721s] -- Added test 'lint_cmake' to check CMake code style
[0.722s] -- Added test 'uncrustify' to check C / C++ code style
[0.722s] -- Configured uncrustify additional arguments: 
[0.722s] -- Added test 'xmllint' to check XML markup files
[0.722s] -- Configuring done
[0.724s] -- Generating done
[0.725s] -- Build files have been written to: /home/fishros/ros2_ws/src/build/camera
[0.730s] Invoked command in '/home/fishros/ros2_ws/src/build/camera' returned '0': CMAKE_PREFIX_PATH=/opt/ros/humble /usr/bin/cmake /home/fishros/ros2_ws/src/camera -DCMAKE_INSTALL_PREFIX=/home/fishros/ros2_ws/src/install/camera
[0.731s] Invoking command in '/home/fishros/ros2_ws/src/build/camera': CMAKE_PREFIX_PATH=/opt/ros/humble /usr/bin/cmake --build /home/fishros/ros2_ws/src/build/camera -- -j20 -l20
[0.752s] Invoked command in '/home/fishros/ros2_ws/src/build/camera' returned '0': CMAKE_PREFIX_PATH=/opt/ros/humble /usr/bin/cmake --build /home/fishros/ros2_ws/src/build/camera -- -j20 -l20
[0.766s] Invoking command in '/home/fishros/ros2_ws/src/build/camera': CMAKE_PREFIX_PATH=/opt/ros/humble /usr/bin/cmake --install /home/fishros/ros2_ws/src/build/camera
[0.770s] -- Install configuration: ""
[0.770s] -- Installing: /home/fishros/ros2_ws/src/install/camera/share/ament_index/resource_index/package_run_dependencies/camera
[0.770s] -- Installing: /home/fishros/ros2_ws/src/install/camera/share/ament_index/resource_index/parent_prefix_path/camera
[0.770s] -- Installing: /home/fishros/ros2_ws/src/install/camera/share/camera/environment/ament_prefix_path.sh
[0.770s] -- Installing: /home/fishros/ros2_ws/src/install/camera/share/camera/environment/ament_prefix_path.dsv
[0.770s] -- Installing: /home/fishros/ros2_ws/src/install/camera/share/camera/environment/path.sh
[0.770s] -- Installing: /home/fishros/ros2_ws/src/install/camera/share/camera/environment/path.dsv
[0.770s] -- Installing: /home/fishros/ros2_ws/src/install/camera/share/camera/local_setup.bash
[0.770s] -- Installing: /home/fishros/ros2_ws/src/install/camera/share/camera/local_setup.sh
[0.770s] -- Installing: /home/fishros/ros2_ws/src/install/camera/share/camera/local_setup.zsh
[0.770s] -- Installing: /home/fishros/ros2_ws/src/install/camera/share/camera/local_setup.dsv
[0.770s] -- Installing: /home/fishros/ros2_ws/src/install/camera/share/camera/package.dsv
[0.770s] -- Installing: /home/fishros/ros2_ws/src/install/camera/share/ament_index/resource_index/packages/camera
[0.770s] -- Installing: /home/fishros/ros2_ws/src/install/camera/share/camera/cmake/cameraConfig.cmake
[0.770s] -- Installing: /home/fishros/ros2_ws/src/install/camera/share/camera/cmake/cameraConfig-version.cmake
[0.770s] -- Installing: /home/fishros/ros2_ws/src/install/camera/share/camera/package.xml
[0.771s] Invoked command in '/home/fishros/ros2_ws/src/build/camera' returned '0': CMAKE_PREFIX_PATH=/opt/ros/humble /usr/bin/cmake --install /home/fishros/ros2_ws/src/build/camera
