[0.379s] DEBUG:colcon:Command line arguments: ['/usr/bin/colcon', 'build']
[0.379s] DEBUG:colcon:Parsed command line arguments: Namespace(log_base=None, log_level=None, verb_name='build', build_base='build', install_base='install', merge_install=False, symlink_install=False, test_result_base=None, continue_on_error=False, executor='parallel', parallel_workers=20, event_handlers=None, ignore_user_meta=False, metas=['./colcon.meta'], base_paths=['.'], packages_ignore=None, packages_ignore_regex=None, paths=None, packages_up_to=None, packages_up_to_regex=None, packages_above=None, packages_above_and_dependencies=None, packages_above_depth=None, packages_select_by_dep=None, packages_skip_by_dep=None, packages_skip_up_to=None, packages_select_build_failed=False, packages_skip_build_finished=False, packages_select_test_failures=False, packages_skip_test_passed=False, packages_select=None, packages_skip=None, packages_select_regex=None, packages_skip_regex=None, packages_start=None, packages_end=None, allow_overriding=[], cmake_args=None, cmake_target=None, cmake_target_skip_unavailable=False, cmake_clean_cache=False, cmake_clean_first=False, cmake_force_configure=False, ament_cmake_args=None, catkin_cmake_args=None, catkin_skip_building_tests=False, verb_parser=<colcon_defaults.argument_parser.defaults.DefaultArgumentsDecorator object at 0x7f80998eca60>, verb_extension=<colcon_core.verb.build.BuildVerb object at 0x7f8099871f90>, main=<bound method BuildVerb.main of <colcon_core.verb.build.BuildVerb object at 0x7f8099871f90>>)
[0.398s] Level 1:colcon.colcon_core.package_discovery:discover_packages(colcon_meta) check parameters
[0.398s] Level 1:colcon.colcon_core.package_discovery:discover_packages(recursive) check parameters
[0.398s] Level 1:colcon.colcon_core.package_discovery:discover_packages(ignore) check parameters
[0.398s] Level 1:colcon.colcon_core.package_discovery:discover_packages(path) check parameters
[0.398s] Level 1:colcon.colcon_core.package_discovery:discover_packages(colcon_meta) discover
[0.398s] Level 1:colcon.colcon_core.package_discovery:discover_packages(recursive) discover
[0.398s] INFO:colcon.colcon_core.package_discovery:Crawling recursively for packages in '/home/fishros/ros2_ws'
[0.398s] Level 1:colcon.colcon_core.package_identification:_identify(.) by extensions ['ignore', 'ignore_ament_install']
[0.398s] Level 1:colcon.colcon_core.package_identification:_identify(.) by extension 'ignore'
[0.398s] Level 1:colcon.colcon_core.package_identification:_identify(.) by extension 'ignore_ament_install'
[0.398s] Level 1:colcon.colcon_core.package_identification:_identify(.) by extensions ['colcon_pkg']
[0.398s] Level 1:colcon.colcon_core.package_identification:_identify(.) by extension 'colcon_pkg'
[0.398s] Level 1:colcon.colcon_core.package_identification:_identify(.) by extensions ['colcon_meta']
[0.398s] Level 1:colcon.colcon_core.package_identification:_identify(.) by extension 'colcon_meta'
[0.398s] Level 1:colcon.colcon_core.package_identification:_identify(.) by extensions ['ros']
[0.398s] Level 1:colcon.colcon_core.package_identification:_identify(.) by extension 'ros'
[0.403s] Level 1:colcon.colcon_core.package_identification:_identify(.) by extensions ['cmake', 'python']
[0.403s] Level 1:colcon.colcon_core.package_identification:_identify(.) by extension 'cmake'
[0.403s] Level 1:colcon.colcon_core.package_identification:_identify(.) by extension 'python'
[0.403s] Level 1:colcon.colcon_core.package_identification:_identify(.) by extensions ['python_setup_py']
[0.403s] Level 1:colcon.colcon_core.package_identification:_identify(.) by extension 'python_setup_py'
[0.404s] Level 1:colcon.colcon_core.package_identification:_identify(build) by extensions ['ignore', 'ignore_ament_install']
[0.404s] Level 1:colcon.colcon_core.package_identification:_identify(build) by extension 'ignore'
[0.404s] Level 1:colcon.colcon_core.package_identification:_identify(build) ignored
[0.404s] Level 1:colcon.colcon_core.package_identification:_identify(install) by extensions ['ignore', 'ignore_ament_install']
[0.404s] Level 1:colcon.colcon_core.package_identification:_identify(install) by extension 'ignore'
[0.404s] Level 1:colcon.colcon_core.package_identification:_identify(install) ignored
[0.404s] Level 1:colcon.colcon_core.package_identification:_identify(log) by extensions ['ignore', 'ignore_ament_install']
[0.404s] Level 1:colcon.colcon_core.package_identification:_identify(log) by extension 'ignore'
[0.404s] Level 1:colcon.colcon_core.package_identification:_identify(log) ignored
[0.404s] Level 1:colcon.colcon_core.package_identification:_identify(src) by extensions ['ignore', 'ignore_ament_install']
[0.404s] Level 1:colcon.colcon_core.package_identification:_identify(src) by extension 'ignore'
[0.404s] Level 1:colcon.colcon_core.package_identification:_identify(src) by extension 'ignore_ament_install'
[0.404s] Level 1:colcon.colcon_core.package_identification:_identify(src) by extensions ['colcon_pkg']
[0.404s] Level 1:colcon.colcon_core.package_identification:_identify(src) by extension 'colcon_pkg'
[0.404s] Level 1:colcon.colcon_core.package_identification:_identify(src) by extensions ['colcon_meta']
[0.404s] Level 1:colcon.colcon_core.package_identification:_identify(src) by extension 'colcon_meta'
[0.404s] Level 1:colcon.colcon_core.package_identification:_identify(src) by extensions ['ros']
[0.404s] Level 1:colcon.colcon_core.package_identification:_identify(src) by extension 'ros'
[0.404s] Level 1:colcon.colcon_core.package_identification:_identify(src) by extensions ['cmake', 'python']
[0.404s] Level 1:colcon.colcon_core.package_identification:_identify(src) by extension 'cmake'
[0.404s] Level 1:colcon.colcon_core.package_identification:_identify(src) by extension 'python'
[0.404s] Level 1:colcon.colcon_core.package_identification:_identify(src) by extensions ['python_setup_py']
[0.404s] Level 1:colcon.colcon_core.package_identification:_identify(src) by extension 'python_setup_py'
[0.404s] Level 1:colcon.colcon_core.package_identification:_identify(src/build) by extensions ['ignore', 'ignore_ament_install']
[0.404s] Level 1:colcon.colcon_core.package_identification:_identify(src/build) by extension 'ignore'
[0.404s] Level 1:colcon.colcon_core.package_identification:_identify(src/build) ignored
[0.404s] Level 1:colcon.colcon_core.package_identification:_identify(src/camera) by extensions ['ignore', 'ignore_ament_install']
[0.404s] Level 1:colcon.colcon_core.package_identification:_identify(src/camera) by extension 'ignore'
[0.404s] Level 1:colcon.colcon_core.package_identification:_identify(src/camera) by extension 'ignore_ament_install'
[0.404s] Level 1:colcon.colcon_core.package_identification:_identify(src/camera) by extensions ['colcon_pkg']
[0.404s] Level 1:colcon.colcon_core.package_identification:_identify(src/camera) by extension 'colcon_pkg'
[0.404s] Level 1:colcon.colcon_core.package_identification:_identify(src/camera) by extensions ['colcon_meta']
[0.404s] Level 1:colcon.colcon_core.package_identification:_identify(src/camera) by extension 'colcon_meta'
[0.404s] Level 1:colcon.colcon_core.package_identification:_identify(src/camera) by extensions ['ros']
[0.404s] Level 1:colcon.colcon_core.package_identification:_identify(src/camera) by extension 'ros'
[0.406s] DEBUG:colcon.colcon_core.package_identification:Package 'src/camera' with type 'ros.ament_cmake' and name 'camera'
[0.406s] Level 1:colcon.colcon_core.package_identification:_identify(src/imodo) by extensions ['ignore', 'ignore_ament_install']
[0.406s] Level 1:colcon.colcon_core.package_identification:_identify(src/imodo) by extension 'ignore'
[0.406s] Level 1:colcon.colcon_core.package_identification:_identify(src/imodo) by extension 'ignore_ament_install'
[0.406s] Level 1:colcon.colcon_core.package_identification:_identify(src/imodo) by extensions ['colcon_pkg']
[0.406s] Level 1:colcon.colcon_core.package_identification:_identify(src/imodo) by extension 'colcon_pkg'
[0.406s] Level 1:colcon.colcon_core.package_identification:_identify(src/imodo) by extensions ['colcon_meta']
[0.406s] Level 1:colcon.colcon_core.package_identification:_identify(src/imodo) by extension 'colcon_meta'
[0.406s] Level 1:colcon.colcon_core.package_identification:_identify(src/imodo) by extensions ['ros']
[0.406s] Level 1:colcon.colcon_core.package_identification:_identify(src/imodo) by extension 'ros'
[0.406s] DEBUG:colcon.colcon_core.package_identification:Package 'src/imodo' with type 'ros.ament_cmake' and name 'imodo'
[0.406s] Level 1:colcon.colcon_core.package_identification:_identify(src/install) by extensions ['ignore', 'ignore_ament_install']
[0.406s] Level 1:colcon.colcon_core.package_identification:_identify(src/install) by extension 'ignore'
[0.406s] Level 1:colcon.colcon_core.package_identification:_identify(src/install) ignored
[0.406s] Level 1:colcon.colcon_core.package_identification:_identify(src/log) by extensions ['ignore', 'ignore_ament_install']
[0.406s] Level 1:colcon.colcon_core.package_identification:_identify(src/log) by extension 'ignore'
[0.406s] Level 1:colcon.colcon_core.package_identification:_identify(src/log) ignored
[0.406s] Level 1:colcon.colcon_core.package_discovery:discover_packages(recursive) using defaults
[0.406s] Level 1:colcon.colcon_core.package_discovery:discover_packages(ignore) discover
[0.406s] Level 1:colcon.colcon_core.package_discovery:discover_packages(ignore) using defaults
[0.406s] Level 1:colcon.colcon_core.package_discovery:discover_packages(path) discover
[0.406s] Level 1:colcon.colcon_core.package_discovery:discover_packages(path) using defaults
[0.441s] Level 1:colcon.colcon_core.package_discovery:discover_packages(prefix_path) check parameters
[0.442s] Level 1:colcon.colcon_core.package_discovery:discover_packages(prefix_path) discover
[0.453s] DEBUG:colcon.colcon_installed_package_information.package_discovery:Found 2 installed packages in /home/fishros/ros2_ws/install
[0.459s] DEBUG:colcon.colcon_installed_package_information.package_discovery:Found 328 installed packages in /opt/ros/humble
[0.459s] Level 1:colcon.colcon_core.package_discovery:discover_packages(prefix_path) using defaults
[0.500s] Level 5:colcon.colcon_core.verb:set package 'camera' build argument 'cmake_args' from command line to 'None'
[0.500s] Level 5:colcon.colcon_core.verb:set package 'camera' build argument 'cmake_target' from command line to 'None'
[0.500s] Level 5:colcon.colcon_core.verb:set package 'camera' build argument 'cmake_target_skip_unavailable' from command line to 'False'
[0.500s] Level 5:colcon.colcon_core.verb:set package 'camera' build argument 'cmake_clean_cache' from command line to 'False'
[0.500s] Level 5:colcon.colcon_core.verb:set package 'camera' build argument 'cmake_clean_first' from command line to 'False'
[0.500s] Level 5:colcon.colcon_core.verb:set package 'camera' build argument 'cmake_force_configure' from command line to 'False'
[0.500s] Level 5:colcon.colcon_core.verb:set package 'camera' build argument 'ament_cmake_args' from command line to 'None'
[0.500s] Level 5:colcon.colcon_core.verb:set package 'camera' build argument 'catkin_cmake_args' from command line to 'None'
[0.500s] Level 5:colcon.colcon_core.verb:set package 'camera' build argument 'catkin_skip_building_tests' from command line to 'False'
[0.501s] DEBUG:colcon.colcon_core.verb:Building package 'camera' with the following arguments: {'ament_cmake_args': None, 'build_base': '/home/fishros/ros2_ws/build/camera', 'catkin_cmake_args': None, 'catkin_skip_building_tests': False, 'cmake_args': None, 'cmake_clean_cache': False, 'cmake_clean_first': False, 'cmake_force_configure': False, 'cmake_target': None, 'cmake_target_skip_unavailable': False, 'install_base': '/home/fishros/ros2_ws/install/camera', 'merge_install': False, 'path': '/home/fishros/ros2_ws/src/camera', 'symlink_install': False, 'test_result_base': None}
[0.506s] Level 5:colcon.colcon_core.verb:set package 'imodo' build argument 'cmake_args' from command line to 'None'
[0.506s] Level 5:colcon.colcon_core.verb:set package 'imodo' build argument 'cmake_target' from command line to 'None'
[0.506s] Level 5:colcon.colcon_core.verb:set package 'imodo' build argument 'cmake_target_skip_unavailable' from command line to 'False'
[0.506s] Level 5:colcon.colcon_core.verb:set package 'imodo' build argument 'cmake_clean_cache' from command line to 'False'
[0.506s] Level 5:colcon.colcon_core.verb:set package 'imodo' build argument 'cmake_clean_first' from command line to 'False'
[0.506s] Level 5:colcon.colcon_core.verb:set package 'imodo' build argument 'cmake_force_configure' from command line to 'False'
[0.506s] Level 5:colcon.colcon_core.verb:set package 'imodo' build argument 'ament_cmake_args' from command line to 'None'
[0.506s] Level 5:colcon.colcon_core.verb:set package 'imodo' build argument 'catkin_cmake_args' from command line to 'None'
[0.506s] Level 5:colcon.colcon_core.verb:set package 'imodo' build argument 'catkin_skip_building_tests' from command line to 'False'
[0.506s] DEBUG:colcon.colcon_core.verb:Building package 'imodo' with the following arguments: {'ament_cmake_args': None, 'build_base': '/home/fishros/ros2_ws/build/imodo', 'catkin_cmake_args': None, 'catkin_skip_building_tests': False, 'cmake_args': None, 'cmake_clean_cache': False, 'cmake_clean_first': False, 'cmake_force_configure': False, 'cmake_target': None, 'cmake_target_skip_unavailable': False, 'install_base': '/home/fishros/ros2_ws/install/imodo', 'merge_install': False, 'path': '/home/fishros/ros2_ws/src/imodo', 'symlink_install': False, 'test_result_base': None}
[0.511s] INFO:colcon.colcon_core.executor:Executing jobs using 'parallel' executor
[0.517s] DEBUG:colcon.colcon_parallel_executor.executor.parallel:run_until_complete
[0.517s] INFO:colcon.colcon_ros.task.ament_cmake.build:Building ROS package in '/home/fishros/ros2_ws/src/camera' with build type 'ament_cmake'
[0.517s] INFO:colcon.colcon_cmake.task.cmake.build:Building CMake package in '/home/fishros/ros2_ws/src/camera'
[0.524s] INFO:colcon.colcon_core.plugin_system:Skipping extension 'colcon_core.shell.bat': Not used on non-Windows systems
[0.524s] INFO:colcon.colcon_core.shell:Skip shell extension 'powershell' for command environment: Not usable outside of PowerShell
[0.524s] DEBUG:colcon.colcon_core.shell:Skip shell extension 'dsv' for command environment
[0.541s] INFO:colcon.colcon_ros.task.ament_cmake.build:Building ROS package in '/home/fishros/ros2_ws/src/imodo' with build type 'ament_cmake'
[0.541s] INFO:colcon.colcon_cmake.task.cmake.build:Building CMake package in '/home/fishros/ros2_ws/src/imodo'
[0.547s] INFO:colcon.colcon_core.shell:Skip shell extension 'powershell' for command environment: Not usable outside of PowerShell
[0.547s] DEBUG:colcon.colcon_core.shell:Skip shell extension 'dsv' for command environment
[0.568s] DEBUG:colcon.colcon_core.event_handler.log_command:Invoking command in '/home/fishros/ros2_ws/build/camera': CMAKE_PREFIX_PATH=${CMAKE_PREFIX_PATH}:/opt/ros/humble /usr/bin/cmake --build /home/fishros/ros2_ws/build/camera -- -j20 -l20
[0.569s] DEBUG:colcon.colcon_core.event_handler.log_command:Invoking command in '/home/fishros/ros2_ws/build/imodo': CMAKE_PREFIX_PATH=${CMAKE_PREFIX_PATH}:/opt/ros/humble /usr/bin/cmake --build /home/fishros/ros2_ws/build/imodo -- -j20 -l20
[0.598s] DEBUG:colcon.colcon_core.event_handler.log_command:Invoked command in '/home/fishros/ros2_ws/build/camera' returned '0': CMAKE_PREFIX_PATH=${CMAKE_PREFIX_PATH}:/opt/ros/humble /usr/bin/cmake --build /home/fishros/ros2_ws/build/camera -- -j20 -l20
[0.611s] DEBUG:colcon.colcon_core.event_handler.log_command:Invoking command in '/home/fishros/ros2_ws/build/camera': CMAKE_PREFIX_PATH=${CMAKE_PREFIX_PATH}:/opt/ros/humble /usr/bin/cmake --install /home/fishros/ros2_ws/build/camera
[0.616s] Level 1:colcon.colcon_core.environment:create_environment_scripts_only(camera)
[0.616s] DEBUG:colcon.colcon_core.event_handler.log_command:Invoked command in '/home/fishros/ros2_ws/build/camera' returned '0': CMAKE_PREFIX_PATH=${CMAKE_PREFIX_PATH}:/opt/ros/humble /usr/bin/cmake --install /home/fishros/ros2_ws/build/camera
[0.622s] Level 1:colcon.colcon_core.environment:checking '/home/fishros/ros2_ws/install/camera' for CMake module files
[0.623s] Level 1:colcon.colcon_core.environment:checking '/home/fishros/ros2_ws/install/camera' for CMake config files
[0.623s] Level 1:colcon.colcon_core.shell:create_environment_hook('camera', 'cmake_prefix_path')
[0.636s] INFO:colcon.colcon_core.shell:Creating environment hook '/home/fishros/ros2_ws/install/camera/share/camera/hook/cmake_prefix_path.ps1'
[0.636s] INFO:colcon.colcon_core.shell:Creating environment descriptor '/home/fishros/ros2_ws/install/camera/share/camera/hook/cmake_prefix_path.dsv'
[0.636s] INFO:colcon.colcon_core.shell:Creating environment hook '/home/fishros/ros2_ws/install/camera/share/camera/hook/cmake_prefix_path.sh'
[0.637s] Level 1:colcon.colcon_core.environment:checking '/home/fishros/ros2_ws/install/camera/lib'
[0.637s] Level 1:colcon.colcon_core.environment:checking '/home/fishros/ros2_ws/install/camera/bin'
[0.637s] Level 1:colcon.colcon_core.environment:checking '/home/fishros/ros2_ws/install/camera/lib/pkgconfig/camera.pc'
[0.637s] Level 1:colcon.colcon_core.environment:checking '/home/fishros/ros2_ws/install/camera/lib/python3.10/site-packages'
[0.637s] Level 1:colcon.colcon_core.environment:checking '/home/fishros/ros2_ws/install/camera/bin'
[0.643s] INFO:colcon.colcon_core.shell:Creating package script '/home/fishros/ros2_ws/install/camera/share/camera/package.ps1'
[0.643s] INFO:colcon.colcon_core.shell:Creating package descriptor '/home/fishros/ros2_ws/install/camera/share/camera/package.dsv'
[0.643s] INFO:colcon.colcon_core.shell:Creating package script '/home/fishros/ros2_ws/install/camera/share/camera/package.sh'
[0.644s] INFO:colcon.colcon_core.shell:Creating package script '/home/fishros/ros2_ws/install/camera/share/camera/package.bash'
[0.644s] INFO:colcon.colcon_core.shell:Creating package script '/home/fishros/ros2_ws/install/camera/share/camera/package.zsh'
[0.644s] Level 1:colcon.colcon_core.environment:create_file_with_runtime_dependencies(/home/fishros/ros2_ws/install/camera/share/colcon-core/packages/camera)
[0.665s] Level 1:colcon.colcon_core.environment:create_environment_scripts_only(camera)
[0.670s] Level 1:colcon.colcon_core.environment:checking '/home/fishros/ros2_ws/install/camera' for CMake module files
[0.671s] Level 1:colcon.colcon_core.environment:checking '/home/fishros/ros2_ws/install/camera' for CMake config files
[0.671s] Level 1:colcon.colcon_core.shell:create_environment_hook('camera', 'cmake_prefix_path')
[0.676s] INFO:colcon.colcon_core.shell:Creating environment hook '/home/fishros/ros2_ws/install/camera/share/camera/hook/cmake_prefix_path.ps1'
[0.676s] INFO:colcon.colcon_core.shell:Creating environment descriptor '/home/fishros/ros2_ws/install/camera/share/camera/hook/cmake_prefix_path.dsv'
[0.677s] INFO:colcon.colcon_core.shell:Creating environment hook '/home/fishros/ros2_ws/install/camera/share/camera/hook/cmake_prefix_path.sh'
[0.677s] Level 1:colcon.colcon_core.environment:checking '/home/fishros/ros2_ws/install/camera/lib'
[0.677s] Level 1:colcon.colcon_core.environment:checking '/home/fishros/ros2_ws/install/camera/bin'
[0.677s] Level 1:colcon.colcon_core.environment:checking '/home/fishros/ros2_ws/install/camera/lib/pkgconfig/camera.pc'
[0.677s] Level 1:colcon.colcon_core.environment:checking '/home/fishros/ros2_ws/install/camera/lib/python3.10/site-packages'
[0.677s] Level 1:colcon.colcon_core.environment:checking '/home/fishros/ros2_ws/install/camera/bin'
[0.682s] INFO:colcon.colcon_core.shell:Creating package script '/home/fishros/ros2_ws/install/camera/share/camera/package.ps1'
[0.683s] INFO:colcon.colcon_core.shell:Creating package descriptor '/home/fishros/ros2_ws/install/camera/share/camera/package.dsv'
[0.683s] INFO:colcon.colcon_core.shell:Creating package script '/home/fishros/ros2_ws/install/camera/share/camera/package.sh'
[0.686s] INFO:colcon.colcon_core.shell:Creating package script '/home/fishros/ros2_ws/install/camera/share/camera/package.bash'
[0.686s] INFO:colcon.colcon_core.shell:Creating package script '/home/fishros/ros2_ws/install/camera/share/camera/package.zsh'
[0.687s] Level 1:colcon.colcon_core.environment:create_file_with_runtime_dependencies(/home/fishros/ros2_ws/install/camera/share/colcon-core/packages/camera)
[1.100s] DEBUG:colcon.colcon_core.event_handler.log_command:Invoked command in '/home/fishros/ros2_ws/build/imodo' returned '2': CMAKE_PREFIX_PATH=${CMAKE_PREFIX_PATH}:/opt/ros/humble /usr/bin/cmake --build /home/fishros/ros2_ws/build/imodo -- -j20 -l20
[1.114s] Level 1:colcon.colcon_core.environment:create_environment_scripts_only(imodo)
[1.119s] Level 1:colcon.colcon_core.environment:checking '/home/fishros/ros2_ws/install/imodo' for CMake module files
[1.119s] Level 1:colcon.colcon_core.environment:checking '/home/fishros/ros2_ws/install/imodo' for CMake config files
[1.120s] Level 1:colcon.colcon_core.shell:create_environment_hook('imodo', 'cmake_prefix_path')
[1.125s] INFO:colcon.colcon_core.shell:Creating environment hook '/home/fishros/ros2_ws/install/imodo/share/imodo/hook/cmake_prefix_path.ps1'
[1.126s] INFO:colcon.colcon_core.shell:Creating environment descriptor '/home/fishros/ros2_ws/install/imodo/share/imodo/hook/cmake_prefix_path.dsv'
[1.126s] INFO:colcon.colcon_core.shell:Creating environment hook '/home/fishros/ros2_ws/install/imodo/share/imodo/hook/cmake_prefix_path.sh'
[1.126s] Level 1:colcon.colcon_core.environment:checking '/home/fishros/ros2_ws/install/imodo/bin'
[1.126s] Level 1:colcon.colcon_core.environment:checking '/home/fishros/ros2_ws/install/imodo/lib/pkgconfig/imodo.pc'
[1.126s] Level 1:colcon.colcon_core.environment:checking '/home/fishros/ros2_ws/install/imodo/lib/python3.10/site-packages'
[1.126s] Level 1:colcon.colcon_core.environment:checking '/home/fishros/ros2_ws/install/imodo/bin'
[1.132s] INFO:colcon.colcon_core.shell:Creating package script '/home/fishros/ros2_ws/install/imodo/share/imodo/package.ps1'
[1.132s] INFO:colcon.colcon_core.shell:Creating package descriptor '/home/fishros/ros2_ws/install/imodo/share/imodo/package.dsv'
[1.133s] INFO:colcon.colcon_core.shell:Creating package script '/home/fishros/ros2_ws/install/imodo/share/imodo/package.sh'
[1.135s] INFO:colcon.colcon_core.shell:Creating package script '/home/fishros/ros2_ws/install/imodo/share/imodo/package.bash'
[1.136s] INFO:colcon.colcon_core.shell:Creating package script '/home/fishros/ros2_ws/install/imodo/share/imodo/package.zsh'
[1.136s] Level 1:colcon.colcon_core.environment:create_file_with_runtime_dependencies(/home/fishros/ros2_ws/install/imodo/share/colcon-core/packages/imodo)
[1.146s] DEBUG:colcon.colcon_parallel_executor.executor.parallel:closing loop
[1.146s] DEBUG:colcon.colcon_parallel_executor.executor.parallel:loop closed
[1.146s] DEBUG:colcon.colcon_parallel_executor.executor.parallel:run_until_complete finished with '2'
[1.146s] DEBUG:colcon.colcon_core.event_reactor:joining thread
[1.154s] INFO:colcon.colcon_core.plugin_system:Skipping extension 'colcon_notification.desktop_notification.terminal_notifier': Not used on non-Darwin systems
[1.154s] INFO:colcon.colcon_core.plugin_system:Skipping extension 'colcon_notification.desktop_notification.win32': Not used on non-Windows systems
[1.154s] INFO:colcon.colcon_notification.desktop_notification:Sending desktop notification using 'notify2'
[1.162s] DEBUG:colcon.colcon_core.event_reactor:joined thread
[1.168s] INFO:colcon.colcon_core.shell:Creating prefix script '/home/fishros/ros2_ws/install/local_setup.ps1'
[1.168s] INFO:colcon.colcon_core.shell:Creating prefix util module '/home/fishros/ros2_ws/install/_local_setup_util_ps1.py'
[1.169s] INFO:colcon.colcon_core.shell:Creating prefix chain script '/home/fishros/ros2_ws/install/setup.ps1'
[1.175s] INFO:colcon.colcon_core.shell:Creating prefix script '/home/fishros/ros2_ws/install/local_setup.sh'
[1.175s] INFO:colcon.colcon_core.shell:Creating prefix util module '/home/fishros/ros2_ws/install/_local_setup_util_sh.py'
[1.175s] INFO:colcon.colcon_core.shell:Creating prefix chain script '/home/fishros/ros2_ws/install/setup.sh'
[1.182s] INFO:colcon.colcon_core.shell:Creating prefix script '/home/fishros/ros2_ws/install/local_setup.bash'
[1.182s] INFO:colcon.colcon_core.shell:Creating prefix chain script '/home/fishros/ros2_ws/install/setup.bash'
[1.188s] INFO:colcon.colcon_core.shell:Creating prefix script '/home/fishros/ros2_ws/install/local_setup.zsh'
[1.189s] INFO:colcon.colcon_core.shell:Creating prefix chain script '/home/fishros/ros2_ws/install/setup.zsh'
