[0.032s] Invoking command in '/home/fishros/ros2_ws/src/build/imodo': CMAKE_PREFIX_PATH=${CMAKE_PREFIX_PATH}:/opt/ros/humble /usr/bin/cmake --build /home/fishros/ros2_ws/src/build/imodo -- -j20 -l20
[0.043s] -- Found rclcpp: 16.0.7 (/opt/ros/humble/share/rclcpp/cmake)
[0.132s] -- Found rosidl_generator_c: 3.1.5 (/opt/ros/humble/share/rosidl_generator_c/cmake)
[0.132s] -- Found rosidl_adapter: 3.1.5 (/opt/ros/humble/share/rosidl_adapter/cmake)
[0.135s] -- Found rosidl_generator_cpp: 3.1.5 (/opt/ros/humble/share/rosidl_generator_cpp/cmake)
[0.141s] -- Using all available rosidl_typesupport_c: rosidl_typesupport_fastrtps_c;rosidl_typesupport_introspection_c
[0.148s] -- Using all available rosidl_typesupport_cpp: rosidl_typesupport_fastrtps_cpp;rosidl_typesupport_introspection_cpp
[0.176s] -- Found rmw_implementation_cmake: 6.1.1 (/opt/ros/humble/share/rmw_implementation_cmake/cmake)
[0.177s] -- Found rmw_fastrtps_cpp: 6.2.5 (/opt/ros/humble/share/rmw_fastrtps_cpp/cmake)
[0.232s] -- Using RMW implementation 'rmw_fastrtps_cpp' as default
[0.311s] -- Found sensor_msgs: 4.2.3 (/opt/ros/humble/share/sensor_msgs/cmake)
[0.375s] -- Found nav_msgs: 4.2.3 (/opt/ros/humble/share/nav_msgs/cmake)
[0.420s] -- Found ament_lint_auto: 0.12.9 (/opt/ros/humble/share/ament_lint_auto/cmake)
[0.454s] -- Added test 'cppcheck' to perform static code analysis on C / C++ code
[0.454s] -- Configured cppcheck include dirs: 
[0.454s] -- Configured cppcheck exclude dirs and/or files: 
[0.454s] -- Added test 'lint_cmake' to check CMake code style
[0.454s] -- Added test 'uncrustify' to check C / C++ code style
[0.454s] -- Configured uncrustify additional arguments: 
[0.454s] -- Added test 'xmllint' to check XML markup files
[0.454s] -- Configuring done
[0.462s] -- Generating done
[0.464s] -- Build files have been written to: /home/fishros/ros2_ws/src/build/imodo
[0.480s] [ 50%] [32mBuilding CXX object CMakeFiles/imodo.dir/src/imodo.cpp.o[0m
[6.094s] [100%] [32m[1mLinking CXX executable imodo[0m
[6.347s] [100%] Built target imodo
[6.353s] Invoked command in '/home/fishros/ros2_ws/src/build/imodo' returned '0': CMAKE_PREFIX_PATH=${CMAKE_PREFIX_PATH}:/opt/ros/humble /usr/bin/cmake --build /home/fishros/ros2_ws/src/build/imodo -- -j20 -l20
[6.365s] Invoking command in '/home/fishros/ros2_ws/src/build/imodo': CMAKE_PREFIX_PATH=${CMAKE_PREFIX_PATH}:/opt/ros/humble /usr/bin/cmake --install /home/fishros/ros2_ws/src/build/imodo
[6.368s] -- Install configuration: ""
[6.368s] -- Installing: /home/fishros/ros2_ws/src/install/imodo/share/ament_index/resource_index/package_run_dependencies/imodo
[6.368s] -- Installing: /home/fishros/ros2_ws/src/install/imodo/share/ament_index/resource_index/parent_prefix_path/imodo
[6.368s] -- Installing: /home/fishros/ros2_ws/src/install/imodo/share/imodo/environment/ament_prefix_path.sh
[6.368s] -- Installing: /home/fishros/ros2_ws/src/install/imodo/share/imodo/environment/ament_prefix_path.dsv
[6.369s] -- Installing: /home/fishros/ros2_ws/src/install/imodo/share/imodo/environment/path.sh
[6.369s] -- Installing: /home/fishros/ros2_ws/src/install/imodo/share/imodo/environment/path.dsv
[6.369s] -- Installing: /home/fishros/ros2_ws/src/install/imodo/share/imodo/local_setup.bash
[6.369s] -- Installing: /home/fishros/ros2_ws/src/install/imodo/share/imodo/local_setup.sh
[6.369s] -- Installing: /home/fishros/ros2_ws/src/install/imodo/share/imodo/local_setup.zsh
[6.369s] -- Installing: /home/fishros/ros2_ws/src/install/imodo/share/imodo/local_setup.dsv
[6.369s] -- Installing: /home/fishros/ros2_ws/src/install/imodo/share/imodo/package.dsv
[6.369s] -- Installing: /home/fishros/ros2_ws/src/install/imodo/share/ament_index/resource_index/packages/imodo
[6.369s] -- Installing: /home/fishros/ros2_ws/src/install/imodo/share/imodo/cmake/imodoConfig.cmake
[6.369s] -- Installing: /home/fishros/ros2_ws/src/install/imodo/share/imodo/cmake/imodoConfig-version.cmake
[6.369s] -- Installing: /home/fishros/ros2_ws/src/install/imodo/share/imodo/package.xml
[6.370s] Invoked command in '/home/fishros/ros2_ws/src/build/imodo' returned '0': CMAKE_PREFIX_PATH=${CMAKE_PREFIX_PATH}:/opt/ros/humble /usr/bin/cmake --install /home/fishros/ros2_ws/src/build/imodo
