[0.398s] DEBUG:colcon:Command line arguments: ['/usr/bin/colcon', 'build', '--packages-select', 'imodo']
[0.398s] DEBUG:colcon:Parsed command line arguments: Namespace(log_base=None, log_level=None, verb_name='build', build_base='build', install_base='install', merge_install=False, symlink_install=False, test_result_base=None, continue_on_error=False, executor='parallel', parallel_workers=20, event_handlers=None, ignore_user_meta=False, metas=['./colcon.meta'], base_paths=['.'], packages_ignore=None, packages_ignore_regex=None, paths=None, packages_up_to=None, packages_up_to_regex=None, packages_above=None, packages_above_and_dependencies=None, packages_above_depth=None, packages_select_by_dep=None, packages_skip_by_dep=None, packages_skip_up_to=None, packages_select_build_failed=False, packages_skip_build_finished=False, packages_select_test_failures=False, packages_skip_test_passed=False, packages_select=['imodo'], packages_skip=None, packages_select_regex=None, packages_skip_regex=None, packages_start=None, packages_end=None, allow_overriding=[], cmake_args=None, cmake_target=None, cmake_target_skip_unavailable=False, cmake_clean_cache=False, cmake_clean_first=False, cmake_force_configure=False, ament_cmake_args=None, catkin_cmake_args=None, catkin_skip_building_tests=False, verb_parser=<colcon_defaults.argument_parser.defaults.DefaultArgumentsDecorator object at 0x7fddfcfd0a60>, verb_extension=<colcon_core.verb.build.BuildVerb object at 0x7fddfcf56020>, main=<bound method BuildVerb.main of <colcon_core.verb.build.BuildVerb object at 0x7fddfcf56020>>)
[0.418s] Level 1:colcon.colcon_core.package_discovery:discover_packages(colcon_meta) check parameters
[0.418s] Level 1:colcon.colcon_core.package_discovery:discover_packages(recursive) check parameters
[0.418s] Level 1:colcon.colcon_core.package_discovery:discover_packages(ignore) check parameters
[0.418s] Level 1:colcon.colcon_core.package_discovery:discover_packages(path) check parameters
[0.418s] Level 1:colcon.colcon_core.package_discovery:discover_packages(colcon_meta) discover
[0.418s] Level 1:colcon.colcon_core.package_discovery:discover_packages(recursive) discover
[0.418s] INFO:colcon.colcon_core.package_discovery:Crawling recursively for packages in '/home/fishros/ros2_ws/src'
[0.418s] Level 1:colcon.colcon_core.package_identification:_identify(.) by extensions ['ignore', 'ignore_ament_install']
[0.418s] Level 1:colcon.colcon_core.package_identification:_identify(.) by extension 'ignore'
[0.418s] Level 1:colcon.colcon_core.package_identification:_identify(.) by extension 'ignore_ament_install'
[0.418s] Level 1:colcon.colcon_core.package_identification:_identify(.) by extensions ['colcon_pkg']
[0.418s] Level 1:colcon.colcon_core.package_identification:_identify(.) by extension 'colcon_pkg'
[0.418s] Level 1:colcon.colcon_core.package_identification:_identify(.) by extensions ['colcon_meta']
[0.418s] Level 1:colcon.colcon_core.package_identification:_identify(.) by extension 'colcon_meta'
[0.418s] Level 1:colcon.colcon_core.package_identification:_identify(.) by extensions ['ros']
[0.418s] Level 1:colcon.colcon_core.package_identification:_identify(.) by extension 'ros'
[0.424s] Level 1:colcon.colcon_core.package_identification:_identify(.) by extensions ['cmake', 'python']
[0.424s] Level 1:colcon.colcon_core.package_identification:_identify(.) by extension 'cmake'
[0.424s] Level 1:colcon.colcon_core.package_identification:_identify(.) by extension 'python'
[0.424s] Level 1:colcon.colcon_core.package_identification:_identify(.) by extensions ['python_setup_py']
[0.424s] Level 1:colcon.colcon_core.package_identification:_identify(.) by extension 'python_setup_py'
[0.424s] Level 1:colcon.colcon_core.package_identification:_identify(build) by extensions ['ignore', 'ignore_ament_install']
[0.424s] Level 1:colcon.colcon_core.package_identification:_identify(build) by extension 'ignore'
[0.424s] Level 1:colcon.colcon_core.package_identification:_identify(build) ignored
[0.424s] Level 1:colcon.colcon_core.package_identification:_identify(camera) by extensions ['ignore', 'ignore_ament_install']
[0.424s] Level 1:colcon.colcon_core.package_identification:_identify(camera) by extension 'ignore'
[0.424s] Level 1:colcon.colcon_core.package_identification:_identify(camera) by extension 'ignore_ament_install'
[0.424s] Level 1:colcon.colcon_core.package_identification:_identify(camera) by extensions ['colcon_pkg']
[0.424s] Level 1:colcon.colcon_core.package_identification:_identify(camera) by extension 'colcon_pkg'
[0.424s] Level 1:colcon.colcon_core.package_identification:_identify(camera) by extensions ['colcon_meta']
[0.424s] Level 1:colcon.colcon_core.package_identification:_identify(camera) by extension 'colcon_meta'
[0.424s] Level 1:colcon.colcon_core.package_identification:_identify(camera) by extensions ['ros']
[0.424s] Level 1:colcon.colcon_core.package_identification:_identify(camera) by extension 'ros'
[0.426s] DEBUG:colcon.colcon_core.package_identification:Package 'camera' with type 'ros.ament_cmake' and name 'camera'
[0.426s] Level 1:colcon.colcon_core.package_identification:_identify(imodo) by extensions ['ignore', 'ignore_ament_install']
[0.426s] Level 1:colcon.colcon_core.package_identification:_identify(imodo) by extension 'ignore'
[0.426s] Level 1:colcon.colcon_core.package_identification:_identify(imodo) by extension 'ignore_ament_install'
[0.426s] Level 1:colcon.colcon_core.package_identification:_identify(imodo) by extensions ['colcon_pkg']
[0.426s] Level 1:colcon.colcon_core.package_identification:_identify(imodo) by extension 'colcon_pkg'
[0.426s] Level 1:colcon.colcon_core.package_identification:_identify(imodo) by extensions ['colcon_meta']
[0.426s] Level 1:colcon.colcon_core.package_identification:_identify(imodo) by extension 'colcon_meta'
[0.426s] Level 1:colcon.colcon_core.package_identification:_identify(imodo) by extensions ['ros']
[0.426s] Level 1:colcon.colcon_core.package_identification:_identify(imodo) by extension 'ros'
[0.426s] DEBUG:colcon.colcon_core.package_identification:Package 'imodo' with type 'ros.ament_cmake' and name 'imodo'
[0.426s] Level 1:colcon.colcon_core.package_identification:_identify(install) by extensions ['ignore', 'ignore_ament_install']
[0.426s] Level 1:colcon.colcon_core.package_identification:_identify(install) by extension 'ignore'
[0.426s] Level 1:colcon.colcon_core.package_identification:_identify(install) ignored
[0.426s] Level 1:colcon.colcon_core.package_identification:_identify(log) by extensions ['ignore', 'ignore_ament_install']
[0.426s] Level 1:colcon.colcon_core.package_identification:_identify(log) by extension 'ignore'
[0.426s] Level 1:colcon.colcon_core.package_identification:_identify(log) ignored
[0.426s] Level 1:colcon.colcon_core.package_discovery:discover_packages(recursive) using defaults
[0.426s] Level 1:colcon.colcon_core.package_discovery:discover_packages(ignore) discover
[0.426s] Level 1:colcon.colcon_core.package_discovery:discover_packages(ignore) using defaults
[0.426s] Level 1:colcon.colcon_core.package_discovery:discover_packages(path) discover
[0.426s] Level 1:colcon.colcon_core.package_discovery:discover_packages(path) using defaults
[0.453s] INFO:colcon.colcon_core.package_selection:Skipping not selected package 'camera' in 'camera'
[0.464s] Level 1:colcon.colcon_core.package_discovery:discover_packages(prefix_path) check parameters
[0.464s] Level 1:colcon.colcon_core.package_discovery:discover_packages(prefix_path) discover
[0.476s] DEBUG:colcon.colcon_installed_package_information.package_discovery:Found 2 installed packages in /home/fishros/ros2_ws/install
[0.483s] DEBUG:colcon.colcon_installed_package_information.package_discovery:Found 328 installed packages in /opt/ros/humble
[0.483s] Level 1:colcon.colcon_core.package_discovery:discover_packages(prefix_path) using defaults
[0.527s] Level 5:colcon.colcon_core.verb:set package 'imodo' build argument 'cmake_args' from command line to 'None'
[0.527s] Level 5:colcon.colcon_core.verb:set package 'imodo' build argument 'cmake_target' from command line to 'None'
[0.527s] Level 5:colcon.colcon_core.verb:set package 'imodo' build argument 'cmake_target_skip_unavailable' from command line to 'False'
[0.527s] Level 5:colcon.colcon_core.verb:set package 'imodo' build argument 'cmake_clean_cache' from command line to 'False'
[0.527s] Level 5:colcon.colcon_core.verb:set package 'imodo' build argument 'cmake_clean_first' from command line to 'False'
[0.527s] Level 5:colcon.colcon_core.verb:set package 'imodo' build argument 'cmake_force_configure' from command line to 'False'
[0.527s] Level 5:colcon.colcon_core.verb:set package 'imodo' build argument 'ament_cmake_args' from command line to 'None'
[0.527s] Level 5:colcon.colcon_core.verb:set package 'imodo' build argument 'catkin_cmake_args' from command line to 'None'
[0.527s] Level 5:colcon.colcon_core.verb:set package 'imodo' build argument 'catkin_skip_building_tests' from command line to 'False'
[0.527s] DEBUG:colcon.colcon_core.verb:Building package 'imodo' with the following arguments: {'ament_cmake_args': None, 'build_base': '/home/fishros/ros2_ws/src/build/imodo', 'catkin_cmake_args': None, 'catkin_skip_building_tests': False, 'cmake_args': None, 'cmake_clean_cache': False, 'cmake_clean_first': False, 'cmake_force_configure': False, 'cmake_target': None, 'cmake_target_skip_unavailable': False, 'install_base': '/home/fishros/ros2_ws/src/install/imodo', 'merge_install': False, 'path': '/home/fishros/ros2_ws/src/imodo', 'symlink_install': False, 'test_result_base': None}
[0.532s] INFO:colcon.colcon_core.executor:Executing jobs using 'parallel' executor
[0.539s] DEBUG:colcon.colcon_parallel_executor.executor.parallel:run_until_complete
[0.539s] INFO:colcon.colcon_ros.task.ament_cmake.build:Building ROS package in '/home/fishros/ros2_ws/src/imodo' with build type 'ament_cmake'
[0.539s] INFO:colcon.colcon_cmake.task.cmake.build:Building CMake package in '/home/fishros/ros2_ws/src/imodo'
[0.545s] INFO:colcon.colcon_core.plugin_system:Skipping extension 'colcon_core.shell.bat': Not used on non-Windows systems
[0.545s] INFO:colcon.colcon_core.shell:Skip shell extension 'powershell' for command environment: Not usable outside of PowerShell
[0.545s] DEBUG:colcon.colcon_core.shell:Skip shell extension 'dsv' for command environment
[0.568s] DEBUG:colcon.colcon_core.event_handler.log_command:Invoking command in '/home/fishros/ros2_ws/src/build/imodo': CMAKE_PREFIX_PATH=${CMAKE_PREFIX_PATH}:/opt/ros/humble /usr/bin/cmake --build /home/fishros/ros2_ws/src/build/imodo -- -j20 -l20
[0.975s] DEBUG:colcon.colcon_core.event_handler.log_command:Invoked command in '/home/fishros/ros2_ws/src/build/imodo' returned '2': CMAKE_PREFIX_PATH=${CMAKE_PREFIX_PATH}:/opt/ros/humble /usr/bin/cmake --build /home/fishros/ros2_ws/src/build/imodo -- -j20 -l20
[0.990s] Level 1:colcon.colcon_core.environment:create_environment_scripts_only(imodo)
[0.996s] Level 1:colcon.colcon_core.environment:checking '/home/fishros/ros2_ws/src/install/imodo' for CMake module files
[0.996s] Level 1:colcon.colcon_core.environment:checking '/home/fishros/ros2_ws/src/install/imodo' for CMake config files
[0.997s] Level 1:colcon.colcon_core.environment:checking '/home/fishros/ros2_ws/src/install/imodo/bin'
[0.997s] Level 1:colcon.colcon_core.environment:checking '/home/fishros/ros2_ws/src/install/imodo/lib/pkgconfig/imodo.pc'
[0.997s] Level 1:colcon.colcon_core.environment:checking '/home/fishros/ros2_ws/src/install/imodo/lib/python3.10/site-packages'
[0.997s] Level 1:colcon.colcon_core.environment:checking '/home/fishros/ros2_ws/src/install/imodo/bin'
[1.002s] INFO:colcon.colcon_core.shell:Creating package script '/home/fishros/ros2_ws/src/install/imodo/share/imodo/package.ps1'
[1.003s] INFO:colcon.colcon_core.shell:Creating package descriptor '/home/fishros/ros2_ws/src/install/imodo/share/imodo/package.dsv'
[1.003s] INFO:colcon.colcon_core.shell:Creating package script '/home/fishros/ros2_ws/src/install/imodo/share/imodo/package.sh'
[1.003s] INFO:colcon.colcon_core.shell:Creating package script '/home/fishros/ros2_ws/src/install/imodo/share/imodo/package.bash'
[1.004s] INFO:colcon.colcon_core.shell:Creating package script '/home/fishros/ros2_ws/src/install/imodo/share/imodo/package.zsh'
[1.004s] Level 1:colcon.colcon_core.environment:create_file_with_runtime_dependencies(/home/fishros/ros2_ws/src/install/imodo/share/colcon-core/packages/imodo)
[1.014s] DEBUG:colcon.colcon_parallel_executor.executor.parallel:closing loop
[1.014s] DEBUG:colcon.colcon_parallel_executor.executor.parallel:loop closed
[1.014s] DEBUG:colcon.colcon_parallel_executor.executor.parallel:run_until_complete finished with '2'
[1.014s] DEBUG:colcon.colcon_core.event_reactor:joining thread
[1.022s] INFO:colcon.colcon_core.plugin_system:Skipping extension 'colcon_notification.desktop_notification.terminal_notifier': Not used on non-Darwin systems
[1.022s] INFO:colcon.colcon_core.plugin_system:Skipping extension 'colcon_notification.desktop_notification.win32': Not used on non-Windows systems
[1.022s] INFO:colcon.colcon_notification.desktop_notification:Sending desktop notification using 'notify2'
[1.028s] DEBUG:colcon.colcon_core.event_reactor:joined thread
[1.042s] INFO:colcon.colcon_core.shell:Creating prefix script '/home/fishros/ros2_ws/src/install/local_setup.ps1'
[1.043s] INFO:colcon.colcon_core.shell:Creating prefix util module '/home/fishros/ros2_ws/src/install/_local_setup_util_ps1.py'
[1.043s] INFO:colcon.colcon_core.shell:Creating prefix chain script '/home/fishros/ros2_ws/src/install/setup.ps1'
[1.049s] INFO:colcon.colcon_core.shell:Creating prefix script '/home/fishros/ros2_ws/src/install/local_setup.sh'
[1.050s] INFO:colcon.colcon_core.shell:Creating prefix util module '/home/fishros/ros2_ws/src/install/_local_setup_util_sh.py'
[1.050s] INFO:colcon.colcon_core.shell:Creating prefix chain script '/home/fishros/ros2_ws/src/install/setup.sh'
[1.056s] INFO:colcon.colcon_core.shell:Creating prefix script '/home/fishros/ros2_ws/src/install/local_setup.bash'
[1.056s] INFO:colcon.colcon_core.shell:Creating prefix chain script '/home/fishros/ros2_ws/src/install/setup.bash'
[1.062s] INFO:colcon.colcon_core.shell:Creating prefix script '/home/fishros/ros2_ws/src/install/local_setup.zsh'
[1.062s] INFO:colcon.colcon_core.shell:Creating prefix chain script '/home/fishros/ros2_ws/src/install/setup.zsh'
